{"C:\\Users\\raman\\Desktop\\Code-Institute\\Milestone-Project-2\\assets\\scripts\\game-setup.js": {"path":"C:\\Users\\raman\\Desktop\\Code-Institute\\Milestone-Project-2\\assets\\scripts\\game-setup.js","statementMap":{"0":{"start":{"line":7,"column":18},"end":{"line":7,"column":66}},"1":{"start":{"line":8,"column":19},"end":{"line":8,"column":57}},"2":{"start":{"line":9,"column":18},"end":{"line":9,"column":55}},"3":{"start":{"line":10,"column":21},"end":{"line":10,"column":63}},"4":{"start":{"line":11,"column":21},"end":{"line":11,"column":61}},"5":{"start":{"line":12,"column":19},"end":{"line":12,"column":57}},"6":{"start":{"line":14,"column":26},"end":{"line":14,"column":72}},"7":{"start":{"line":15,"column":23},"end":{"line":15,"column":66}},"8":{"start":{"line":16,"column":22},"end":{"line":16,"column":64}},"9":{"start":{"line":17,"column":22},"end":{"line":17,"column":70}},"10":{"start":{"line":18,"column":24},"end":{"line":18,"column":68}},"11":{"start":{"line":19,"column":27},"end":{"line":19,"column":76}},"12":{"start":{"line":22,"column":24},"end":{"line":22,"column":68}},"13":{"start":{"line":23,"column":21},"end":{"line":23,"column":63}},"14":{"start":{"line":24,"column":22},"end":{"line":24,"column":64}},"15":{"start":{"line":27,"column":20},"end":{"line":27,"column":53}},"16":{"start":{"line":28,"column":18},"end":{"line":28,"column":55}},"17":{"start":{"line":29,"column":21},"end":{"line":29,"column":61}},"18":{"start":{"line":40,"column":19},"end":{"line":83,"column":1}},"19":{"start":{"line":85,"column":17},"end":{"line":88,"column":1}},"20":{"start":{"line":94,"column":0},"end":{"line":118,"column":3}},"21":{"start":{"line":95,"column":2},"end":{"line":95,"column":67}},"22":{"start":{"line":96,"column":2},"end":{"line":96,"column":25}},"23":{"start":{"line":97,"column":2},"end":{"line":97,"column":33}},"24":{"start":{"line":98,"column":2},"end":{"line":98,"column":27}},"25":{"start":{"line":101,"column":2},"end":{"line":112,"column":3}},"26":{"start":{"line":102,"column":4},"end":{"line":102,"column":23}},"27":{"start":{"line":103,"column":4},"end":{"line":103,"column":17}},"28":{"start":{"line":105,"column":4},"end":{"line":105,"column":43}},"29":{"start":{"line":106,"column":4},"end":{"line":106,"column":44}},"30":{"start":{"line":107,"column":4},"end":{"line":107,"column":40}},"31":{"start":{"line":108,"column":4},"end":{"line":108,"column":32}},"32":{"start":{"line":109,"column":4},"end":{"line":109,"column":23}},"33":{"start":{"line":110,"column":4},"end":{"line":110,"column":50}},"34":{"start":{"line":111,"column":4},"end":{"line":111,"column":23}},"35":{"start":{"line":114,"column":2},"end":{"line":114,"column":18}},"36":{"start":{"line":115,"column":2},"end":{"line":115,"column":21}},"37":{"start":{"line":116,"column":2},"end":{"line":116,"column":18}},"38":{"start":{"line":117,"column":2},"end":{"line":117,"column":24}},"39":{"start":{"line":121,"column":0},"end":{"line":127,"column":3}},"40":{"start":{"line":122,"column":2},"end":{"line":122,"column":67}},"41":{"start":{"line":123,"column":2},"end":{"line":123,"column":25}},"42":{"start":{"line":124,"column":2},"end":{"line":124,"column":33}},"43":{"start":{"line":125,"column":2},"end":{"line":125,"column":27}},"44":{"start":{"line":126,"column":2},"end":{"line":126,"column":25}},"45":{"start":{"line":133,"column":2},"end":{"line":133,"column":37}},"46":{"start":{"line":136,"column":2},"end":{"line":136,"column":35}},"47":{"start":{"line":139,"column":2},"end":{"line":139,"column":28}},"48":{"start":{"line":142,"column":2},"end":{"line":142,"column":24}},"49":{"start":{"line":143,"column":2},"end":{"line":143,"column":25}},"50":{"start":{"line":146,"column":2},"end":{"line":146,"column":30}},"51":{"start":{"line":149,"column":2},"end":{"line":149,"column":42}},"52":{"start":{"line":150,"column":2},"end":{"line":150,"column":43}},"53":{"start":{"line":151,"column":2},"end":{"line":151,"column":41}},"54":{"start":{"line":154,"column":2},"end":{"line":154,"column":24}},"55":{"start":{"line":155,"column":2},"end":{"line":155,"column":32}},"56":{"start":{"line":156,"column":2},"end":{"line":156,"column":58}},"57":{"start":{"line":157,"column":2},"end":{"line":157,"column":67}},"58":{"start":{"line":160,"column":2},"end":{"line":160,"column":52}},"59":{"start":{"line":161,"column":2},"end":{"line":161,"column":51}},"60":{"start":{"line":164,"column":2},"end":{"line":164,"column":45}},"61":{"start":{"line":165,"column":2},"end":{"line":165,"column":55}},"62":{"start":{"line":166,"column":2},"end":{"line":166,"column":21}},"63":{"start":{"line":174,"column":2},"end":{"line":186,"column":3}},"64":{"start":{"line":176,"column":6},"end":{"line":176,"column":20}},"65":{"start":{"line":177,"column":6},"end":{"line":177,"column":12}},"66":{"start":{"line":179,"column":6},"end":{"line":179,"column":22}},"67":{"start":{"line":180,"column":6},"end":{"line":180,"column":12}},"68":{"start":{"line":182,"column":6},"end":{"line":182,"column":20}},"69":{"start":{"line":183,"column":6},"end":{"line":183,"column":12}},"70":{"start":{"line":185,"column":6},"end":{"line":185,"column":16}},"71":{"start":{"line":187,"column":2},"end":{"line":187,"column":35}},"72":{"start":{"line":188,"column":2},"end":{"line":188,"column":50}},"73":{"start":{"line":191,"column":2},"end":{"line":191,"column":41}},"74":{"start":{"line":192,"column":2},"end":{"line":192,"column":39}},"75":{"start":{"line":204,"column":2},"end":{"line":204,"column":41}},"76":{"start":{"line":205,"column":2},"end":{"line":205,"column":44}},"77":{"start":{"line":209,"column":2},"end":{"line":209,"column":48}},"78":{"start":{"line":214,"column":20},"end":{"line":214,"column":27}},"79":{"start":{"line":220,"column":2},"end":{"line":236,"column":3}},"80":{"start":{"line":221,"column":4},"end":{"line":227,"column":5}},"81":{"start":{"line":222,"column":6},"end":{"line":222,"column":21}},"82":{"start":{"line":223,"column":6},"end":{"line":223,"column":56}},"83":{"start":{"line":225,"column":6},"end":{"line":225,"column":22}},"84":{"start":{"line":226,"column":6},"end":{"line":226,"column":56}},"85":{"start":{"line":229,"column":4},"end":{"line":235,"column":5}},"86":{"start":{"line":230,"column":6},"end":{"line":230,"column":22}},"87":{"start":{"line":231,"column":6},"end":{"line":231,"column":56}},"88":{"start":{"line":233,"column":6},"end":{"line":233,"column":21}},"89":{"start":{"line":234,"column":6},"end":{"line":234,"column":56}},"90":{"start":{"line":238,"column":2},"end":{"line":238,"column":33}},"91":{"start":{"line":239,"column":2},"end":{"line":239,"column":35}},"92":{"start":{"line":244,"column":26},"end":{"line":244,"column":48}},"93":{"start":{"line":245,"column":27},"end":{"line":245,"column":50}},"94":{"start":{"line":246,"column":23},"end":{"line":246,"column":66}},"95":{"start":{"line":248,"column":2},"end":{"line":248,"column":46}},"96":{"start":{"line":249,"column":2},"end":{"line":249,"column":47}},"97":{"start":{"line":250,"column":2},"end":{"line":250,"column":53}},"98":{"start":{"line":252,"column":2},"end":{"line":264,"column":3}},"99":{"start":{"line":253,"column":4},"end":{"line":253,"column":49}},"100":{"start":{"line":254,"column":4},"end":{"line":254,"column":54}},"101":{"start":{"line":255,"column":4},"end":{"line":255,"column":56}},"102":{"start":{"line":257,"column":4},"end":{"line":257,"column":46}},"103":{"start":{"line":259,"column":4},"end":{"line":259,"column":53}},"104":{"start":{"line":260,"column":4},"end":{"line":260,"column":56}},"105":{"start":{"line":261,"column":4},"end":{"line":261,"column":50}},"106":{"start":{"line":263,"column":4},"end":{"line":263,"column":43}},"107":{"start":{"line":270,"column":20},"end":{"line":270,"column":22}},"108":{"start":{"line":271,"column":2},"end":{"line":280,"column":3}},"109":{"start":{"line":271,"column":15},"end":{"line":271,"column":16}},"110":{"start":{"line":272,"column":22},"end":{"line":272,"column":39}},"111":{"start":{"line":273,"column":25},"end":{"line":273,"column":30}},"112":{"start":{"line":274,"column":25},"end":{"line":274,"column":85}},"113":{"start":{"line":276,"column":23},"end":{"line":276,"column":52}},"114":{"start":{"line":277,"column":4},"end":{"line":277,"column":128}},"115":{"start":{"line":279,"column":4},"end":{"line":279,"column":38}},"116":{"start":{"line":285,"column":2},"end":{"line":285,"column":41}},"117":{"start":{"line":294,"column":2},"end":{"line":304,"column":3}},"118":{"start":{"line":295,"column":4},"end":{"line":295,"column":58}},"119":{"start":{"line":296,"column":4},"end":{"line":296,"column":27}},"120":{"start":{"line":297,"column":4},"end":{"line":297,"column":44}},"121":{"start":{"line":298,"column":4},"end":{"line":298,"column":41}},"122":{"start":{"line":300,"column":4},"end":{"line":300,"column":59}},"123":{"start":{"line":301,"column":4},"end":{"line":301,"column":30}},"124":{"start":{"line":302,"column":4},"end":{"line":302,"column":45}},"125":{"start":{"line":303,"column":4},"end":{"line":303,"column":41}},"126":{"start":{"line":308,"column":2},"end":{"line":311,"column":5}},"127":{"start":{"line":309,"column":4},"end":{"line":309,"column":55}},"128":{"start":{"line":310,"column":4},"end":{"line":310,"column":56}},"129":{"start":{"line":313,"column":2},"end":{"line":313,"column":50}},"130":{"start":{"line":317,"column":2},"end":{"line":317,"column":64}},"131":{"start":{"line":318,"column":2},"end":{"line":318,"column":64}},"132":{"start":{"line":323,"column":20},"end":{"line":323,"column":63}},"133":{"start":{"line":324,"column":2},"end":{"line":327,"column":3}},"134":{"start":{"line":324,"column":15},"end":{"line":324,"column":16}},"135":{"start":{"line":325,"column":4},"end":{"line":325,"column":50}},"136":{"start":{"line":326,"column":4},"end":{"line":326,"column":46}},"137":{"start":{"line":330,"column":21},"end":{"line":330,"column":68}},"138":{"start":{"line":331,"column":2},"end":{"line":333,"column":3}},"139":{"start":{"line":331,"column":15},"end":{"line":331,"column":16}},"140":{"start":{"line":332,"column":4},"end":{"line":332,"column":33}},"141":{"start":{"line":339,"column":22},"end":{"line":339,"column":32}},"142":{"start":{"line":340,"column":20},"end":{"line":340,"column":61}},"143":{"start":{"line":341,"column":15},"end":{"line":341,"column":76}},"144":{"start":{"line":343,"column":21},"end":{"line":343,"column":40}},"145":{"start":{"line":345,"column":2},"end":{"line":345,"column":50}},"146":{"start":{"line":345,"column":43},"end":{"line":345,"column":50}},"147":{"start":{"line":347,"column":2},"end":{"line":347,"column":37}},"148":{"start":{"line":348,"column":2},"end":{"line":348,"column":33}},"149":{"start":{"line":349,"column":2},"end":{"line":349,"column":35}},"150":{"start":{"line":350,"column":2},"end":{"line":350,"column":33}},"151":{"start":{"line":353,"column":0},"end":{"line":362,"column":2}}},"fnMap":{"0":{"name":"(anonymous_0)","decl":{"start":{"line":94,"column":32},"end":{"line":94,"column":33}},"loc":{"start":{"line":94,"column":38},"end":{"line":118,"column":1}},"line":94},"1":{"name":"(anonymous_1)","decl":{"start":{"line":121,"column":34},"end":{"line":121,"column":35}},"loc":{"start":{"line":121,"column":40},"end":{"line":127,"column":1}},"line":121},"2":{"name":"gameStart","decl":{"start":{"line":132,"column":9},"end":{"line":132,"column":18}},"loc":{"start":{"line":132,"column":30},"end":{"line":167,"column":1}},"line":132},"3":{"name":"setVissablesAndHidden","decl":{"start":{"line":170,"column":9},"end":{"line":170,"column":30}},"loc":{"start":{"line":170,"column":42},"end":{"line":193,"column":1}},"line":170},"4":{"name":"setGameVolume","decl":{"start":{"line":203,"column":9},"end":{"line":203,"column":22}},"loc":{"start":{"line":203,"column":25},"end":{"line":206,"column":1}},"line":203},"5":{"name":"setOldGameVolume","decl":{"start":{"line":208,"column":9},"end":{"line":208,"column":25}},"loc":{"start":{"line":208,"column":28},"end":{"line":210,"column":1}},"line":208},"6":{"name":"gameScreenDimentions","decl":{"start":{"line":213,"column":9},"end":{"line":213,"column":29}},"loc":{"start":{"line":213,"column":32},"end":{"line":240,"column":1}},"line":213},"7":{"name":"gameBoardAndScreenDimentions","decl":{"start":{"line":243,"column":9},"end":{"line":243,"column":37}},"loc":{"start":{"line":243,"column":40},"end":{"line":265,"column":1}},"line":243},"8":{"name":"newGameBoardGrid","decl":{"start":{"line":269,"column":9},"end":{"line":269,"column":25}},"loc":{"start":{"line":269,"column":28},"end":{"line":281,"column":1}},"line":269},"9":{"name":"oldGameBoardGrid","decl":{"start":{"line":284,"column":9},"end":{"line":284,"column":25}},"loc":{"start":{"line":284,"column":38},"end":{"line":286,"column":1}},"line":284},"10":{"name":"setShapesContainerSize","decl":{"start":{"line":291,"column":9},"end":{"line":291,"column":31}},"loc":{"start":{"line":291,"column":34},"end":{"line":319,"column":1}},"line":291},"11":{"name":"(anonymous_11)","decl":{"start":{"line":308,"column":23},"end":{"line":308,"column":24}},"loc":{"start":{"line":308,"column":40},"end":{"line":311,"column":3}},"line":308},"12":{"name":"clearGameBoardandShapes","decl":{"start":{"line":321,"column":9},"end":{"line":321,"column":32}},"loc":{"start":{"line":321,"column":35},"end":{"line":334,"column":1}},"line":321},"13":{"name":"resetGameWeek","decl":{"start":{"line":337,"column":9},"end":{"line":337,"column":22}},"loc":{"start":{"line":337,"column":25},"end":{"line":351,"column":1}},"line":337}},"branchMap":{"0":{"loc":{"start":{"line":101,"column":2},"end":{"line":112,"column":3}},"type":"if","locations":[{"start":{"line":101,"column":2},"end":{"line":112,"column":3}},{"start":{"line":104,"column":9},"end":{"line":112,"column":3}}],"line":101},"1":{"loc":{"start":{"line":174,"column":2},"end":{"line":186,"column":3}},"type":"switch","locations":[{"start":{"line":175,"column":4},"end":{"line":177,"column":12}},{"start":{"line":178,"column":4},"end":{"line":180,"column":12}},{"start":{"line":181,"column":4},"end":{"line":183,"column":12}},{"start":{"line":184,"column":4},"end":{"line":185,"column":16}}],"line":174},"2":{"loc":{"start":{"line":220,"column":2},"end":{"line":236,"column":3}},"type":"if","locations":[{"start":{"line":220,"column":2},"end":{"line":236,"column":3}},{"start":{"line":228,"column":9},"end":{"line":236,"column":3}}],"line":220},"3":{"loc":{"start":{"line":221,"column":4},"end":{"line":227,"column":5}},"type":"if","locations":[{"start":{"line":221,"column":4},"end":{"line":227,"column":5}},{"start":{"line":224,"column":11},"end":{"line":227,"column":5}}],"line":221},"4":{"loc":{"start":{"line":229,"column":4},"end":{"line":235,"column":5}},"type":"if","locations":[{"start":{"line":229,"column":4},"end":{"line":235,"column":5}},{"start":{"line":232,"column":11},"end":{"line":235,"column":5}}],"line":229},"5":{"loc":{"start":{"line":252,"column":2},"end":{"line":264,"column":3}},"type":"if","locations":[{"start":{"line":252,"column":2},"end":{"line":264,"column":3}},{"start":{"line":258,"column":9},"end":{"line":264,"column":3}}],"line":252},"6":{"loc":{"start":{"line":294,"column":2},"end":{"line":304,"column":3}},"type":"if","locations":[{"start":{"line":294,"column":2},"end":{"line":304,"column":3}},{"start":{"line":299,"column":9},"end":{"line":304,"column":3}}],"line":294},"7":{"loc":{"start":{"line":345,"column":2},"end":{"line":345,"column":50}},"type":"if","locations":[{"start":{"line":345,"column":2},"end":{"line":345,"column":50}},{"start":{},"end":{}}],"line":345}},"s":{"0":1,"1":1,"2":1,"3":1,"4":1,"5":1,"6":1,"7":1,"8":1,"9":1,"10":1,"11":1,"12":1,"13":1,"14":1,"15":1,"16":1,"17":1,"18":1,"19":1,"20":1,"21":0,"22":0,"23":0,"24":0,"25":0,"26":0,"27":0,"28":0,"29":0,"30":0,"31":0,"32":0,"33":0,"34":0,"35":0,"36":0,"37":0,"38":0,"39":1,"40":0,"41":0,"42":0,"43":0,"44":0,"45":1,"46":1,"47":0,"48":0,"49":0,"50":0,"51":0,"52":0,"53":0,"54":0,"55":0,"56":0,"57":0,"58":0,"59":0,"60":0,"61":0,"62":0,"63":1,"64":0,"65":0,"66":1,"67":1,"68":0,"69":0,"70":0,"71":1,"72":0,"73":0,"74":0,"75":0,"76":0,"77":0,"78":0,"79":0,"80":0,"81":0,"82":0,"83":0,"84":0,"85":0,"86":0,"87":0,"88":0,"89":0,"90":0,"91":0,"92":0,"93":0,"94":0,"95":0,"96":0,"97":0,"98":0,"99":0,"100":0,"101":0,"102":0,"103":0,"104":0,"105":0,"106":0,"107":0,"108":0,"109":0,"110":0,"111":0,"112":0,"113":0,"114":0,"115":0,"116":0,"117":0,"118":0,"119":0,"120":0,"121":0,"122":0,"123":0,"124":0,"125":0,"126":0,"127":0,"128":0,"129":0,"130":0,"131":0,"132":0,"133":0,"134":0,"135":0,"136":0,"137":0,"138":0,"139":0,"140":0,"141":0,"142":0,"143":0,"144":0,"145":0,"146":0,"147":0,"148":0,"149":0,"150":0,"151":1},"f":{"0":0,"1":0,"2":1,"3":1,"4":0,"5":0,"6":0,"7":0,"8":0,"9":0,"10":0,"11":0,"12":0,"13":0},"b":{"0":[0,0],"1":[0,1,0,0],"2":[0,0],"3":[0,0],"4":[0,0],"5":[0,0],"6":[0,0],"7":[0,0]},"_coverageSchema":"1a1c01bbd47fc00a2c39e90264f33305004495a9","hash":"f9de29e3a1bf671edef2bed8d4cb5e0442eec756"}
,"C:\\Users\\raman\\Desktop\\Code-Institute\\Milestone-Project-2\\js\\index.umd.js": {"path":"C:\\Users\\raman\\Desktop\\Code-Institute\\Milestone-Project-2\\js\\index.umd.js","statementMap":{"0":{"start":{"line":21,"column":15},"end":{"line":34,"column":1}}},"fnMap":{},"branchMap":{},"s":{"0":1},"f":{},"b":{}}
,"C:\\Users\\raman\\Desktop\\Code-Institute\\Milestone-Project-2\\js\\src\\alert.js": {"path":"C:\\Users\\raman\\Desktop\\Code-Institute\\Milestone-Project-2\\js\\src\\alert.js","statementMap":{"0":{"start":{"line":17,"column":13},"end":{"line":17,"column":20}},"1":{"start":{"line":18,"column":17},"end":{"line":18,"column":27}},"2":{"start":{"line":19,"column":19},"end":{"line":19,"column":null}},"3":{"start":{"line":21,"column":21},"end":{"line":21,"column":null}},"4":{"start":{"line":22,"column":22},"end":{"line":22,"column":null}},"5":{"start":{"line":23,"column":24},"end":{"line":23,"column":30}},"6":{"start":{"line":24,"column":24},"end":{"line":24,"column":30}},"7":{"start":{"line":33,"column":4},"end":{"line":33,"column":null}},"8":{"start":{"line":38,"column":23},"end":{"line":38,"column":71}},"9":{"start":{"line":40,"column":4},"end":{"line":42,"column":null}},"10":{"start":{"line":41,"column":6},"end":{"line":41,"column":null}},"11":{"start":{"line":44,"column":4},"end":{"line":44,"column":null}},"12":{"start":{"line":46,"column":23},"end":{"line":46,"column":72}},"13":{"start":{"line":47,"column":4},"end":{"line":47,"column":null}},"14":{"start":{"line":47,"column":30},"end":{"line":47,"column":52}},"15":{"start":{"line":52,"column":4},"end":{"line":52,"column":null}},"16":{"start":{"line":53,"column":4},"end":{"line":53,"column":null}},"17":{"start":{"line":54,"column":4},"end":{"line":54,"column":null}},"18":{"start":{"line":59,"column":4},"end":{"line":71,"column":null}},"19":{"start":{"line":60,"column":19},"end":{"line":60,"column":50}},"20":{"start":{"line":62,"column":6},"end":{"line":64,"column":null}},"21":{"start":{"line":63,"column":8},"end":{"line":63,"column":null}},"22":{"start":{"line":66,"column":6},"end":{"line":68,"column":null}},"23":{"start":{"line":67,"column":8},"end":{"line":67,"column":null}},"24":{"start":{"line":70,"column":6},"end":{"line":70,"column":null}},"25":{"start":{"line":79,"column":0},"end":{"line":79,"column":null}},"26":{"start":{"line":85,"column":0},"end":{"line":85,"column":null}}},"fnMap":{"0":{"name":"(anonymous_93)","decl":{"start":{"line":32,"column":2},"end":{"line":32,"column":13}},"loc":{"start":{"line":32,"column":20},"end":{"line":34,"column":null}}},"1":{"name":"(anonymous_94)","decl":{"start":{"line":37,"column":2},"end":{"line":37,"column":7}},"loc":{"start":{"line":37,"column":10},"end":{"line":48,"column":null}}},"2":{"name":"(anonymous_95)","decl":{"start":{"line":47,"column":24},"end":{"line":47,"column":30}},"loc":{"start":{"line":47,"column":30},"end":{"line":47,"column":52}}},"3":{"name":"(anonymous_96)","decl":{"start":{"line":51,"column":2},"end":{"line":51,"column":17}},"loc":{"start":{"line":51,"column":20},"end":{"line":55,"column":null}}},"4":{"name":"(anonymous_97)","decl":{"start":{"line":58,"column":2},"end":{"line":58,"column":9}},"loc":{"start":{"line":58,"column":33},"end":{"line":72,"column":null}}},"5":{"name":"(anonymous_98)","decl":{"start":{"line":59,"column":21},"end":{"line":59,"column":33}},"loc":{"start":{"line":59,"column":33},"end":{"line":71,"column":5}}}},"branchMap":{"0":{"loc":{"start":{"line":40,"column":4},"end":{"line":42,"column":null}},"type":"if","locations":[{"start":{"line":40,"column":4},"end":{"line":42,"column":null}}]},"1":{"loc":{"start":{"line":62,"column":6},"end":{"line":64,"column":null}},"type":"if","locations":[{"start":{"line":62,"column":6},"end":{"line":64,"column":null}}]},"2":{"loc":{"start":{"line":66,"column":6},"end":{"line":68,"column":null}},"type":"if","locations":[{"start":{"line":66,"column":6},"end":{"line":68,"column":null}}]},"3":{"loc":{"start":{"line":66,"column":10},"end":{"line":66,"column":90}},"type":"binary-expr","locations":[{"start":{"line":66,"column":10},"end":{"line":66,"column":36}},{"start":{"line":66,"column":40},"end":{"line":66,"column":62}},{"start":{"line":66,"column":66},"end":{"line":66,"column":90}}]}},"s":{"0":1,"1":1,"2":1,"3":1,"4":1,"5":1,"6":1,"7":2,"8":0,"9":0,"10":0,"11":0,"12":0,"13":0,"14":0,"15":0,"16":0,"17":0,"18":0,"19":0,"20":0,"21":0,"22":0,"23":0,"24":0,"25":1,"26":1},"f":{"0":2,"1":0,"2":0,"3":0,"4":0,"5":0},"b":{"0":[0],"1":[0],"2":[0],"3":[0,0,0]}}
,"C:\\Users\\raman\\Desktop\\Code-Institute\\Milestone-Project-2\\js\\src\\base-component.js": {"path":"C:\\Users\\raman\\Desktop\\Code-Institute\\Milestone-Project-2\\js\\src\\base-component.js","statementMap":{"0":{"start":{"line":17,"column":16},"end":{"line":17,"column":30}},"1":{"start":{"line":25,"column":4},"end":{"line":25,"column":null}},"2":{"start":{"line":27,"column":4},"end":{"line":27,"column":null}},"3":{"start":{"line":28,"column":4},"end":{"line":30,"column":null}},"4":{"start":{"line":29,"column":6},"end":{"line":29,"column":null}},"5":{"start":{"line":32,"column":4},"end":{"line":32,"column":null}},"6":{"start":{"line":33,"column":4},"end":{"line":33,"column":null}},"7":{"start":{"line":35,"column":4},"end":{"line":35,"column":null}},"8":{"start":{"line":40,"column":4},"end":{"line":40,"column":null}},"9":{"start":{"line":41,"column":4},"end":{"line":41,"column":null}},"10":{"start":{"line":43,"column":4},"end":{"line":45,"column":null}},"11":{"start":{"line":44,"column":6},"end":{"line":44,"column":null}},"12":{"start":{"line":49,"column":4},"end":{"line":49,"column":null}},"13":{"start":{"line":53,"column":4},"end":{"line":53,"column":null}},"14":{"start":{"line":54,"column":4},"end":{"line":54,"column":null}},"15":{"start":{"line":55,"column":4},"end":{"line":55,"column":null}},"16":{"start":{"line":56,"column":4},"end":{"line":56,"column":null}},"17":{"start":{"line":61,"column":4},"end":{"line":61,"column":null}},"18":{"start":{"line":65,"column":4},"end":{"line":65,"column":null}},"19":{"start":{"line":69,"column":4},"end":{"line":69,"column":null}},"20":{"start":{"line":73,"column":4},"end":{"line":73,"column":null}},"21":{"start":{"line":77,"column":4},"end":{"line":77,"column":null}},"22":{"start":{"line":81,"column":4},"end":{"line":81,"column":null}}},"fnMap":{"0":{"name":"(anonymous_67)","decl":{"start":{"line":24,"column":2},"end":{"line":24,"column":13}},"loc":{"start":{"line":24,"column":31},"end":{"line":36,"column":null}}},"1":{"name":"(anonymous_68)","decl":{"start":{"line":39,"column":2},"end":{"line":39,"column":9}},"loc":{"start":{"line":39,"column":12},"end":{"line":46,"column":null}}},"2":{"name":"(anonymous_69)","decl":{"start":{"line":48,"column":2},"end":{"line":48,"column":16}},"loc":{"start":{"line":48,"column":55},"end":{"line":50,"column":null}}},"3":{"name":"(anonymous_70)","decl":{"start":{"line":52,"column":2},"end":{"line":52,"column":12}},"loc":{"start":{"line":52,"column":21},"end":{"line":57,"column":null}}},"4":{"name":"(anonymous_71)","decl":{"start":{"line":60,"column":2},"end":{"line":60,"column":9}},"loc":{"start":{"line":60,"column":30},"end":{"line":62,"column":null}}},"5":{"name":"(anonymous_72)","decl":{"start":{"line":64,"column":2},"end":{"line":64,"column":9}},"loc":{"start":{"line":64,"column":51},"end":{"line":66,"column":null}}},"6":{"name":"(anonymous_73)","decl":{"start":{"line":68,"column":2},"end":{"line":68,"column":13}},"loc":{"start":{"line":68,"column":23},"end":{"line":70,"column":null}}},"7":{"name":"(anonymous_74)","decl":{"start":{"line":72,"column":2},"end":{"line":72,"column":13}},"loc":{"start":{"line":72,"column":24},"end":{"line":74,"column":null}}},"8":{"name":"(anonymous_75)","decl":{"start":{"line":76,"column":2},"end":{"line":76,"column":13}},"loc":{"start":{"line":76,"column":25},"end":{"line":78,"column":null}}},"9":{"name":"(anonymous_76)","decl":{"start":{"line":80,"column":2},"end":{"line":80,"column":9}},"loc":{"start":{"line":80,"column":25},"end":{"line":82,"column":null}}}},"branchMap":{"0":{"loc":{"start":{"line":28,"column":4},"end":{"line":30,"column":null}},"type":"if","locations":[{"start":{"line":28,"column":4},"end":{"line":30,"column":null}}]},"1":{"loc":{"start":{"line":48,"column":36},"end":{"line":48,"column":53}},"type":"default-arg","locations":[{"start":{"line":48,"column":49},"end":{"line":48,"column":53}}]},"2":{"loc":{"start":{"line":64,"column":38},"end":{"line":64,"column":49}},"type":"default-arg","locations":[{"start":{"line":64,"column":47},"end":{"line":64,"column":49}}]},"3":{"loc":{"start":{"line":65,"column":11},"end":{"line":65,"column":101}},"type":"binary-expr","locations":[{"start":{"line":65,"column":11},"end":{"line":65,"column":36}},{"start":{"line":65,"column":40},"end":{"line":65,"column":101}}]},"4":{"loc":{"start":{"line":65,"column":58},"end":{"line":65,"column":100}},"type":"cond-expr","locations":[{"start":{"line":65,"column":87},"end":{"line":65,"column":93}},{"start":{"line":65,"column":96},"end":{"line":65,"column":100}}]}},"s":{"0":1,"1":0,"2":0,"3":0,"4":0,"5":0,"6":0,"7":0,"8":0,"9":0,"10":0,"11":0,"12":0,"13":0,"14":0,"15":0,"16":0,"17":0,"18":0,"19":0,"20":4,"21":4,"22":0},"f":{"0":0,"1":0,"2":0,"3":0,"4":0,"5":0,"6":0,"7":4,"8":4,"9":0},"b":{"0":[0],"1":[0],"2":[0],"3":[0,0],"4":[0,0]}}
,"C:\\Users\\raman\\Desktop\\Code-Institute\\Milestone-Project-2\\js\\src\\button.js": {"path":"C:\\Users\\raman\\Desktop\\Code-Institute\\Milestone-Project-2\\js\\src\\button.js","statementMap":{"0":{"start":{"line":16,"column":13},"end":{"line":16,"column":21}},"1":{"start":{"line":17,"column":17},"end":{"line":17,"column":28}},"2":{"start":{"line":18,"column":19},"end":{"line":18,"column":null}},"3":{"start":{"line":19,"column":21},"end":{"line":19,"column":32}},"4":{"start":{"line":21,"column":26},"end":{"line":21,"column":34}},"5":{"start":{"line":22,"column":29},"end":{"line":22,"column":56}},"6":{"start":{"line":23,"column":30},"end":{"line":23,"column":null}},"7":{"start":{"line":32,"column":4},"end":{"line":32,"column":null}},"8":{"start":{"line":38,"column":4},"end":{"line":38,"column":null}},"9":{"start":{"line":43,"column":4},"end":{"line":49,"column":null}},"10":{"start":{"line":44,"column":19},"end":{"line":44,"column":51}},"11":{"start":{"line":46,"column":6},"end":{"line":48,"column":null}},"12":{"start":{"line":47,"column":8},"end":{"line":47,"column":null}},"13":{"start":{"line":57,"column":0},"end":{"line":64,"column":null}},"14":{"start":{"line":58,"column":2},"end":{"line":58,"column":null}},"15":{"start":{"line":60,"column":17},"end":{"line":60,"column":59}},"16":{"start":{"line":61,"column":15},"end":{"line":61,"column":49}},"17":{"start":{"line":63,"column":2},"end":{"line":63,"column":null}},"18":{"start":{"line":70,"column":0},"end":{"line":70,"column":null}}},"fnMap":{"0":{"name":"(anonymous_99)","decl":{"start":{"line":31,"column":2},"end":{"line":31,"column":13}},"loc":{"start":{"line":31,"column":20},"end":{"line":33,"column":null}}},"1":{"name":"(anonymous_100)","decl":{"start":{"line":36,"column":2},"end":{"line":36,"column":8}},"loc":{"start":{"line":36,"column":11},"end":{"line":39,"column":null}}},"2":{"name":"(anonymous_101)","decl":{"start":{"line":42,"column":2},"end":{"line":42,"column":9}},"loc":{"start":{"line":42,"column":33},"end":{"line":50,"column":null}}},"3":{"name":"(anonymous_102)","decl":{"start":{"line":43,"column":21},"end":{"line":43,"column":33}},"loc":{"start":{"line":43,"column":33},"end":{"line":49,"column":5}}},"4":{"name":"(anonymous_103)","decl":{"start":{"line":57,"column":70},"end":{"line":57,"column":75}},"loc":{"start":{"line":57,"column":79},"end":{"line":64,"column":1}}}},"branchMap":{"0":{"loc":{"start":{"line":46,"column":6},"end":{"line":48,"column":null}},"type":"if","locations":[{"start":{"line":46,"column":6},"end":{"line":48,"column":null}}]}},"s":{"0":1,"1":1,"2":1,"3":1,"4":1,"5":1,"6":1,"7":0,"8":0,"9":0,"10":0,"11":0,"12":0,"13":1,"14":0,"15":0,"16":0,"17":0,"18":1},"f":{"0":0,"1":0,"2":0,"3":0,"4":0},"b":{"0":[0]}}
,"C:\\Users\\raman\\Desktop\\Code-Institute\\Milestone-Project-2\\js\\src\\carousel.js": {"path":"C:\\Users\\raman\\Desktop\\Code-Institute\\Milestone-Project-2\\js\\src\\carousel.js","statementMap":{"0":{"start":{"line":26,"column":13},"end":{"line":26,"column":23}},"1":{"start":{"line":27,"column":17},"end":{"line":27,"column":30}},"2":{"start":{"line":28,"column":19},"end":{"line":28,"column":null}},"3":{"start":{"line":29,"column":21},"end":{"line":29,"column":32}},"4":{"start":{"line":31,"column":23},"end":{"line":31,"column":34}},"5":{"start":{"line":32,"column":24},"end":{"line":32,"column":36}},"6":{"start":{"line":33,"column":31},"end":{"line":33,"column":34}},"7":{"start":{"line":35,"column":19},"end":{"line":35,"column":25}},"8":{"start":{"line":36,"column":19},"end":{"line":36,"column":25}},"9":{"start":{"line":37,"column":23},"end":{"line":37,"column":29}},"10":{"start":{"line":38,"column":24},"end":{"line":38,"column":31}},"11":{"start":{"line":40,"column":21},"end":{"line":40,"column":null}},"12":{"start":{"line":41,"column":20},"end":{"line":41,"column":null}},"13":{"start":{"line":42,"column":23},"end":{"line":42,"column":null}},"14":{"start":{"line":43,"column":26},"end":{"line":43,"column":null}},"15":{"start":{"line":44,"column":26},"end":{"line":44,"column":null}},"16":{"start":{"line":45,"column":26},"end":{"line":45,"column":null}},"17":{"start":{"line":46,"column":29},"end":{"line":46,"column":null}},"18":{"start":{"line":47,"column":30},"end":{"line":47,"column":null}},"19":{"start":{"line":49,"column":28},"end":{"line":49,"column":38}},"20":{"start":{"line":50,"column":26},"end":{"line":50,"column":34}},"21":{"start":{"line":51,"column":25},"end":{"line":51,"column":32}},"22":{"start":{"line":52,"column":23},"end":{"line":52,"column":42}},"23":{"start":{"line":53,"column":25},"end":{"line":53,"column":46}},"24":{"start":{"line":54,"column":24},"end":{"line":54,"column":44}},"25":{"start":{"line":55,"column":24},"end":{"line":55,"column":44}},"26":{"start":{"line":57,"column":24},"end":{"line":57,"column":33}},"27":{"start":{"line":58,"column":22},"end":{"line":58,"column":38}},"28":{"start":{"line":59,"column":29},"end":{"line":59,"column":60}},"29":{"start":{"line":60,"column":26},"end":{"line":60,"column":46}},"30":{"start":{"line":61,"column":28},"end":{"line":61,"column":50}},"31":{"start":{"line":62,"column":28},"end":{"line":62,"column":65}},"32":{"start":{"line":63,"column":27},"end":{"line":63,"column":54}},"33":{"start":{"line":65,"column":25},"end":{"line":68,"column":1}},"34":{"start":{"line":70,"column":16},"end":{"line":77,"column":1}},"35":{"start":{"line":79,"column":20},"end":{"line":86,"column":1}},"36":{"start":{"line":94,"column":4},"end":{"line":94,"column":null}},"37":{"start":{"line":96,"column":4},"end":{"line":96,"column":null}},"38":{"start":{"line":97,"column":4},"end":{"line":97,"column":null}},"39":{"start":{"line":98,"column":4},"end":{"line":98,"column":null}},"40":{"start":{"line":99,"column":4},"end":{"line":99,"column":null}},"41":{"start":{"line":100,"column":4},"end":{"line":100,"column":null}},"42":{"start":{"line":102,"column":4},"end":{"line":102,"column":null}},"43":{"start":{"line":103,"column":4},"end":{"line":103,"column":null}},"44":{"start":{"line":105,"column":4},"end":{"line":107,"column":null}},"45":{"start":{"line":106,"column":6},"end":{"line":106,"column":null}},"46":{"start":{"line":112,"column":4},"end":{"line":112,"column":null}},"47":{"start":{"line":116,"column":4},"end":{"line":116,"column":null}},"48":{"start":{"line":120,"column":4},"end":{"line":120,"column":null}},"49":{"start":{"line":125,"column":4},"end":{"line":125,"column":null}},"50":{"start":{"line":132,"column":4},"end":{"line":134,"column":null}},"51":{"start":{"line":133,"column":6},"end":{"line":133,"column":null}},"52":{"start":{"line":138,"column":4},"end":{"line":138,"column":null}},"53":{"start":{"line":142,"column":4},"end":{"line":144,"column":null}},"54":{"start":{"line":143,"column":6},"end":{"line":143,"column":null}},"55":{"start":{"line":146,"column":4},"end":{"line":146,"column":null}},"56":{"start":{"line":150,"column":4},"end":{"line":150,"column":null}},"57":{"start":{"line":151,"column":4},"end":{"line":151,"column":null}},"58":{"start":{"line":153,"column":4},"end":{"line":153,"column":null}},"59":{"start":{"line":153,"column":39},"end":{"line":153,"column":61}},"60":{"start":{"line":157,"column":4},"end":{"line":159,"column":null}},"61":{"start":{"line":158,"column":6},"end":{"line":158,"column":null}},"62":{"start":{"line":161,"column":4},"end":{"line":164,"column":null}},"63":{"start":{"line":162,"column":6},"end":{"line":162,"column":null}},"64":{"start":{"line":162,"column":56},"end":{"line":162,"column":68}},"65":{"start":{"line":163,"column":6},"end":{"line":163,"column":null}},"66":{"start":{"line":166,"column":4},"end":{"line":166,"column":null}},"67":{"start":{"line":170,"column":18},"end":{"line":170,"column":34}},"68":{"start":{"line":171,"column":4},"end":{"line":173,"column":null}},"69":{"start":{"line":172,"column":6},"end":{"line":172,"column":null}},"70":{"start":{"line":175,"column":4},"end":{"line":178,"column":null}},"71":{"start":{"line":176,"column":6},"end":{"line":176,"column":null}},"72":{"start":{"line":176,"column":56},"end":{"line":176,"column":70}},"73":{"start":{"line":177,"column":6},"end":{"line":177,"column":null}},"74":{"start":{"line":180,"column":24},"end":{"line":180,"column":61}},"75":{"start":{"line":181,"column":4},"end":{"line":183,"column":null}},"76":{"start":{"line":182,"column":6},"end":{"line":182,"column":null}},"77":{"start":{"line":185,"column":18},"end":{"line":185,"column":63}},"78":{"start":{"line":187,"column":4},"end":{"line":187,"column":null}},"79":{"start":{"line":191,"column":4},"end":{"line":193,"column":null}},"80":{"start":{"line":192,"column":6},"end":{"line":192,"column":null}},"81":{"start":{"line":195,"column":4},"end":{"line":195,"column":null}},"82":{"start":{"line":200,"column":4},"end":{"line":200,"column":null}},"83":{"start":{"line":201,"column":4},"end":{"line":201,"column":null}},"84":{"start":{"line":205,"column":4},"end":{"line":207,"column":null}},"85":{"start":{"line":206,"column":6},"end":{"line":206,"column":null}},"86":{"start":{"line":206,"column":61},"end":{"line":206,"column":81}},"87":{"start":{"line":209,"column":4},"end":{"line":212,"column":null}},"88":{"start":{"line":210,"column":6},"end":{"line":210,"column":null}},"89":{"start":{"line":210,"column":61},"end":{"line":210,"column":73}},"90":{"start":{"line":211,"column":6},"end":{"line":211,"column":null}},"91":{"start":{"line":211,"column":61},"end":{"line":211,"column":85}},"92":{"start":{"line":214,"column":4},"end":{"line":216,"column":null}},"93":{"start":{"line":215,"column":6},"end":{"line":215,"column":null}},"94":{"start":{"line":220,"column":4},"end":{"line":222,"column":null}},"95":{"start":{"line":221,"column":6},"end":{"line":221,"column":null}},"96":{"start":{"line":221,"column":54},"end":{"line":221,"column":76}},"97":{"start":{"line":224,"column":24},"end":{"line":243,"column":null}},"98":{"start":{"line":225,"column":6},"end":{"line":227,"column":null}},"99":{"start":{"line":226,"column":8},"end":{"line":226,"column":null}},"100":{"start":{"line":237,"column":6},"end":{"line":237,"column":null}},"101":{"start":{"line":238,"column":6},"end":{"line":240,"column":null}},"102":{"start":{"line":239,"column":8},"end":{"line":239,"column":null}},"103":{"start":{"line":242,"column":6},"end":{"line":242,"column":null}},"104":{"start":{"line":242,"column":43},"end":{"line":242,"column":67}},"105":{"start":{"line":245,"column":24},"end":{"line":249,"column":null}},"106":{"start":{"line":246,"column":26},"end":{"line":246,"column":77}},"107":{"start":{"line":247,"column":27},"end":{"line":247,"column":79}},"108":{"start":{"line":251,"column":4},"end":{"line":251,"column":null}},"109":{"start":{"line":255,"column":4},"end":{"line":257,"column":null}},"110":{"start":{"line":256,"column":6},"end":{"line":256,"column":null}},"111":{"start":{"line":259,"column":22},"end":{"line":259,"column":49}},"112":{"start":{"line":260,"column":4},"end":{"line":263,"column":null}},"113":{"start":{"line":261,"column":6},"end":{"line":261,"column":null}},"114":{"start":{"line":262,"column":6},"end":{"line":262,"column":null}},"115":{"start":{"line":267,"column":4},"end":{"line":267,"column":null}},"116":{"start":{"line":271,"column":4},"end":{"line":273,"column":null}},"117":{"start":{"line":272,"column":6},"end":{"line":272,"column":null}},"118":{"start":{"line":275,"column":28},"end":{"line":275,"column":92}},"119":{"start":{"line":277,"column":4},"end":{"line":277,"column":null}},"120":{"start":{"line":278,"column":4},"end":{"line":278,"column":null}},"121":{"start":{"line":280,"column":31},"end":{"line":280,"column":111}},"122":{"start":{"line":282,"column":4},"end":{"line":285,"column":null}},"123":{"start":{"line":283,"column":6},"end":{"line":283,"column":null}},"124":{"start":{"line":284,"column":6},"end":{"line":284,"column":null}},"125":{"start":{"line":289,"column":20},"end":{"line":289,"column":60}},"126":{"start":{"line":291,"column":4},"end":{"line":293,"column":null}},"127":{"start":{"line":292,"column":6},"end":{"line":292,"column":null}},"128":{"start":{"line":295,"column":28},"end":{"line":295,"column":89}},"129":{"start":{"line":297,"column":4},"end":{"line":297,"column":null}},"130":{"start":{"line":301,"column":4},"end":{"line":303,"column":null}},"131":{"start":{"line":302,"column":6},"end":{"line":302,"column":null}},"132":{"start":{"line":305,"column":26},"end":{"line":305,"column":43}},"133":{"start":{"line":306,"column":19},"end":{"line":306,"column":39}},"134":{"start":{"line":307,"column":24},"end":{"line":307,"column":115}},"135":{"start":{"line":309,"column":4},"end":{"line":311,"column":null}},"136":{"start":{"line":310,"column":6},"end":{"line":310,"column":null}},"137":{"start":{"line":313,"column":29},"end":{"line":313,"column":60}},"138":{"start":{"line":315,"column":25},"end":{"line":322,"column":null}},"139":{"start":{"line":316,"column":6},"end":{"line":321,"column":null}},"140":{"start":{"line":324,"column":23},"end":{"line":324,"column":48}},"141":{"start":{"line":326,"column":4},"end":{"line":328,"column":null}},"142":{"start":{"line":327,"column":6},"end":{"line":327,"column":null}},"143":{"start":{"line":330,"column":4},"end":{"line":334,"column":null}},"144":{"start":{"line":333,"column":6},"end":{"line":333,"column":null}},"145":{"start":{"line":336,"column":22},"end":{"line":336,"column":45}},"146":{"start":{"line":337,"column":4},"end":{"line":337,"column":null}},"147":{"start":{"line":339,"column":4},"end":{"line":339,"column":null}},"148":{"start":{"line":341,"column":4},"end":{"line":341,"column":null}},"149":{"start":{"line":342,"column":4},"end":{"line":342,"column":null}},"150":{"start":{"line":344,"column":33},"end":{"line":344,"column":75}},"151":{"start":{"line":345,"column":27},"end":{"line":345,"column":69}},"152":{"start":{"line":347,"column":4},"end":{"line":347,"column":null}},"153":{"start":{"line":349,"column":4},"end":{"line":349,"column":null}},"154":{"start":{"line":351,"column":4},"end":{"line":351,"column":null}},"155":{"start":{"line":352,"column":4},"end":{"line":352,"column":null}},"156":{"start":{"line":354,"column":29},"end":{"line":363,"column":null}},"157":{"start":{"line":355,"column":6},"end":{"line":355,"column":null}},"158":{"start":{"line":356,"column":6},"end":{"line":356,"column":null}},"159":{"start":{"line":358,"column":6},"end":{"line":358,"column":null}},"160":{"start":{"line":360,"column":6},"end":{"line":360,"column":null}},"161":{"start":{"line":362,"column":6},"end":{"line":362,"column":null}},"162":{"start":{"line":365,"column":4},"end":{"line":365,"column":null}},"163":{"start":{"line":367,"column":4},"end":{"line":369,"column":null}},"164":{"start":{"line":368,"column":6},"end":{"line":368,"column":null}},"165":{"start":{"line":373,"column":4},"end":{"line":373,"column":null}},"166":{"start":{"line":377,"column":4},"end":{"line":377,"column":null}},"167":{"start":{"line":381,"column":4},"end":{"line":381,"column":null}},"168":{"start":{"line":385,"column":4},"end":{"line":388,"column":null}},"169":{"start":{"line":386,"column":6},"end":{"line":386,"column":null}},"170":{"start":{"line":387,"column":6},"end":{"line":387,"column":null}},"171":{"start":{"line":392,"column":4},"end":{"line":394,"column":null}},"172":{"start":{"line":393,"column":6},"end":{"line":393,"column":null}},"173":{"start":{"line":396,"column":4},"end":{"line":396,"column":null}},"174":{"start":{"line":400,"column":4},"end":{"line":402,"column":null}},"175":{"start":{"line":401,"column":6},"end":{"line":401,"column":null}},"176":{"start":{"line":404,"column":4},"end":{"line":404,"column":null}},"177":{"start":{"line":409,"column":4},"end":{"line":424,"column":null}},"178":{"start":{"line":410,"column":19},"end":{"line":410,"column":61}},"179":{"start":{"line":412,"column":6},"end":{"line":415,"column":null}},"180":{"start":{"line":413,"column":8},"end":{"line":413,"column":null}},"181":{"start":{"line":414,"column":8},"end":{"line":414,"column":null}},"182":{"start":{"line":417,"column":6},"end":{"line":423,"column":null}},"183":{"start":{"line":418,"column":8},"end":{"line":420,"column":null}},"184":{"start":{"line":419,"column":10},"end":{"line":419,"column":null}},"185":{"start":{"line":422,"column":8},"end":{"line":422,"column":null}},"186":{"start":{"line":432,"column":0},"end":{"line":458,"column":null}},"187":{"start":{"line":433,"column":17},"end":{"line":433,"column":60}},"188":{"start":{"line":435,"column":2},"end":{"line":437,"column":null}},"189":{"start":{"line":436,"column":4},"end":{"line":436,"column":null}},"190":{"start":{"line":439,"column":2},"end":{"line":439,"column":null}},"191":{"start":{"line":441,"column":19},"end":{"line":441,"column":55}},"192":{"start":{"line":442,"column":21},"end":{"line":442,"column":58}},"193":{"start":{"line":444,"column":2},"end":{"line":448,"column":null}},"194":{"start":{"line":445,"column":4},"end":{"line":445,"column":null}},"195":{"start":{"line":446,"column":4},"end":{"line":446,"column":null}},"196":{"start":{"line":447,"column":4},"end":{"line":447,"column":null}},"197":{"start":{"line":450,"column":2},"end":{"line":454,"column":null}},"198":{"start":{"line":451,"column":4},"end":{"line":451,"column":null}},"199":{"start":{"line":452,"column":4},"end":{"line":452,"column":null}},"200":{"start":{"line":453,"column":4},"end":{"line":453,"column":null}},"201":{"start":{"line":456,"column":2},"end":{"line":456,"column":null}},"202":{"start":{"line":457,"column":2},"end":{"line":457,"column":null}},"203":{"start":{"line":460,"column":0},"end":{"line":466,"column":null}},"204":{"start":{"line":461,"column":20},"end":{"line":461,"column":59}},"205":{"start":{"line":463,"column":2},"end":{"line":465,"column":null}},"206":{"start":{"line":464,"column":4},"end":{"line":464,"column":null}},"207":{"start":{"line":472,"column":0},"end":{"line":472,"column":null}}},"fnMap":{"0":{"name":"(anonymous_121)","decl":{"start":{"line":93,"column":2},"end":{"line":93,"column":13}},"loc":{"start":{"line":93,"column":31},"end":{"line":108,"column":null}}},"1":{"name":"(anonymous_122)","decl":{"start":{"line":111,"column":2},"end":{"line":111,"column":13}},"loc":{"start":{"line":111,"column":23},"end":{"line":113,"column":null}}},"2":{"name":"(anonymous_123)","decl":{"start":{"line":115,"column":2},"end":{"line":115,"column":13}},"loc":{"start":{"line":115,"column":27},"end":{"line":117,"column":null}}},"3":{"name":"(anonymous_124)","decl":{"start":{"line":119,"column":2},"end":{"line":119,"column":13}},"loc":{"start":{"line":119,"column":20},"end":{"line":121,"column":null}}},"4":{"name":"(anonymous_125)","decl":{"start":{"line":124,"column":2},"end":{"line":124,"column":6}},"loc":{"start":{"line":124,"column":9},"end":{"line":126,"column":null}}},"5":{"name":"(anonymous_126)","decl":{"start":{"line":128,"column":2},"end":{"line":128,"column":17}},"loc":{"start":{"line":128,"column":20},"end":{"line":135,"column":null}}},"6":{"name":"(anonymous_127)","decl":{"start":{"line":137,"column":2},"end":{"line":137,"column":6}},"loc":{"start":{"line":137,"column":9},"end":{"line":139,"column":null}}},"7":{"name":"(anonymous_128)","decl":{"start":{"line":141,"column":2},"end":{"line":141,"column":7}},"loc":{"start":{"line":141,"column":10},"end":{"line":147,"column":null}}},"8":{"name":"(anonymous_129)","decl":{"start":{"line":149,"column":2},"end":{"line":149,"column":7}},"loc":{"start":{"line":149,"column":10},"end":{"line":154,"column":null}}},"9":{"name":"(anonymous_130)","decl":{"start":{"line":153,"column":33},"end":{"line":153,"column":39}},"loc":{"start":{"line":153,"column":39},"end":{"line":153,"column":61}}},"10":{"name":"(anonymous_131)","decl":{"start":{"line":156,"column":2},"end":{"line":156,"column":19}},"loc":{"start":{"line":156,"column":22},"end":{"line":167,"column":null}}},"11":{"name":"(anonymous_132)","decl":{"start":{"line":162,"column":50},"end":{"line":162,"column":56}},"loc":{"start":{"line":162,"column":56},"end":{"line":162,"column":68}}},"12":{"name":"(anonymous_133)","decl":{"start":{"line":169,"column":2},"end":{"line":169,"column":4}},"loc":{"start":{"line":169,"column":12},"end":{"line":188,"column":null}}},"13":{"name":"(anonymous_134)","decl":{"start":{"line":176,"column":50},"end":{"line":176,"column":56}},"loc":{"start":{"line":176,"column":56},"end":{"line":176,"column":70}}},"14":{"name":"(anonymous_135)","decl":{"start":{"line":190,"column":2},"end":{"line":190,"column":9}},"loc":{"start":{"line":190,"column":12},"end":{"line":196,"column":null}}},"15":{"name":"(anonymous_136)","decl":{"start":{"line":199,"column":2},"end":{"line":199,"column":19}},"loc":{"start":{"line":199,"column":28},"end":{"line":202,"column":null}}},"16":{"name":"(anonymous_137)","decl":{"start":{"line":204,"column":2},"end":{"line":204,"column":20}},"loc":{"start":{"line":204,"column":23},"end":{"line":217,"column":null}}},"17":{"name":"(anonymous_138)","decl":{"start":{"line":206,"column":52},"end":{"line":206,"column":57}},"loc":{"start":{"line":206,"column":61},"end":{"line":206,"column":81}}},"18":{"name":"(anonymous_139)","decl":{"start":{"line":210,"column":55},"end":{"line":210,"column":61}},"loc":{"start":{"line":210,"column":61},"end":{"line":210,"column":73}}},"19":{"name":"(anonymous_140)","decl":{"start":{"line":211,"column":55},"end":{"line":211,"column":61}},"loc":{"start":{"line":211,"column":61},"end":{"line":211,"column":85}}},"20":{"name":"(anonymous_141)","decl":{"start":{"line":219,"column":2},"end":{"line":219,"column":25}},"loc":{"start":{"line":219,"column":28},"end":{"line":252,"column":null}}},"21":{"name":"(anonymous_142)","decl":{"start":{"line":221,"column":45},"end":{"line":221,"column":50}},"loc":{"start":{"line":221,"column":54},"end":{"line":221,"column":76}}},"22":{"name":"(anonymous_143)","decl":{"start":{"line":224,"column":24},"end":{"line":224,"column":30}},"loc":{"start":{"line":224,"column":30},"end":{"line":243,"column":null}}},"23":{"name":"(anonymous_144)","decl":{"start":{"line":242,"column":37},"end":{"line":242,"column":43}},"loc":{"start":{"line":242,"column":43},"end":{"line":242,"column":67}}},"24":{"name":"(anonymous_145)","decl":{"start":{"line":246,"column":20},"end":{"line":246,"column":26}},"loc":{"start":{"line":246,"column":26},"end":{"line":246,"column":77}}},"25":{"name":"(anonymous_146)","decl":{"start":{"line":247,"column":21},"end":{"line":247,"column":27}},"loc":{"start":{"line":247,"column":27},"end":{"line":247,"column":79}}},"26":{"name":"(anonymous_147)","decl":{"start":{"line":254,"column":2},"end":{"line":254,"column":10}},"loc":{"start":{"line":254,"column":18},"end":{"line":264,"column":null}}},"27":{"name":"(anonymous_148)","decl":{"start":{"line":266,"column":2},"end":{"line":266,"column":15}},"loc":{"start":{"line":266,"column":25},"end":{"line":268,"column":null}}},"28":{"name":"(anonymous_149)","decl":{"start":{"line":270,"column":2},"end":{"line":270,"column":28}},"loc":{"start":{"line":270,"column":36},"end":{"line":286,"column":null}}},"29":{"name":"(anonymous_150)","decl":{"start":{"line":288,"column":2},"end":{"line":288,"column":17}},"loc":{"start":{"line":288,"column":20},"end":{"line":298,"column":null}}},"30":{"name":"(anonymous_151)","decl":{"start":{"line":300,"column":2},"end":{"line":300,"column":8}},"loc":{"start":{"line":300,"column":32},"end":{"line":370,"column":null}}},"31":{"name":"(anonymous_152)","decl":{"start":{"line":315,"column":25},"end":{"line":315,"column":34}},"loc":{"start":{"line":315,"column":38},"end":{"line":322,"column":null}}},"32":{"name":"(anonymous_153)","decl":{"start":{"line":354,"column":29},"end":{"line":354,"column":35}},"loc":{"start":{"line":354,"column":35},"end":{"line":363,"column":null}}},"33":{"name":"(anonymous_154)","decl":{"start":{"line":372,"column":2},"end":{"line":372,"column":13}},"loc":{"start":{"line":372,"column":16},"end":{"line":374,"column":null}}},"34":{"name":"(anonymous_155)","decl":{"start":{"line":376,"column":2},"end":{"line":376,"column":12}},"loc":{"start":{"line":376,"column":15},"end":{"line":378,"column":null}}},"35":{"name":"(anonymous_156)","decl":{"start":{"line":380,"column":2},"end":{"line":380,"column":11}},"loc":{"start":{"line":380,"column":14},"end":{"line":382,"column":null}}},"36":{"name":"(anonymous_157)","decl":{"start":{"line":384,"column":2},"end":{"line":384,"column":16}},"loc":{"start":{"line":384,"column":19},"end":{"line":389,"column":null}}},"37":{"name":"(anonymous_158)","decl":{"start":{"line":391,"column":2},"end":{"line":391,"column":19}},"loc":{"start":{"line":391,"column":31},"end":{"line":397,"column":null}}},"38":{"name":"(anonymous_159)","decl":{"start":{"line":399,"column":2},"end":{"line":399,"column":19}},"loc":{"start":{"line":399,"column":27},"end":{"line":405,"column":null}}},"39":{"name":"(anonymous_160)","decl":{"start":{"line":408,"column":2},"end":{"line":408,"column":9}},"loc":{"start":{"line":408,"column":33},"end":{"line":425,"column":null}}},"40":{"name":"(anonymous_161)","decl":{"start":{"line":409,"column":21},"end":{"line":409,"column":33}},"loc":{"start":{"line":409,"column":33},"end":{"line":424,"column":5}}},"41":{"name":"(anonymous_162)","decl":{"start":{"line":432,"column":69},"end":{"line":432,"column":79}},"loc":{"start":{"line":432,"column":86},"end":{"line":458,"column":1}}},"42":{"name":"(anonymous_163)","decl":{"start":{"line":460,"column":45},"end":{"line":460,"column":51}},"loc":{"start":{"line":460,"column":51},"end":{"line":466,"column":1}}}},"branchMap":{"0":{"loc":{"start":{"line":105,"column":4},"end":{"line":107,"column":null}},"type":"if","locations":[{"start":{"line":105,"column":4},"end":{"line":107,"column":null}}]},"1":{"loc":{"start":{"line":132,"column":4},"end":{"line":134,"column":null}},"type":"if","locations":[{"start":{"line":132,"column":4},"end":{"line":134,"column":null}}]},"2":{"loc":{"start":{"line":132,"column":8},"end":{"line":132,"column":52}},"type":"binary-expr","locations":[{"start":{"line":132,"column":8},"end":{"line":132,"column":24}},{"start":{"line":132,"column":28},"end":{"line":132,"column":52}}]},"3":{"loc":{"start":{"line":142,"column":4},"end":{"line":144,"column":null}},"type":"if","locations":[{"start":{"line":142,"column":4},"end":{"line":144,"column":null}}]},"4":{"loc":{"start":{"line":157,"column":4},"end":{"line":159,"column":null}},"type":"if","locations":[{"start":{"line":157,"column":4},"end":{"line":159,"column":null}}]},"5":{"loc":{"start":{"line":161,"column":4},"end":{"line":164,"column":null}},"type":"if","locations":[{"start":{"line":161,"column":4},"end":{"line":164,"column":null}}]},"6":{"loc":{"start":{"line":171,"column":4},"end":{"line":173,"column":null}},"type":"if","locations":[{"start":{"line":171,"column":4},"end":{"line":173,"column":null}}]},"7":{"loc":{"start":{"line":171,"column":8},"end":{"line":171,"column":45}},"type":"binary-expr","locations":[{"start":{"line":171,"column":8},"end":{"line":171,"column":32}},{"start":{"line":171,"column":36},"end":{"line":171,"column":45}}]},"8":{"loc":{"start":{"line":175,"column":4},"end":{"line":178,"column":null}},"type":"if","locations":[{"start":{"line":175,"column":4},"end":{"line":178,"column":null}}]},"9":{"loc":{"start":{"line":181,"column":4},"end":{"line":183,"column":null}},"type":"if","locations":[{"start":{"line":181,"column":4},"end":{"line":183,"column":null}}]},"10":{"loc":{"start":{"line":185,"column":18},"end":{"line":185,"column":63}},"type":"cond-expr","locations":[{"start":{"line":185,"column":40},"end":{"line":185,"column":50}},{"start":{"line":185,"column":53},"end":{"line":185,"column":63}}]},"11":{"loc":{"start":{"line":191,"column":4},"end":{"line":193,"column":null}},"type":"if","locations":[{"start":{"line":191,"column":4},"end":{"line":193,"column":null}}]},"12":{"loc":{"start":{"line":205,"column":4},"end":{"line":207,"column":null}},"type":"if","locations":[{"start":{"line":205,"column":4},"end":{"line":207,"column":null}}]},"13":{"loc":{"start":{"line":209,"column":4},"end":{"line":212,"column":null}},"type":"if","locations":[{"start":{"line":209,"column":4},"end":{"line":212,"column":null}}]},"14":{"loc":{"start":{"line":214,"column":4},"end":{"line":216,"column":null}},"type":"if","locations":[{"start":{"line":214,"column":4},"end":{"line":216,"column":null}}]},"15":{"loc":{"start":{"line":214,"column":8},"end":{"line":214,"column":49}},"type":"binary-expr","locations":[{"start":{"line":214,"column":8},"end":{"line":214,"column":26}},{"start":{"line":214,"column":30},"end":{"line":214,"column":49}}]},"16":{"loc":{"start":{"line":225,"column":6},"end":{"line":227,"column":null}},"type":"if","locations":[{"start":{"line":225,"column":6},"end":{"line":227,"column":null}}]},"17":{"loc":{"start":{"line":238,"column":6},"end":{"line":240,"column":null}},"type":"if","locations":[{"start":{"line":238,"column":6},"end":{"line":240,"column":null}}]},"18":{"loc":{"start":{"line":255,"column":4},"end":{"line":257,"column":null}},"type":"if","locations":[{"start":{"line":255,"column":4},"end":{"line":257,"column":null}}]},"19":{"loc":{"start":{"line":260,"column":4},"end":{"line":263,"column":null}},"type":"if","locations":[{"start":{"line":260,"column":4},"end":{"line":263,"column":null}}]},"20":{"loc":{"start":{"line":271,"column":4},"end":{"line":273,"column":null}},"type":"if","locations":[{"start":{"line":271,"column":4},"end":{"line":273,"column":null}}]},"21":{"loc":{"start":{"line":282,"column":4},"end":{"line":285,"column":null}},"type":"if","locations":[{"start":{"line":282,"column":4},"end":{"line":285,"column":null}}]},"22":{"loc":{"start":{"line":289,"column":20},"end":{"line":289,"column":60}},"type":"binary-expr","locations":[{"start":{"line":289,"column":20},"end":{"line":289,"column":39}},{"start":{"line":289,"column":43},"end":{"line":289,"column":60}}]},"23":{"loc":{"start":{"line":291,"column":4},"end":{"line":293,"column":null}},"type":"if","locations":[{"start":{"line":291,"column":4},"end":{"line":293,"column":null}}]},"24":{"loc":{"start":{"line":297,"column":28},"end":{"line":297,"column":75}},"type":"binary-expr","locations":[{"start":{"line":297,"column":28},"end":{"line":297,"column":43}},{"start":{"line":297,"column":47},"end":{"line":297,"column":75}}]},"25":{"loc":{"start":{"line":300,"column":16},"end":{"line":300,"column":30}},"type":"default-arg","locations":[{"start":{"line":300,"column":26},"end":{"line":300,"column":30}}]},"26":{"loc":{"start":{"line":301,"column":4},"end":{"line":303,"column":null}},"type":"if","locations":[{"start":{"line":301,"column":4},"end":{"line":303,"column":null}}]},"27":{"loc":{"start":{"line":307,"column":24},"end":{"line":307,"column":115}},"type":"binary-expr","locations":[{"start":{"line":307,"column":24},"end":{"line":307,"column":31}},{"start":{"line":307,"column":35},"end":{"line":307,"column":115}}]},"28":{"loc":{"start":{"line":309,"column":4},"end":{"line":311,"column":null}},"type":"if","locations":[{"start":{"line":309,"column":4},"end":{"line":311,"column":null}}]},"29":{"loc":{"start":{"line":326,"column":4},"end":{"line":328,"column":null}},"type":"if","locations":[{"start":{"line":326,"column":4},"end":{"line":328,"column":null}}]},"30":{"loc":{"start":{"line":330,"column":4},"end":{"line":334,"column":null}},"type":"if","locations":[{"start":{"line":330,"column":4},"end":{"line":334,"column":null}}]},"31":{"loc":{"start":{"line":330,"column":8},"end":{"line":330,"column":38}},"type":"binary-expr","locations":[{"start":{"line":330,"column":8},"end":{"line":330,"column":22}},{"start":{"line":330,"column":26},"end":{"line":330,"column":38}}]},"32":{"loc":{"start":{"line":344,"column":33},"end":{"line":344,"column":75}},"type":"cond-expr","locations":[{"start":{"line":344,"column":42},"end":{"line":344,"column":58}},{"start":{"line":344,"column":61},"end":{"line":344,"column":75}}]},"33":{"loc":{"start":{"line":345,"column":27},"end":{"line":345,"column":69}},"type":"cond-expr","locations":[{"start":{"line":345,"column":36},"end":{"line":345,"column":51}},{"start":{"line":345,"column":54},"end":{"line":345,"column":69}}]},"34":{"loc":{"start":{"line":367,"column":4},"end":{"line":369,"column":null}},"type":"if","locations":[{"start":{"line":367,"column":4},"end":{"line":369,"column":null}}]},"35":{"loc":{"start":{"line":385,"column":4},"end":{"line":388,"column":null}},"type":"if","locations":[{"start":{"line":385,"column":4},"end":{"line":388,"column":null}}]},"36":{"loc":{"start":{"line":392,"column":4},"end":{"line":394,"column":null}},"type":"if","locations":[{"start":{"line":392,"column":4},"end":{"line":394,"column":null}}]},"37":{"loc":{"start":{"line":393,"column":13},"end":{"line":393,"column":67}},"type":"cond-expr","locations":[{"start":{"line":393,"column":44},"end":{"line":393,"column":54}},{"start":{"line":393,"column":57},"end":{"line":393,"column":67}}]},"38":{"loc":{"start":{"line":396,"column":11},"end":{"line":396,"column":65}},"type":"cond-expr","locations":[{"start":{"line":396,"column":42},"end":{"line":396,"column":52}},{"start":{"line":396,"column":55},"end":{"line":396,"column":65}}]},"39":{"loc":{"start":{"line":400,"column":4},"end":{"line":402,"column":null}},"type":"if","locations":[{"start":{"line":400,"column":4},"end":{"line":402,"column":null}}]},"40":{"loc":{"start":{"line":401,"column":13},"end":{"line":401,"column":68}},"type":"cond-expr","locations":[{"start":{"line":401,"column":36},"end":{"line":401,"column":50}},{"start":{"line":401,"column":53},"end":{"line":401,"column":68}}]},"41":{"loc":{"start":{"line":404,"column":11},"end":{"line":404,"column":66}},"type":"cond-expr","locations":[{"start":{"line":404,"column":34},"end":{"line":404,"column":49}},{"start":{"line":404,"column":52},"end":{"line":404,"column":66}}]},"42":{"loc":{"start":{"line":412,"column":6},"end":{"line":415,"column":null}},"type":"if","locations":[{"start":{"line":412,"column":6},"end":{"line":415,"column":null}}]},"43":{"loc":{"start":{"line":417,"column":6},"end":{"line":423,"column":null}},"type":"if","locations":[{"start":{"line":417,"column":6},"end":{"line":423,"column":null}}]},"44":{"loc":{"start":{"line":418,"column":8},"end":{"line":420,"column":null}},"type":"if","locations":[{"start":{"line":418,"column":8},"end":{"line":420,"column":null}}]},"45":{"loc":{"start":{"line":418,"column":12},"end":{"line":418,"column":92}},"type":"binary-expr","locations":[{"start":{"line":418,"column":12},"end":{"line":418,"column":38}},{"start":{"line":418,"column":42},"end":{"line":418,"column":64}},{"start":{"line":418,"column":68},"end":{"line":418,"column":92}}]},"46":{"loc":{"start":{"line":435,"column":2},"end":{"line":437,"column":null}},"type":"if","locations":[{"start":{"line":435,"column":2},"end":{"line":437,"column":null}}]},"47":{"loc":{"start":{"line":435,"column":6},"end":{"line":435,"column":64}},"type":"binary-expr","locations":[{"start":{"line":435,"column":6},"end":{"line":435,"column":13}},{"start":{"line":435,"column":17},"end":{"line":435,"column":64}}]},"48":{"loc":{"start":{"line":444,"column":2},"end":{"line":448,"column":null}},"type":"if","locations":[{"start":{"line":444,"column":2},"end":{"line":448,"column":null}}]},"49":{"loc":{"start":{"line":450,"column":2},"end":{"line":454,"column":null}},"type":"if","locations":[{"start":{"line":450,"column":2},"end":{"line":454,"column":null}}]}},"s":{"0":1,"1":1,"2":1,"3":1,"4":1,"5":1,"6":1,"7":1,"8":1,"9":1,"10":1,"11":1,"12":1,"13":1,"14":1,"15":1,"16":1,"17":1,"18":1,"19":1,"20":1,"21":1,"22":1,"23":1,"24":1,"25":1,"26":1,"27":1,"28":1,"29":1,"30":1,"31":1,"32":1,"33":1,"34":1,"35":1,"36":0,"37":0,"38":0,"39":0,"40":0,"41":0,"42":0,"43":0,"44":0,"45":0,"46":0,"47":0,"48":0,"49":0,"50":0,"51":0,"52":0,"53":0,"54":0,"55":0,"56":0,"57":0,"58":0,"59":0,"60":0,"61":0,"62":0,"63":0,"64":0,"65":0,"66":0,"67":0,"68":0,"69":0,"70":0,"71":0,"72":0,"73":0,"74":0,"75":0,"76":0,"77":0,"78":0,"79":0,"80":0,"81":0,"82":0,"83":0,"84":0,"85":0,"86":0,"87":0,"88":0,"89":0,"90":0,"91":0,"92":0,"93":0,"94":0,"95":0,"96":0,"97":0,"98":0,"99":0,"100":0,"101":0,"102":0,"103":0,"104":0,"105":0,"106":0,"107":0,"108":0,"109":0,"110":0,"111":0,"112":0,"113":0,"114":0,"115":0,"116":0,"117":0,"118":0,"119":0,"120":0,"121":0,"122":0,"123":0,"124":0,"125":0,"126":0,"127":0,"128":0,"129":0,"130":0,"131":0,"132":0,"133":0,"134":0,"135":0,"136":0,"137":0,"138":0,"139":0,"140":0,"141":0,"142":0,"143":0,"144":0,"145":0,"146":0,"147":0,"148":0,"149":0,"150":0,"151":0,"152":0,"153":0,"154":0,"155":0,"156":0,"157":0,"158":0,"159":0,"160":0,"161":0,"162":0,"163":0,"164":0,"165":0,"166":0,"167":0,"168":0,"169":0,"170":0,"171":0,"172":0,"173":0,"174":0,"175":0,"176":0,"177":0,"178":0,"179":0,"180":0,"181":0,"182":0,"183":0,"184":0,"185":0,"186":1,"187":0,"188":0,"189":0,"190":0,"191":0,"192":0,"193":0,"194":0,"195":0,"196":0,"197":0,"198":0,"199":0,"200":0,"201":0,"202":0,"203":1,"204":0,"205":0,"206":0,"207":1},"f":{"0":0,"1":0,"2":0,"3":0,"4":0,"5":0,"6":0,"7":0,"8":0,"9":0,"10":0,"11":0,"12":0,"13":0,"14":0,"15":0,"16":0,"17":0,"18":0,"19":0,"20":0,"21":0,"22":0,"23":0,"24":0,"25":0,"26":0,"27":0,"28":0,"29":0,"30":0,"31":0,"32":0,"33":0,"34":0,"35":0,"36":0,"37":0,"38":0,"39":0,"40":0,"41":0,"42":0},"b":{"0":[0],"1":[0],"2":[0,0],"3":[0],"4":[0],"5":[0],"6":[0],"7":[0,0],"8":[0],"9":[0],"10":[0,0],"11":[0],"12":[0],"13":[0],"14":[0],"15":[0,0],"16":[0],"17":[0],"18":[0],"19":[0],"20":[0],"21":[0],"22":[0,0],"23":[0],"24":[0,0],"25":[0],"26":[0],"27":[0,0],"28":[0],"29":[0],"30":[0],"31":[0,0],"32":[0,0],"33":[0,0],"34":[0],"35":[0],"36":[0],"37":[0,0],"38":[0,0],"39":[0],"40":[0,0],"41":[0,0],"42":[0],"43":[0],"44":[0],"45":[0,0,0],"46":[0],"47":[0,0],"48":[0],"49":[0]}}
,"C:\\Users\\raman\\Desktop\\Code-Institute\\Milestone-Project-2\\js\\src\\collapse.js": {"path":"C:\\Users\\raman\\Desktop\\Code-Institute\\Milestone-Project-2\\js\\src\\collapse.js","statementMap":{"0":{"start":{"line":21,"column":13},"end":{"line":21,"column":23}},"1":{"start":{"line":22,"column":17},"end":{"line":22,"column":30}},"2":{"start":{"line":23,"column":19},"end":{"line":23,"column":null}},"3":{"start":{"line":24,"column":21},"end":{"line":24,"column":32}},"4":{"start":{"line":26,"column":20},"end":{"line":26,"column":null}},"5":{"start":{"line":27,"column":21},"end":{"line":27,"column":null}},"6":{"start":{"line":28,"column":20},"end":{"line":28,"column":null}},"7":{"start":{"line":29,"column":22},"end":{"line":29,"column":null}},"8":{"start":{"line":30,"column":30},"end":{"line":30,"column":null}},"9":{"start":{"line":32,"column":24},"end":{"line":32,"column":30}},"10":{"start":{"line":33,"column":28},"end":{"line":33,"column":38}},"11":{"start":{"line":34,"column":30},"end":{"line":34,"column":42}},"12":{"start":{"line":35,"column":29},"end":{"line":35,"column":40}},"13":{"start":{"line":36,"column":36},"end":{"line":36,"column":null}},"14":{"start":{"line":37,"column":30},"end":{"line":37,"column":51}},"15":{"start":{"line":39,"column":14},"end":{"line":39,"column":21}},"16":{"start":{"line":40,"column":15},"end":{"line":40,"column":23}},"17":{"start":{"line":42,"column":25},"end":{"line":42,"column":63}},"18":{"start":{"line":43,"column":29},"end":{"line":43,"column":58}},"19":{"start":{"line":45,"column":16},"end":{"line":48,"column":1}},"20":{"start":{"line":50,"column":20},"end":{"line":53,"column":1}},"21":{"start":{"line":61,"column":4},"end":{"line":61,"column":null}},"22":{"start":{"line":63,"column":4},"end":{"line":63,"column":null}},"23":{"start":{"line":64,"column":4},"end":{"line":64,"column":null}},"24":{"start":{"line":66,"column":23},"end":{"line":66,"column":64}},"25":{"start":{"line":68,"column":4},"end":{"line":76,"column":null}},"26":{"start":{"line":69,"column":23},"end":{"line":69,"column":66}},"27":{"start":{"line":70,"column":28},"end":{"line":71,"column":63}},"28":{"start":{"line":71,"column":32},"end":{"line":71,"column":62}},"29":{"start":{"line":73,"column":6},"end":{"line":75,"column":null}},"30":{"start":{"line":74,"column":8},"end":{"line":74,"column":null}},"31":{"start":{"line":78,"column":4},"end":{"line":78,"column":null}},"32":{"start":{"line":80,"column":4},"end":{"line":82,"column":null}},"33":{"start":{"line":81,"column":6},"end":{"line":81,"column":null}},"34":{"start":{"line":84,"column":4},"end":{"line":86,"column":null}},"35":{"start":{"line":85,"column":6},"end":{"line":85,"column":null}},"36":{"start":{"line":91,"column":4},"end":{"line":91,"column":null}},"37":{"start":{"line":95,"column":4},"end":{"line":95,"column":null}},"38":{"start":{"line":99,"column":4},"end":{"line":99,"column":null}},"39":{"start":{"line":104,"column":4},"end":{"line":108,"column":null}},"40":{"start":{"line":105,"column":6},"end":{"line":105,"column":null}},"41":{"start":{"line":107,"column":6},"end":{"line":107,"column":null}},"42":{"start":{"line":112,"column":4},"end":{"line":114,"column":null}},"43":{"start":{"line":113,"column":6},"end":{"line":113,"column":null}},"44":{"start":{"line":116,"column":25},"end":{"line":116,"column":27}},"45":{"start":{"line":119,"column":4},"end":{"line":123,"column":null}},"46":{"start":{"line":120,"column":6},"end":{"line":122,"column":null}},"47":{"start":{"line":121,"column":27},"end":{"line":121,"column":52}},"48":{"start":{"line":122,"column":24},"end":{"line":122,"column":80}},"49":{"start":{"line":125,"column":4},"end":{"line":127,"column":null}},"50":{"start":{"line":126,"column":6},"end":{"line":126,"column":null}},"51":{"start":{"line":129,"column":23},"end":{"line":129,"column":70}},"52":{"start":{"line":130,"column":4},"end":{"line":132,"column":null}},"53":{"start":{"line":131,"column":6},"end":{"line":131,"column":null}},"54":{"start":{"line":134,"column":4},"end":{"line":136,"column":null}},"55":{"start":{"line":135,"column":6},"end":{"line":135,"column":null}},"56":{"start":{"line":138,"column":22},"end":{"line":138,"column":42}},"57":{"start":{"line":140,"column":4},"end":{"line":140,"column":null}},"58":{"start":{"line":141,"column":4},"end":{"line":141,"column":null}},"59":{"start":{"line":143,"column":4},"end":{"line":143,"column":null}},"60":{"start":{"line":145,"column":4},"end":{"line":145,"column":null}},"61":{"start":{"line":146,"column":4},"end":{"line":146,"column":null}},"62":{"start":{"line":148,"column":21},"end":{"line":157,"column":null}},"63":{"start":{"line":149,"column":6},"end":{"line":149,"column":null}},"64":{"start":{"line":151,"column":6},"end":{"line":151,"column":null}},"65":{"start":{"line":152,"column":6},"end":{"line":152,"column":null}},"66":{"start":{"line":154,"column":6},"end":{"line":154,"column":null}},"67":{"start":{"line":156,"column":6},"end":{"line":156,"column":null}},"68":{"start":{"line":159,"column":33},"end":{"line":159,"column":80}},"69":{"start":{"line":160,"column":24},"end":{"line":160,"column":null}},"70":{"start":{"line":162,"column":4},"end":{"line":162,"column":null}},"71":{"start":{"line":163,"column":4},"end":{"line":163,"column":null}},"72":{"start":{"line":167,"column":4},"end":{"line":169,"column":null}},"73":{"start":{"line":168,"column":6},"end":{"line":168,"column":null}},"74":{"start":{"line":171,"column":23},"end":{"line":171,"column":70}},"75":{"start":{"line":172,"column":4},"end":{"line":174,"column":null}},"76":{"start":{"line":173,"column":6},"end":{"line":173,"column":null}},"77":{"start":{"line":176,"column":22},"end":{"line":176,"column":42}},"78":{"start":{"line":178,"column":4},"end":{"line":178,"column":null}},"79":{"start":{"line":180,"column":4},"end":{"line":180,"column":null}},"80":{"start":{"line":182,"column":4},"end":{"line":182,"column":null}},"81":{"start":{"line":183,"column":4},"end":{"line":183,"column":null}},"82":{"start":{"line":185,"column":4},"end":{"line":191,"column":null}},"83":{"start":{"line":186,"column":22},"end":{"line":186,"column":68}},"84":{"start":{"line":188,"column":6},"end":{"line":190,"column":null}},"85":{"start":{"line":189,"column":8},"end":{"line":189,"column":null}},"86":{"start":{"line":193,"column":4},"end":{"line":193,"column":null}},"87":{"start":{"line":195,"column":21},"end":{"line":200,"column":null}},"88":{"start":{"line":196,"column":6},"end":{"line":196,"column":null}},"89":{"start":{"line":197,"column":6},"end":{"line":197,"column":null}},"90":{"start":{"line":198,"column":6},"end":{"line":198,"column":null}},"91":{"start":{"line":199,"column":6},"end":{"line":199,"column":null}},"92":{"start":{"line":202,"column":4},"end":{"line":202,"column":null}},"93":{"start":{"line":204,"column":4},"end":{"line":204,"column":null}},"94":{"start":{"line":208,"column":4},"end":{"line":208,"column":null}},"95":{"start":{"line":213,"column":4},"end":{"line":213,"column":43}},"96":{"start":{"line":214,"column":4},"end":{"line":214,"column":null}},"97":{"start":{"line":215,"column":4},"end":{"line":215,"column":null}},"98":{"start":{"line":219,"column":4},"end":{"line":219,"column":null}},"99":{"start":{"line":223,"column":4},"end":{"line":225,"column":null}},"100":{"start":{"line":224,"column":6},"end":{"line":224,"column":null}},"101":{"start":{"line":227,"column":21},"end":{"line":227,"column":70}},"102":{"start":{"line":229,"column":4},"end":{"line":235,"column":null}},"103":{"start":{"line":230,"column":23},"end":{"line":230,"column":69}},"104":{"start":{"line":232,"column":6},"end":{"line":234,"column":null}},"105":{"start":{"line":233,"column":8},"end":{"line":233,"column":null}},"106":{"start":{"line":239,"column":21},"end":{"line":239,"column":89}},"107":{"start":{"line":241,"column":4},"end":{"line":241,"column":null}},"108":{"start":{"line":241,"column":80},"end":{"line":241,"column":107}},"109":{"start":{"line":245,"column":4},"end":{"line":247,"column":null}},"110":{"start":{"line":246,"column":6},"end":{"line":246,"column":null}},"111":{"start":{"line":249,"column":4},"end":{"line":252,"column":null}},"112":{"start":{"line":250,"column":6},"end":{"line":250,"column":null}},"113":{"start":{"line":251,"column":6},"end":{"line":251,"column":null}},"114":{"start":{"line":257,"column":20},"end":{"line":257,"column":22}},"115":{"start":{"line":258,"column":4},"end":{"line":260,"column":null}},"116":{"start":{"line":259,"column":6},"end":{"line":259,"column":null}},"117":{"start":{"line":262,"column":4},"end":{"line":272,"column":null}},"118":{"start":{"line":263,"column":19},"end":{"line":263,"column":62}},"119":{"start":{"line":265,"column":6},"end":{"line":271,"column":null}},"120":{"start":{"line":266,"column":8},"end":{"line":268,"column":null}},"121":{"start":{"line":267,"column":10},"end":{"line":267,"column":null}},"122":{"start":{"line":270,"column":8},"end":{"line":270,"column":null}},"123":{"start":{"line":280,"column":0},"end":{"line":289,"column":null}},"124":{"start":{"line":282,"column":2},"end":{"line":284,"column":null}},"125":{"start":{"line":283,"column":4},"end":{"line":283,"column":null}},"126":{"start":{"line":286,"column":2},"end":{"line":288,"column":null}},"127":{"start":{"line":287,"column":4},"end":{"line":287,"column":null}},"128":{"start":{"line":295,"column":0},"end":{"line":295,"column":null}}},"fnMap":{"0":{"name":"(anonymous_164)","decl":{"start":{"line":60,"column":2},"end":{"line":60,"column":13}},"loc":{"start":{"line":60,"column":31},"end":{"line":87,"column":null}}},"1":{"name":"(anonymous_165)","decl":{"start":{"line":71,"column":16},"end":{"line":71,"column":28}},"loc":{"start":{"line":71,"column":32},"end":{"line":71,"column":62}}},"2":{"name":"(anonymous_166)","decl":{"start":{"line":90,"column":2},"end":{"line":90,"column":13}},"loc":{"start":{"line":90,"column":23},"end":{"line":92,"column":null}}},"3":{"name":"(anonymous_167)","decl":{"start":{"line":94,"column":2},"end":{"line":94,"column":13}},"loc":{"start":{"line":94,"column":27},"end":{"line":96,"column":null}}},"4":{"name":"(anonymous_168)","decl":{"start":{"line":98,"column":2},"end":{"line":98,"column":13}},"loc":{"start":{"line":98,"column":20},"end":{"line":100,"column":null}}},"5":{"name":"(anonymous_169)","decl":{"start":{"line":103,"column":2},"end":{"line":103,"column":8}},"loc":{"start":{"line":103,"column":11},"end":{"line":109,"column":null}}},"6":{"name":"(anonymous_170)","decl":{"start":{"line":111,"column":2},"end":{"line":111,"column":6}},"loc":{"start":{"line":111,"column":9},"end":{"line":164,"column":null}}},"7":{"name":"(anonymous_171)","decl":{"start":{"line":121,"column":16},"end":{"line":121,"column":23}},"loc":{"start":{"line":121,"column":27},"end":{"line":121,"column":52}}},"8":{"name":"(anonymous_172)","decl":{"start":{"line":122,"column":13},"end":{"line":122,"column":20}},"loc":{"start":{"line":122,"column":24},"end":{"line":122,"column":80}}},"9":{"name":"(anonymous_173)","decl":{"start":{"line":148,"column":21},"end":{"line":148,"column":27}},"loc":{"start":{"line":148,"column":27},"end":{"line":157,"column":null}}},"10":{"name":"(anonymous_174)","decl":{"start":{"line":166,"column":2},"end":{"line":166,"column":6}},"loc":{"start":{"line":166,"column":9},"end":{"line":205,"column":null}}},"11":{"name":"(anonymous_175)","decl":{"start":{"line":195,"column":21},"end":{"line":195,"column":27}},"loc":{"start":{"line":195,"column":27},"end":{"line":200,"column":null}}},"12":{"name":"(anonymous_176)","decl":{"start":{"line":207,"column":2},"end":{"line":207,"column":10}},"loc":{"start":{"line":207,"column":36},"end":{"line":209,"column":null}}},"13":{"name":"(anonymous_177)","decl":{"start":{"line":212,"column":2},"end":{"line":212,"column":19}},"loc":{"start":{"line":212,"column":28},"end":{"line":216,"column":null}}},"14":{"name":"(anonymous_178)","decl":{"start":{"line":218,"column":2},"end":{"line":218,"column":15}},"loc":{"start":{"line":218,"column":18},"end":{"line":220,"column":null}}},"15":{"name":"(anonymous_179)","decl":{"start":{"line":222,"column":2},"end":{"line":222,"column":21}},"loc":{"start":{"line":222,"column":24},"end":{"line":236,"column":null}}},"16":{"name":"(anonymous_180)","decl":{"start":{"line":238,"column":2},"end":{"line":238,"column":24}},"loc":{"start":{"line":238,"column":35},"end":{"line":242,"column":null}}},"17":{"name":"(anonymous_181)","decl":{"start":{"line":241,"column":69},"end":{"line":241,"column":76}},"loc":{"start":{"line":241,"column":80},"end":{"line":241,"column":107}}},"18":{"name":"(anonymous_182)","decl":{"start":{"line":244,"column":2},"end":{"line":244,"column":27}},"loc":{"start":{"line":244,"column":50},"end":{"line":253,"column":null}}},"19":{"name":"(anonymous_183)","decl":{"start":{"line":256,"column":2},"end":{"line":256,"column":9}},"loc":{"start":{"line":256,"column":33},"end":{"line":273,"column":null}}},"20":{"name":"(anonymous_184)","decl":{"start":{"line":262,"column":21},"end":{"line":262,"column":33}},"loc":{"start":{"line":262,"column":33},"end":{"line":272,"column":5}}},"21":{"name":"(anonymous_185)","decl":{"start":{"line":280,"column":70},"end":{"line":280,"column":80}},"loc":{"start":{"line":280,"column":87},"end":{"line":289,"column":1}}}},"branchMap":{"0":{"loc":{"start":{"line":73,"column":6},"end":{"line":75,"column":null}},"type":"if","locations":[{"start":{"line":73,"column":6},"end":{"line":75,"column":null}}]},"1":{"loc":{"start":{"line":73,"column":10},"end":{"line":73,"column":51}},"type":"binary-expr","locations":[{"start":{"line":73,"column":10},"end":{"line":73,"column":27}},{"start":{"line":73,"column":31},"end":{"line":73,"column":51}}]},"2":{"loc":{"start":{"line":80,"column":4},"end":{"line":82,"column":null}},"type":"if","locations":[{"start":{"line":80,"column":4},"end":{"line":82,"column":null}}]},"3":{"loc":{"start":{"line":84,"column":4},"end":{"line":86,"column":null}},"type":"if","locations":[{"start":{"line":84,"column":4},"end":{"line":86,"column":null}}]},"4":{"loc":{"start":{"line":104,"column":4},"end":{"line":108,"column":null}},"type":"if","locations":[{"start":{"line":104,"column":4},"end":{"line":108,"column":null}},{"start":{"line":106,"column":11},"end":{"line":108,"column":null}}]},"5":{"loc":{"start":{"line":112,"column":4},"end":{"line":114,"column":null}},"type":"if","locations":[{"start":{"line":112,"column":4},"end":{"line":114,"column":null}}]},"6":{"loc":{"start":{"line":112,"column":8},"end":{"line":112,"column":48}},"type":"binary-expr","locations":[{"start":{"line":112,"column":8},"end":{"line":112,"column":29}},{"start":{"line":112,"column":33},"end":{"line":112,"column":48}}]},"7":{"loc":{"start":{"line":119,"column":4},"end":{"line":123,"column":null}},"type":"if","locations":[{"start":{"line":119,"column":4},"end":{"line":123,"column":null}}]},"8":{"loc":{"start":{"line":125,"column":4},"end":{"line":127,"column":null}},"type":"if","locations":[{"start":{"line":125,"column":4},"end":{"line":127,"column":null}}]},"9":{"loc":{"start":{"line":125,"column":8},"end":{"line":125,"column":67}},"type":"binary-expr","locations":[{"start":{"line":125,"column":8},"end":{"line":125,"column":29}},{"start":{"line":125,"column":33},"end":{"line":125,"column":67}}]},"10":{"loc":{"start":{"line":130,"column":4},"end":{"line":132,"column":null}},"type":"if","locations":[{"start":{"line":130,"column":4},"end":{"line":132,"column":null}}]},"11":{"loc":{"start":{"line":167,"column":4},"end":{"line":169,"column":null}},"type":"if","locations":[{"start":{"line":167,"column":4},"end":{"line":169,"column":null}}]},"12":{"loc":{"start":{"line":167,"column":8},"end":{"line":167,"column":49}},"type":"binary-expr","locations":[{"start":{"line":167,"column":8},"end":{"line":167,"column":29}},{"start":{"line":167,"column":33},"end":{"line":167,"column":49}}]},"13":{"loc":{"start":{"line":172,"column":4},"end":{"line":174,"column":null}},"type":"if","locations":[{"st
[...]
,"C:\\Users\\raman\\Desktop\\Code-Institute\\Milestone-Project-2\\js\\src\\util\\swipe.js": {"path":"C:\\Users\\raman\\Desktop\\Code-Institute\\Milestone-Project-2\\js\\src\\util\\swipe.js","statementMap":{"0":{"start":{"line":16,"column":13},"end":{"line":16,"column":20}},"1":{"start":{"line":17,"column":18},"end":{"line":17,"column":29}},"2":{"start":{"line":18,"column":26},"end":{"line":18,"column":null}},"3":{"start":{"line":19,"column":25},"end":{"line":19,"column":null}},"4":{"start":{"line":20,"column":24},"end":{"line":20,"column":null}},"5":{"start":{"line":21,"column":27},"end":{"line":21,"column":null}},"6":{"start":{"line":22,"column":25},"end":{"line":22,"column":null}},"7":{"start":{"line":23,"column":27},"end":{"line":23,"column":34}},"8":{"start":{"line":24,"column":25},"end":{"line":24,"column":30}},"9":{"start":{"line":25,"column":33},"end":{"line":25,"column":48}},"10":{"start":{"line":26,"column":24},"end":{"line":26,"column":26}},"11":{"start":{"line":28,"column":16},"end":{"line":32,"column":1}},"12":{"start":{"line":34,"column":20},"end":{"line":38,"column":1}},"13":{"start":{"line":46,"column":4},"end":{"line":46,"column":null}},"14":{"start":{"line":47,"column":4},"end":{"line":47,"column":null}},"15":{"start":{"line":49,"column":4},"end":{"line":51,"column":null}},"16":{"start":{"line":50,"column":6},"end":{"line":50,"column":null}},"17":{"start":{"line":53,"column":4},"end":{"line":53,"column":null}},"18":{"start":{"line":54,"column":4},"end":{"line":54,"column":null}},"19":{"start":{"line":55,"column":4},"end":{"line":55,"column":null}},"20":{"start":{"line":56,"column":4},"end":{"line":56,"column":null}},"21":{"start":{"line":61,"column":4},"end":{"line":61,"column":null}},"22":{"start":{"line":65,"column":4},"end":{"line":65,"column":null}},"23":{"start":{"line":69,"column":4},"end":{"line":69,"column":null}},"24":{"start":{"line":74,"column":4},"end":{"line":74,"column":null}},"25":{"start":{"line":79,"column":4},"end":{"line":83,"column":null}},"26":{"start":{"line":80,"column":6},"end":{"line":80,"column":null}},"27":{"start":{"line":82,"column":6},"end":{"line":82,"column":null}},"28":{"start":{"line":85,"column":4},"end":{"line":87,"column":null}},"29":{"start":{"line":86,"column":6},"end":{"line":86,"column":null}},"30":{"start":{"line":91,"column":4},"end":{"line":93,"column":null}},"31":{"start":{"line":92,"column":6},"end":{"line":92,"column":null}},"32":{"start":{"line":95,"column":4},"end":{"line":95,"column":null}},"33":{"start":{"line":96,"column":4},"end":{"line":96,"column":null}},"34":{"start":{"line":100,"column":4},"end":{"line":102,"column":null}},"35":{"start":{"line":106,"column":22},"end":{"line":106,"column":44}},"36":{"start":{"line":108,"column":4},"end":{"line":110,"column":null}},"37":{"start":{"line":109,"column":6},"end":{"line":109,"column":null}},"38":{"start":{"line":112,"column":22},"end":{"line":112,"column":46}},"39":{"start":{"line":114,"column":4},"end":{"line":114,"column":null}},"40":{"start":{"line":116,"column":4},"end":{"line":118,"column":null}},"41":{"start":{"line":117,"column":6},"end":{"line":117,"column":null}},"42":{"start":{"line":120,"column":4},"end":{"line":120,"column":null}},"43":{"start":{"line":124,"column":4},"end":{"line":133,"column":null}},"44":{"start":{"line":125,"column":6},"end":{"line":125,"column":null}},"45":{"start":{"line":125,"column":65},"end":{"line":125,"column":83}},"46":{"start":{"line":126,"column":6},"end":{"line":126,"column":null}},"47":{"start":{"line":126,"column":63},"end":{"line":126,"column":79}},"48":{"start":{"line":128,"column":6},"end":{"line":128,"column":null}},"49":{"start":{"line":130,"column":6},"end":{"line":130,"column":null}},"50":{"start":{"line":130,"column":64},"end":{"line":130,"column":82}},"51":{"start":{"line":131,"column":6},"end":{"line":131,"column":null}},"52":{"start":{"line":131,"column":63},"end":{"line":131,"column":80}},"53":{"start":{"line":132,"column":6},"end":{"line":132,"column":null}},"54":{"start":{"line":132,"column":62},"end":{"line":132,"column":78}},"55":{"start":{"line":137,"column":4},"end":{"line":137,"column":null}},"56":{"start":{"line":142,"column":4},"end":{"line":142,"column":null}}},"fnMap":{"0":{"name":"(anonymous_104)","decl":{"start":{"line":45,"column":2},"end":{"line":45,"column":13}},"loc":{"start":{"line":45,"column":31},"end":{"line":57,"column":null}}},"1":{"name":"(anonymous_105)","decl":{"start":{"line":60,"column":2},"end":{"line":60,"column":13}},"loc":{"start":{"line":60,"column":23},"end":{"line":62,"column":null}}},"2":{"name":"(anonymous_106)","decl":{"start":{"line":64,"column":2},"end":{"line":64,"column":13}},"loc":{"start":{"line":64,"column":27},"end":{"line":66,"column":null}}},"3":{"name":"(anonymous_107)","decl":{"start":{"line":68,"column":2},"end":{"line":68,"column":13}},"loc":{"start":{"line":68,"column":20},"end":{"line":70,"column":null}}},"4":{"name":"(anonymous_108)","decl":{"start":{"line":73,"column":2},"end":{"line":73,"column":9}},"loc":{"start":{"line":73,"column":12},"end":{"line":75,"column":null}}},"5":{"name":"(anonymous_109)","decl":{"start":{"line":78,"column":2},"end":{"line":78,"column":8}},"loc":{"start":{"line":78,"column":16},"end":{"line":88,"column":null}}},"6":{"name":"(anonymous_110)","decl":{"start":{"line":90,"column":2},"end":{"line":90,"column":6}},"loc":{"start":{"line":90,"column":14},"end":{"line":97,"column":null}}},"7":{"name":"(anonymous_111)","decl":{"start":{"line":99,"column":2},"end":{"line":99,"column":7}},"loc":{"start":{"line":99,"column":15},"end":{"line":103,"column":null}}},"8":{"name":"(anonymous_112)","decl":{"start":{"line":105,"column":2},"end":{"line":105,"column":14}},"loc":{"start":{"line":105,"column":17},"end":{"line":121,"column":null}}},"9":{"name":"(anonymous_113)","decl":{"start":{"line":123,"column":2},"end":{"line":123,"column":13}},"loc":{"start":{"line":123,"column":16},"end":{"line":134,"column":null}}},"10":{"name":"(anonymous_114)","decl":{"start":{"line":125,"column":56},"end":{"line":125,"column":61}},"loc":{"start":{"line":125,"column":65},"end":{"line":125,"column":83}}},"11":{"name":"(anonymous_115)","decl":{"start":{"line":126,"column":54},"end":{"line":126,"column":59}},"loc":{"start":{"line":126,"column":63},"end":{"line":126,"column":79}}},"12":{"name":"(anonymous_116)","decl":{"start":{"line":130,"column":55},"end":{"line":130,"column":60}},"loc":{"start":{"line":130,"column":64},"end":{"line":130,"column":82}}},"13":{"name":"(anonymous_117)","decl":{"start":{"line":131,"column":54},"end":{"line":131,"column":59}},"loc":{"start":{"line":131,"column":63},"end":{"line":131,"column":80}}},"14":{"name":"(anonymous_118)","decl":{"start":{"line":132,"column":53},"end":{"line":132,"column":58}},"loc":{"start":{"line":132,"column":62},"end":{"line":132,"column":78}}},"15":{"name":"(anonymous_119)","decl":{"start":{"line":136,"column":2},"end":{"line":136,"column":25}},"loc":{"start":{"line":136,"column":33},"end":{"line":138,"column":null}}},"16":{"name":"(anonymous_120)","decl":{"start":{"line":141,"column":2},"end":{"line":141,"column":9}},"loc":{"start":{"line":141,"column":23},"end":{"line":143,"column":null}}}},"branchMap":{"0":{"loc":{"start":{"line":49,"column":4},"end":{"line":51,"column":null}},"type":"if","locations":[{"start":{"line":49,"column":4},"end":{"line":51,"column":null}}]},"1":{"loc":{"start":{"line":49,"column":8},"end":{"line":49,"column":40}},"type":"binary-expr","locations":[{"start":{"line":49,"column":8},"end":{"line":49,"column":16}},{"start":{"line":49,"column":20},"end":{"line":49,"column":40}}]},"2":{"loc":{"start":{"line":79,"column":4},"end":{"line":83,"column":null}},"type":"if","locations":[{"start":{"line":79,"column":4},"end":{"line":83,"column":null}}]},"3":{"loc":{"start":{"line":85,"column":4},"end":{"line":87,"column":null}},"type":"if","locations":[{"start":{"line":85,"column":4},"end":{"line":87,"column":null}}]},"4":{"loc":{"start":{"line":91,"column":4},"end":{"line":93,"column":null}},"type":"if","locations":[{"start":{"line":91,"column":4},"end":{"line":93,"column":null}}]},"5":{"loc":{"start":{"line":100,"column":19},"end":{"line":102,"column":45}},"type":"cond-expr","locations":[{"start":{"line":101,"column":6},"end":{"line":101,"column":7}},{"start":{"line":102,"column":6},"end":{"line":102,"column":45}}]},"6":{"loc":{"start":{"line":100,"column":19},"end":{"line":100,"column":60}},"type":"binary-expr","locations":[{"start":{"line":100,"column":19},"end":{"line":100,"column":32}},{"start":{"line":100,"column":36},"end":{"line":100,"column":60}}]},"7":{"loc":{"start":{"line":108,"column":4},"end":{"line":110,"column":null}},"type":"if","locations":[{"start":{"line":108,"column":4},"end":{"line":110,"column":null}}]},"8":{"loc":{"start":{"line":116,"column":4},"end":{"line":118,"column":null}},"type":"if","locations":[{"start":{"line":116,"column":4},"end":{"line":118,"column":null}}]},"9":{"loc":{"start":{"line":120,"column":12},"end":{"line":120,"column":82}},"type":"cond-expr","locations":[{"start":{"line":120,"column":28},"end":{"line":120,"column":54}},{"start":{"line":120,"column":57},"end":{"line":120,"column":82}}]},"10":{"loc":{"start":{"line":124,"column":4},"end":{"line":133,"column":null}},"type":"if","locations":[{"start":{"line":124,"column":4},"end":{"line":133,"column":null}},{"start":{"line":129,"column":11},"end":{"line":133,"column":null}}]},"11":{"loc":{"start":{"line":137,"column":11},"end":{"line":137,"column":125}},"type":"binary-expr","locations":[{"start":{"line":137,"column":11},"end":{"line":137,"column":37}},{"start":{"line":137,"column":42},"end":{"line":137,"column":80}},{"start":{"line":137,"column":84},"end":{"line":137,"column":124}}]},"12":{"loc":{"start":{"line":142,"column":11},"end":{"line":142,"column":85}},"type":"binary-expr","locations":[{"start":{"line":142,"column":11},"end":{"line":142,"column":53}},{"start":{"line":142,"column":57},"end":{"line":142,"column":85}}]}},"s":{"0":1,"1":1,"2":1,"3":1,"4":1,"5":1,"6":1,"7":1,"8":1,"9":1,"10":1,"11":1,"12":1,"13":0,"14":0,"15":0,"16":0,"17":0,"18":0,"19":0,"20":0,"21":0,"22":0,"23":0,"24":0,"25":0,"26":0,"27":0,"28":0,"29":0,"30":0,"31":0,"32":0,"33":0,"34":0,"35":0,"36":0,"37":0,"38":0,"39":0,"40":0,"41":0,"42":0,"43":0,"44":0,"45":0,"46":0,"47":0,"48":0,"49":0,"50":0,"51":0,"52":0,"53":0,"54":0,"55":0,"56":0},"f":{"0":0,"1":0,"2":0,"3":0,"4":0,"5":0,"6":0,"7":0,"8":0,"9":0,"10":0,"11":0,"12":0,"13":0,"14":0,"15":0,"16":0},"b":{"0":[0],"1":[0,0],"2":[0],"3":[0],"4":[0],"5":[0,0],"6":[0,0],"7":[0],"8":[0],"9":[0,0],"10":[0,0],"11":[0,0,0],"12":[0,0]}}
,"C:\\Users\\raman\\Desktop\\Code-Institute\\Milestone-Project-2\\js\\src\\util\\template-factory.js": {"path":"C:\\Users\\raman\\Desktop\\Code-Institute\\Milestone-Project-2\\js\\src\\util\\template-factory.js","statementMap":{"0":{"start":{"line":17,"column":13},"end":{"line":17,"column":30}},"1":{"start":{"line":19,"column":16},"end":{"line":27,"column":1}},"2":{"start":{"line":29,"column":20},"end":{"line":37,"column":1}},"3":{"start":{"line":39,"column":27},"end":{"line":42,"column":1}},"4":{"start":{"line":50,"column":4},"end":{"line":50,"column":null}},"5":{"start":{"line":51,"column":4},"end":{"line":51,"column":null}},"6":{"start":{"line":56,"column":4},"end":{"line":56,"column":null}},"7":{"start":{"line":60,"column":4},"end":{"line":60,"column":null}},"8":{"start":{"line":64,"column":4},"end":{"line":64,"column":null}},"9":{"start":{"line":69,"column":4},"end":{"line":71,"column":null}},"10":{"start":{"line":70,"column":21},"end":{"line":70,"column":58}},"11":{"start":{"line":75,"column":4},"end":{"line":75,"column":null}},"12":{"start":{"line":79,"column":4},"end":{"line":79,"column":null}},"13":{"start":{"line":80,"column":4},"end":{"line":80,"column":null}},"14":{"start":{"line":81,"column":4},"end":{"line":81,"column":null}},"15":{"start":{"line":85,"column":28},"end":{"line":85,"column":57}},"16":{"start":{"line":86,"column":4},"end":{"line":86,"column":null}},"17":{"start":{"line":88,"column":4},"end":{"line":90,"column":null}},"18":{"start":{"line":89,"column":6},"end":{"line":89,"column":null}},"19":{"start":{"line":92,"column":21},"end":{"line":92,"column":48}},"20":{"start":{"line":93,"column":23},"end":{"line":93,"column":77}},"21":{"start":{"line":95,"column":4},"end":{"line":97,"column":null}},"22":{"start":{"line":96,"column":6},"end":{"line":96,"column":null}},"23":{"start":{"line":99,"column":4},"end":{"line":99,"column":null}},"24":{"start":{"line":104,"column":4},"end":{"line":104,"column":null}},"25":{"start":{"line":105,"column":4},"end":{"line":105,"column":null}},"26":{"start":{"line":109,"column":4},"end":{"line":111,"column":null}},"27":{"start":{"line":110,"column":6},"end":{"line":110,"column":null}},"28":{"start":{"line":115,"column":28},"end":{"line":115,"column":70}},"29":{"start":{"line":117,"column":4},"end":{"line":119,"column":null}},"30":{"start":{"line":118,"column":6},"end":{"line":118,"column":null}},"31":{"start":{"line":121,"column":4},"end":{"line":121,"column":null}},"32":{"start":{"line":123,"column":4},"end":{"line":126,"column":null}},"33":{"start":{"line":124,"column":6},"end":{"line":124,"column":null}},"34":{"start":{"line":125,"column":6},"end":{"line":125,"column":null}},"35":{"start":{"line":128,"column":4},"end":{"line":131,"column":null}},"36":{"start":{"line":129,"column":6},"end":{"line":129,"column":null}},"37":{"start":{"line":130,"column":6},"end":{"line":130,"column":null}},"38":{"start":{"line":133,"column":4},"end":{"line":136,"column":null}},"39":{"start":{"line":134,"column":6},"end":{"line":134,"column":null}},"40":{"start":{"line":135,"column":6},"end":{"line":135,"column":null}},"41":{"start":{"line":138,"column":4},"end":{"line":138,"column":null}},"42":{"start":{"line":142,"column":4},"end":{"line":142,"column":null}},"43":{"start":{"line":146,"column":4},"end":{"line":146,"column":null}},"44":{"start":{"line":150,"column":4},"end":{"line":154,"column":null}},"45":{"start":{"line":151,"column":6},"end":{"line":151,"column":null}},"46":{"start":{"line":152,"column":6},"end":{"line":152,"column":null}},"47":{"start":{"line":153,"column":6},"end":{"line":153,"column":null}},"48":{"start":{"line":156,"column":4},"end":{"line":156,"column":null}}},"fnMap":{"0":{"name":"(anonymous_309)","decl":{"start":{"line":49,"column":2},"end":{"line":49,"column":13}},"loc":{"start":{"line":49,"column":22},"end":{"line":52,"column":null}}},"1":{"name":"(anonymous_310)","decl":{"start":{"line":55,"column":2},"end":{"line":55,"column":13}},"loc":{"start":{"line":55,"column":23},"end":{"line":57,"column":null}}},"2":{"name":"(anonymous_311)","decl":{"start":{"line":59,"column":2},"end":{"line":59,"column":13}},"loc":{"start":{"line":59,"column":27},"end":{"line":61,"column":null}}},"3":{"name":"(anonymous_312)","decl":{"start":{"line":63,"column":2},"end":{"line":63,"column":13}},"loc":{"start":{"line":63,"column":20},"end":{"line":65,"column":null}}},"4":{"name":"(anonymous_313)","decl":{"start":{"line":68,"column":2},"end":{"line":68,"column":12}},"loc":{"start":{"line":68,"column":15},"end":{"line":72,"column":null}}},"5":{"name":"(anonymous_314)","decl":{"start":{"line":70,"column":11},"end":{"line":70,"column":17}},"loc":{"start":{"line":70,"column":21},"end":{"line":70,"column":58}}},"6":{"name":"(anonymous_315)","decl":{"start":{"line":74,"column":2},"end":{"line":74,"column":12}},"loc":{"start":{"line":74,"column":15},"end":{"line":76,"column":null}}},"7":{"name":"(anonymous_316)","decl":{"start":{"line":78,"column":2},"end":{"line":78,"column":15}},"loc":{"start":{"line":78,"column":25},"end":{"line":82,"column":null}}},"8":{"name":"(anonymous_317)","decl":{"start":{"line":84,"column":2},"end":{"line":84,"column":8}},"loc":{"start":{"line":84,"column":11},"end":{"line":100,"column":null}}},"9":{"name":"(anonymous_318)","decl":{"start":{"line":103,"column":2},"end":{"line":103,"column":18}},"loc":{"start":{"line":103,"column":27},"end":{"line":106,"column":null}}},"10":{"name":"(anonymous_319)","decl":{"start":{"line":108,"column":2},"end":{"line":108,"column":15}},"loc":{"start":{"line":108,"column":21},"end":{"line":112,"column":null}}},"11":{"name":"(anonymous_320)","decl":{"start":{"line":114,"column":2},"end":{"line":114,"column":13}},"loc":{"start":{"line":114,"column":43},"end":{"line":139,"column":null}}},"12":{"name":"(anonymous_321)","decl":{"start":{"line":141,"column":2},"end":{"line":141,"column":16}},"loc":{"start":{"line":141,"column":22},"end":{"line":143,"column":null}}},"13":{"name":"(anonymous_322)","decl":{"start":{"line":145,"column":2},"end":{"line":145,"column":26}},"loc":{"start":{"line":145,"column":32},"end":{"line":147,"column":null}}},"14":{"name":"(anonymous_323)","decl":{"start":{"line":149,"column":2},"end":{"line":149,"column":23}},"loc":{"start":{"line":149,"column":50},"end":{"line":157,"column":null}}}},"branchMap":{"0":{"loc":{"start":{"line":95,"column":4},"end":{"line":97,"column":null}},"type":"if","locations":[{"start":{"line":95,"column":4},"end":{"line":97,"column":null}}]},"1":{"loc":{"start":{"line":117,"column":4},"end":{"line":119,"column":null}},"type":"if","locations":[{"start":{"line":117,"column":4},"end":{"line":119,"column":null}}]},"2":{"loc":{"start":{"line":123,"column":4},"end":{"line":126,"column":null}},"type":"if","locations":[{"start":{"line":123,"column":4},"end":{"line":126,"column":null}}]},"3":{"loc":{"start":{"line":128,"column":4},"end":{"line":131,"column":null}},"type":"if","locations":[{"start":{"line":128,"column":4},"end":{"line":131,"column":null}}]},"4":{"loc":{"start":{"line":133,"column":4},"end":{"line":136,"column":null}},"type":"if","locations":[{"start":{"line":133,"column":4},"end":{"line":136,"column":null}}]},"5":{"loc":{"start":{"line":142,"column":11},"end":{"line":142,"column":107}},"type":"cond-expr","locations":[{"start":{"line":142,"column":35},"end":{"line":142,"column":101}},{"start":{"line":142,"column":104},"end":{"line":142,"column":107}}]},"6":{"loc":{"start":{"line":150,"column":4},"end":{"line":154,"column":null}},"type":"if","locations":[{"start":{"line":150,"column":4},"end":{"line":154,"column":null}}]}},"s":{"0":1,"1":1,"2":1,"3":1,"4":0,"5":0,"6":0,"7":0,"8":0,"9":0,"10":0,"11":0,"12":0,"13":0,"14":0,"15":0,"16":0,"17":0,"18":0,"19":0,"20":0,"21":0,"22":0,"23":0,"24":0,"25":0,"26":0,"27":0,"28":0,"29":0,"30":0,"31":0,"32":0,"33":0,"34":0,"35":0,"36":0,"37":0,"38":0,"39":0,"40":0,"41":0,"42":0,"43":0,"44":0,"45":0,"46":0,"47":0,"48":0},"f":{"0":0,"1":0,"2":0,"3":0,"4":0,"5":0,"6":0,"7":0,"8":0,"9":0,"10":0,"11":0,"12":0,"13":0,"14":0},"b":{"0":[0],"1":[0],"2":[0],"3":[0],"4":[0],"5":[0,0],"6":[0]}}
}
