TN:
SF:assets\scripts\game-setup.js
FN:94,(anonymous_0)
FN:121,(anonymous_1)
FN:132,gameStart
FN:170,setVissablesAndHidden
FN:203,setGameVolume
FN:208,setOldGameVolume
FN:213,gameScreenDimentions
FN:243,gameBoardAndScreenDimentions
FN:269,newGameBoardGrid
FN:284,oldGameBoardGrid
FN:291,setShapesContainerSize
FN:308,(anonymous_11)
FN:321,clearGameBoardandShapes
FN:337,resetGameWeek
FNF:14
FNH:2
FNDA:0,(anonymous_0)
FNDA:0,(anonymous_1)
FNDA:1,gameStart
FNDA:1,setVissablesAndHidden
FNDA:0,setGameVolume
FNDA:0,setOldGameVolume
FNDA:0,gameScreenDimentions
FNDA:0,gameBoardAndScreenDimentions
FNDA:0,newGameBoardGrid
FNDA:0,oldGameBoardGrid
FNDA:0,setShapesContainerSize
FNDA:0,(anonymous_11)
FNDA:0,clearGameBoardandShapes
FNDA:0,resetGameWeek
DA:7,1
DA:8,1
DA:9,1
DA:10,1
DA:11,1
DA:12,1
DA:14,1
DA:15,1
DA:16,1
DA:17,1
DA:18,1
DA:19,1
DA:22,1
DA:23,1
DA:24,1
DA:27,1
DA:28,1
DA:29,1
DA:40,1
DA:85,1
DA:94,1
DA:95,0
DA:96,0
DA:97,0
DA:98,0
DA:101,0
DA:102,0
DA:103,0
DA:105,0
DA:106,0
DA:107,0
DA:108,0
DA:109,0
DA:110,0
DA:111,0
DA:114,0
DA:115,0
DA:116,0
DA:117,0
DA:121,1
DA:122,0
DA:123,0
DA:124,0
DA:125,0
DA:126,0
DA:133,1
DA:136,1
DA:139,0
DA:142,0
DA:143,0
DA:146,0
DA:149,0
DA:150,0
DA:151,0
DA:154,0
DA:155,0
DA:156,0
DA:157,0
DA:160,0
DA:161,0
DA:164,0
DA:165,0
DA:166,0
DA:174,1
DA:176,0
DA:177,0
DA:179,1
DA:180,1
DA:182,0
DA:183,0
DA:185,0
DA:187,1
DA:188,0
DA:191,0
DA:192,0
DA:204,0
DA:205,0
DA:209,0
DA:214,0
DA:220,0
DA:221,0
DA:222,0
DA:223,0
DA:225,0
DA:226,0
DA:229,0
DA:230,0
DA:231,0
DA:233,0
DA:234,0
DA:238,0
DA:239,0
DA:244,0
DA:245,0
DA:246,0
DA:248,0
DA:249,0
DA:250,0
DA:252,0
DA:253,0
DA:254,0
DA:255,0
DA:257,0
DA:259,0
DA:260,0
DA:261,0
DA:263,0
DA:270,0
DA:271,0
DA:272,0
DA:273,0
DA:274,0
DA:276,0
DA:277,0
DA:279,0
DA:285,0
DA:294,0
DA:295,0
DA:296,0
DA:297,0
DA:298,0
DA:300,0
DA:301,0
DA:302,0
DA:303,0
DA:308,0
DA:309,0
DA:310,0
DA:313,0
DA:317,0
DA:318,0
DA:323,0
DA:324,0
DA:325,0
DA:326,0
DA:330,0
DA:331,0
DA:332,0
DA:339,0
DA:340,0
DA:341,0
DA:343,0
DA:345,0
DA:347,0
DA:348,0
DA:349,0
DA:350,0
DA:353,1
LF:148
LH:29
BRDA:101,0,0,0
BRDA:101,0,1,0
BRDA:174,1,0,0
BRDA:174,1,1,1
BRDA:174,1,2,0
BRDA:174,1,3,0
BRDA:220,2,0,0
BRDA:220,2,1,0
BRDA:221,3,0,0
BRDA:221,3,1,0
BRDA:229,4,0,0
BRDA:229,4,1,0
BRDA:252,5,0,0
BRDA:252,5,1,0
BRDA:294,6,0,0
BRDA:294,6,1,0
BRDA:345,7,0,0
BRDA:345,7,1,0
BRF:18
BRH:1
end_of_record
TN:
SF:js\index.umd.js
FNF:0
FNH:0
DA:21,1
LF:1
LH:1
BRF:0
BRH:0
end_of_record
TN:
SF:js\src\alert.js
FN:32,(anonymous_93)
FN:37,(anonymous_94)
FN:47,(anonymous_95)
FN:51,(anonymous_96)
FN:58,(anonymous_97)
FN:59,(anonymous_98)
FNF:6
FNH:1
FNDA:2,(anonymous_93)
FNDA:0,(anonymous_94)
FNDA:0,(anonymous_95)
FNDA:0,(anonymous_96)
FNDA:0,(anonymous_97)
FNDA:0,(anonymous_98)
DA:17,1
DA:18,1
DA:19,1
DA:21,1
DA:22,1
DA:23,1
DA:24,1
DA:33,2
DA:38,0
DA:40,0
DA:41,0
DA:44,0
DA:46,0
DA:47,0
DA:52,0
DA:53,0
DA:54,0
DA:59,0
DA:60,0
DA:62,0
DA:63,0
DA:66,0
DA:67,0
DA:70,0
DA:79,1
DA:85,1
LF:26
LH:10
BRDA:40,0,0,0
BRDA:62,1,0,0
BRDA:66,2,0,0
BRDA:66,3,0,0
BRDA:66,3,1,0
BRDA:66,3,2,0
BRF:6
BRH:0
end_of_record
TN:
SF:js\src\base-component.js
FN:24,(anonymous_67)
FN:39,(anonymous_68)
FN:48,(anonymous_69)
FN:52,(anonymous_70)
FN:60,(anonymous_71)
FN:64,(anonymous_72)
FN:68,(anonymous_73)
FN:72,(anonymous_74)
FN:76,(anonymous_75)
FN:80,(anonymous_76)
FNF:10
FNH:2
FNDA:0,(anonymous_67)
FNDA:0,(anonymous_68)
FNDA:0,(anonymous_69)
FNDA:0,(anonymous_70)
FNDA:0,(anonymous_71)
FNDA:0,(anonymous_72)
FNDA:0,(anonymous_73)
FNDA:4,(anonymous_74)
FNDA:4,(anonymous_75)
FNDA:0,(anonymous_76)
DA:17,1
DA:25,0
DA:27,0
DA:28,0
DA:29,0
DA:32,0
DA:33,0
DA:35,0
DA:40,0
DA:41,0
DA:43,0
DA:44,0
DA:49,0
DA:53,0
DA:54,0
DA:55,0
DA:56,0
DA:61,0
DA:65,0
DA:69,0
DA:73,4
DA:77,4
DA:81,0
LF:23
LH:3
BRDA:28,0,0,0
BRDA:48,1,0,0
BRDA:64,2,0,0
BRDA:65,3,0,0
BRDA:65,3,1,0
BRDA:65,4,0,0
BRDA:65,4,1,0
BRF:7
BRH:0
end_of_record
TN:
SF:js\src\button.js
FN:31,(anonymous_99)
FN:36,(anonymous_100)
FN:42,(anonymous_101)
FN:43,(anonymous_102)
FN:57,(anonymous_103)
FNF:5
FNH:0
FNDA:0,(anonymous_99)
FNDA:0,(anonymous_100)
FNDA:0,(anonymous_101)
FNDA:0,(anonymous_102)
FNDA:0,(anonymous_103)
DA:16,1
DA:17,1
DA:18,1
DA:19,1
DA:21,1
DA:22,1
DA:23,1
DA:32,0
DA:38,0
DA:43,0
DA:44,0
DA:46,0
DA:47,0
DA:57,1
DA:58,0
DA:60,0
DA:61,0
DA:63,0
DA:70,1
LF:19
LH:9
BRDA:46,0,0,0
BRF:1
BRH:0
end_of_record
TN:
SF:js\src\carousel.js
FN:93,(anonymous_121)
FN:111,(anonymous_122)
FN:115,(anonymous_123)
FN:119,(anonymous_124)
FN:124,(anonymous_125)
FN:128,(anonymous_126)
FN:137,(anonymous_127)
FN:141,(anonymous_128)
FN:149,(anonymous_129)
FN:153,(anonymous_130)
FN:156,(anonymous_131)
FN:162,(anonymous_132)
FN:169,(anonymous_133)
FN:176,(anonymous_134)
FN:190,(anonymous_135)
FN:199,(anonymous_136)
FN:204,(anonymous_137)
FN:206,(anonymous_138)
FN:210,(anonymous_139)
FN:211,(anonymous_140)
FN:219,(anonymous_141)
FN:221,(anonymous_142)
FN:224,(anonymous_143)
FN:242,(anonymous_144)
FN:246,(anonymous_145)
FN:247,(anonymous_146)
FN:254,(anonymous_147)
FN:266,(anonymous_148)
FN:270,(anonymous_149)
FN:288,(anonymous_150)
FN:300,(anonymous_151)
FN:315,(anonymous_152)
FN:354,(anonymous_153)
FN:372,(anonymous_154)
FN:376,(anonymous_155)
FN:380,(anonymous_156)
FN:384,(anonymous_157)
FN:391,(anonymous_158)
FN:399,(anonymous_159)
FN:408,(anonymous_160)
FN:409,(anonymous_161)
FN:432,(anonymous_162)
FN:460,(anonymous_163)
FNF:43
FNH:0
FNDA:0,(anonymous_121)
FNDA:0,(anonymous_122)
FNDA:0,(anonymous_123)
FNDA:0,(anonymous_124)
FNDA:0,(anonymous_125)
FNDA:0,(anonymous_126)
FNDA:0,(anonymous_127)
FNDA:0,(anonymous_128)
FNDA:0,(anonymous_129)
FNDA:0,(anonymous_130)
FNDA:0,(anonymous_131)
FNDA:0,(anonymous_132)
FNDA:0,(anonymous_133)
FNDA:0,(anonymous_134)
FNDA:0,(anonymous_135)
FNDA:0,(anonymous_136)
FNDA:0,(anonymous_137)
FNDA:0,(anonymous_138)
FNDA:0,(anonymous_139)
FNDA:0,(anonymous_140)
FNDA:0,(anonymous_141)
FNDA:0,(anonymous_142)
FNDA:0,(anonymous_143)
FNDA:0,(anonymous_144)
FNDA:0,(anonymous_145)
FNDA:0,(anonymous_146)
FNDA:0,(anonymous_147)
FNDA:0,(anonymous_148)
FNDA:0,(anonymous_149)
FNDA:0,(anonymous_150)
FNDA:0,(anonymous_151)
FNDA:0,(anonymous_152)
FNDA:0,(anonymous_153)
FNDA:0,(anonymous_154)
FNDA:0,(anonymous_155)
FNDA:0,(anonymous_156)
FNDA:0,(anonymous_157)
FNDA:0,(anonymous_158)
FNDA:0,(anonymous_159)
FNDA:0,(anonymous_160)
FNDA:0,(anonymous_161)
FNDA:0,(anonymous_162)
FNDA:0,(anonymous_163)
DA:26,1
DA:27,1
DA:28,1
DA:29,1
DA:31,1
DA:32,1
DA:33,1
DA:35,1
DA:36,1
DA:37,1
DA:38,1
DA:40,1
DA:41,1
DA:42,1
DA:43,1
DA:44,1
DA:45,1
DA:46,1
DA:47,1
DA:49,1
DA:50,1
DA:51,1
DA:52,1
DA:53,1
DA:54,1
DA:55,1
DA:57,1
DA:58,1
DA:59,1
DA:60,1
DA:61,1
DA:62,1
DA:63,1
DA:65,1
DA:70,1
DA:79,1
DA:94,0
DA:96,0
DA:97,0
DA:98,0
DA:99,0
DA:100,0
DA:102,0
DA:103,0
DA:105,0
DA:106,0
DA:112,0
DA:116,0
DA:120,0
DA:125,0
DA:132,0
DA:133,0
DA:138,0
DA:142,0
DA:143,0
DA:146,0
DA:150,0
DA:151,0
DA:153,0
DA:157,0
DA:158,0
DA:161,0
DA:162,0
DA:163,0
DA:166,0
DA:170,0
DA:171,0
DA:172,0
DA:175,0
DA:176,0
DA:177,0
DA:180,0
DA:181,0
DA:182,0
DA:185,0
DA:187,0
DA:191,0
DA:192,0
DA:195,0
DA:200,0
DA:201,0
DA:205,0
DA:206,0
DA:209,0
DA:210,0
DA:211,0
DA:214,0
DA:215,0
DA:220,0
DA:221,0
DA:224,0
DA:225,0
DA:226,0
DA:237,0
DA:238,0
DA:239,0
DA:242,0
DA:245,0
DA:246,0
DA:247,0
DA:251,0
DA:255,0
DA:256,0
DA:259,0
DA:260,0
DA:261,0
DA:262,0
DA:267,0
DA:271,0
DA:272,0
DA:275,0
DA:277,0
DA:278,0
DA:280,0
DA:282,0
DA:283,0
DA:284,0
DA:289,0
DA:291,0
DA:292,0
DA:295,0
DA:297,0
DA:301,0
DA:302,0
DA:305,0
DA:306,0
DA:307,0
DA:309,0
DA:310,0
DA:313,0
DA:315,0
DA:316,0
DA:324,0
DA:326,0
DA:327,0
DA:330,0
DA:333,0
DA:336,0
DA:337,0
DA:339,0
DA:341,0
DA:342,0
DA:344,0
DA:345,0
DA:347,0
DA:349,0
DA:351,0
DA:352,0
DA:354,0
DA:355,0
DA:356,0
DA:358,0
DA:360,0
DA:362,0
DA:365,0
DA:367,0
DA:368,0
DA:373,0
DA:377,0
DA:381,0
DA:385,0
DA:386,0
DA:387,0
DA:392,0
DA:393,0
DA:396,0
DA:400,0
DA:401,0
DA:404,0
DA:409,0
DA:410,0
DA:412,0
DA:413,0
DA:414,0
DA:417,0
DA:418,0
DA:419,0
DA:422,0
DA:432,1
DA:433,0
DA:435,0
DA:436,0
DA:439,0
DA:441,0
DA:442,0
DA:444,0
DA:445,0
DA:446,0
DA:447,0
DA:450,0
DA:451,0
DA:452,0
DA:453,0
DA:456,0
DA:457,0
DA:460,1
DA:461,0
DA:463,0
DA:464,0
DA:472,1
LF:200
LH:39
BRDA:105,0,0,0
BRDA:132,1,0,0
BRDA:132,2,0,0
BRDA:132,2,1,0
BRDA:142,3,0,0
BRDA:157,4,0,0
BRDA:161,5,0,0
BRDA:171,6,0,0
BRDA:171,7,0,0
BRDA:171,7,1,0
BRDA:175,8,0,0
BRDA:181,9,0,0
BRDA:185,10,0,0
BRDA:185,10,1,0
BRDA:191,11,0,0
BRDA:205,12,0,0
BRDA:209,13,0,0
BRDA:214,14,0,0
BRDA:214,15,0,0
BRDA:214,15,1,0
BRDA:225,16,0,0
BRDA:238,17,0,0
BRDA:255,18,0,0
BRDA:260,19,0,0
BRDA:271,20,0,0
BRDA:282,21,0,0
BRDA:289,22,0,0
BRDA:289,22,1,0
BRDA:291,23,0,0
BRDA:297,24,0,0
BRDA:297,24,1,0
BRDA:300,25,0,0
BRDA:301,26,0,0
BRDA:307,27,0,0
BRDA:307,27,1,0
BRDA:309,28,0,0
BRDA:326,29,0,0
BRDA:330,30,0,0
BRDA:330,31,0,0
BRDA:330,31,1,0
BRDA:344,32,0,0
BRDA:344,32,1,0
BRDA:345,33,0,0
BRDA:345,33,1,0
BRDA:367,34,0,0
BRDA:385,35,0,0
BRDA:392,36,0,0
BRDA:393,37,0,0
BRDA:393,37,1,0
BRDA:396,38,0,0
BRDA:396,38,1,0
BRDA:400,39,0,0
BRDA:401,40,0,0
BRDA:401,40,1,0
BRDA:404,41,0,0
BRDA:404,41,1,0
BRDA:412,42,0,0
BRDA:417,43,0,0
BRDA:418,44,0,0
BRDA:418,45,0,0
BRDA:418,45,1,0
BRDA:418,45,2,0
BRDA:435,46,0,0
BRDA:435,47,0,0
BRDA:435,47,1,0
BRDA:444,48,0,0
BRDA:450,49,0,0
BRF:67
BRH:0
end_of_record
TN:
SF:js\src\collapse.js
FN:60,(anonymous_164)
FN:71,(anonymous_165)
FN:90,(anonymous_166)
FN:94,(anonymous_167)
FN:98,(anonymous_168)
FN:103,(anonymous_169)
FN:111,(anonymous_170)
FN:121,(anonymous_171)
FN:122,(anonymous_172)
FN:148,(anonymous_173)
FN:166,(anonymous_174)
FN:195,(anonymous_175)
FN:207,(anonymous_176)
FN:212,(anonymous_177)
FN:218,(anonymous_178)
FN:222,(anonymous_179)
FN:238,(anonymous_180)
FN:241,(anonymous_181)
FN:244,(anonymous_182)
FN:256,(anonymous_183)
FN:262,(anonymous_184)
FN:280,(anonymous_185)
FNF:22
FNH:0
FNDA:0,(anonymous_164)
FNDA:0,(anonymous_165)
FNDA:0,(anonymous_166)
FNDA:0,(anonymous_167)
FNDA:0,(anonymous_168)
FNDA:0,(anonymous_169)
FNDA:0,(anonymous_170)
FNDA:0,(anonymous_171)
FNDA:0,(anonymous_172)
FNDA:0,(anonymous_173)
FNDA:0,(anonymous_174)
FNDA:0,(anonymous_175)
FNDA:0,(anonymous_176)
FNDA:0,(anonymous_177)
FNDA:0,(anonymous_178)
FNDA:0,(anonymous_179)
FNDA:0,(anonymous_180)
FNDA:0,(anonymous_181)
FNDA:0,(anonymous_182)
FNDA:0,(anonymous_183)
FNDA:0,(anonymous_184)
FNDA:0,(anonymous_185)
DA:21,1
DA:22,1
DA:23,1
DA:24,1
DA:26,1
DA:27,1
DA:28,1
DA:29,1
DA:30,1
DA:32,1
DA:33,1
DA:34,1
DA:35,1
DA:36,1
DA:37,1
DA:39,1
DA:40,1
DA:42,1
DA:43,1
DA:45,1
DA:50,1
DA:61,0
DA:63,0
DA:64,0
DA:66,0
DA:68,0
DA:69,0
DA:70,0
DA:71,0
DA:73,0
DA:74,0
DA:78,0
DA:80,0
DA:81,0
DA:84,0
DA:85,0
DA:91,0
DA:95,0
DA:99,0
DA:104,0
DA:105,0
DA:107,0
DA:112,0
DA:113,0
DA:116,0
DA:119,0
DA:120,0
DA:121,0
DA:122,0
DA:125,0
DA:126,0
DA:129,0
DA:130,0
DA:131,0
DA:134,0
DA:135,0
DA:138,0
DA:140,0
DA:141,0
DA:143,0
DA:145,0
DA:146,0
DA:148,0
DA:149,0
DA:151,0
DA:152,0
DA:154,0
DA:156,0
DA:159,0
DA:160,0
DA:162,0
DA:163,0
DA:167,0
DA:168,0
DA:171,0
DA:172,0
DA:173,0
DA:176,0
DA:178,0
DA:180,0
DA:182,0
DA:183,0
DA:185,0
DA:186,0
DA:188,0
DA:189,0
DA:193,0
DA:195,0
DA:196,0
DA:197,0
DA:198,0
DA:199,0
DA:202,0
DA:204,0
DA:208,0
DA:213,0
DA:214,0
DA:215,0
DA:219,0
DA:223,0
DA:224,0
DA:227,0
DA:229,0
DA:230,0
DA:232,0
DA:233,0
DA:239,0
DA:241,0
DA:245,0
DA:246,0
DA:249,0
DA:250,0
DA:251,0
DA:257,0
DA:258,0
DA:259,0
DA:262,0
DA:263,0
DA:265,0
DA:266,0
DA:267,0
DA:270,0
DA:280,1
DA:282,0
DA:283,0
DA:286,0
DA:287,0
DA:295,1
LF:128
LH:23
BRDA:73,0,0,0
BRDA:73,1,0,0
BRDA:73,1,1,0
BRDA:80,2,0,0
BRDA:84,3,0,0
BRDA:104,4,0,0
BRDA:104,4,1,0
BRDA:112,5,0,0
BRDA:112,6,0,0
BRDA:112,6,1,0
BRDA:119,7,0,0
BRDA:125,8,0,0
BRDA:125,9,0,0
BRDA:125,9,1,0
BRDA:130,10,0,0
BRDA:167,11,0,0
BRDA:167,12,0,0
BRDA:167,12,1,0
BRDA:172,13,0,0
BRDA:188,14,0,0
BRDA:188,15,0,0
BRDA:188,15,1,0
BRDA:207,16,0,0
BRDA:219,17,0,0
BRDA:219,17,1,0
BRDA:223,18,0,0
BRDA:232,19,0,0
BRDA:245,20,0,0
BRDA:258,21,0,0
BRDA:258,22,0,0
BRDA:258,22,1,0
BRDA:265,23,0,0
BRDA:266,24,0,0
BRDA:282,25,0,0
BRDA:282,26,0,0
BRDA:282,26,1,0
BRDA:282,26,2,0
BRF:37
BRH:0
end_of_record
TN:
SF:js\src\dropdown.js
FN:94,(anonymous_186)
FN:107,(anonymous_187)
FN:111,(anonymous_188)
FN:115,(anonymous_189)
FN:120,(anonymous_190)
FN:124,(anonymous_191)
FN:159,(anonymous_192)
FN:171,(anonymous_193)
FN:179,(anonymous_194)
FN:187,(anonymous_195)
FN:212,(anonymous_196)
FN:225,(anonymous_197)
FN:244,(anonymous_198)
FN:248,(anonymous_199)
FN:277,(anonymous_200)
FN:281,(anonymous_201)
FN:285,(anonymous_202)
FN:289,(anonymous_203)
FN:295,(anonymous_204)
FN:327,(anonymous_205)
FN:328,(anonymous_206)
FN:340,(anonymous_207)
FN:341,(anonymous_208)
FN:356,(anonymous_209)
FN:394,(anonymous_210)
FN:444,(anonymous_211)
FNF:26
FNH:0
FNDA:0,(anonymous_186)
FNDA:0,(anonymous_187)
FNDA:0,(anonymous_188)
FNDA:0,(anonymous_189)
FNDA:0,(anonymous_190)
FNDA:0,(anonymous_191)
FNDA:0,(anonymous_192)
FNDA:0,(anonymous_193)
FNDA:0,(anonymous_194)
FNDA:0,(anonymous_195)
FNDA:0,(anonymous_196)
FNDA:0,(anonymous_197)
FNDA:0,(anonymous_198)
FNDA:0,(anonymous_199)
FNDA:0,(anonymous_200)
FNDA:0,(anonymous_201)
FNDA:0,(anonymous_202)
FNDA:0,(anonymous_203)
FNDA:0,(anonymous_204)
FNDA:0,(anonymous_205)
FNDA:0,(anonymous_206)
FNDA:0,(anonymous_207)
FNDA:0,(anonymous_208)
FNDA:0,(anonymous_209)
FNDA:0,(anonymous_210)
FNDA:0,(anonymous_211)
DA:29,1
DA:30,1
DA:31,1
DA:32,1
DA:34,1
DA:35,1
DA:36,1
DA:37,1
DA:38,1
DA:40,1
DA:41,1
DA:42,1
DA:43,1
DA:44,1
DA:45,1
DA:46,1
DA:48,1
DA:49,1
DA:50,1
DA:51,1
DA:52,1
DA:53,1
DA:55,1
DA:56,1
DA:57,1
DA:58,1
DA:59,1
DA:60,1
DA:62,1
DA:63,1
DA:64,1
DA:65,1
DA:66,1
DA:67,1
DA:68,1
DA:69,1
DA:71,1
DA:80,1
DA:95,0
DA:97,0
DA:98,0
DA:100,0
DA:103,0
DA:108,0
DA:112,0
DA:116,0
DA:121,0
DA:125,0
DA:126,0
DA:129,0
DA:133,0
DA:135,0
DA:136,0
DA:139,0
DA:145,0
DA:146,0
DA:147,0
DA:151,0
DA:152,0
DA:154,0
DA:155,0
DA:156,0
DA:160,0
DA:161,0
DA:164,0
DA:168,0
DA:172,0
DA:173,0
DA:176,0
DA:180,0
DA:181,0
DA:182,0
DA:188,0
DA:189,0
DA:190,0
DA:195,0
DA:196,0
DA:197,0
DA:201,0
DA:202,0
DA:205,0
DA:206,0
DA:207,0
DA:208,0
DA:209,0
DA:213,0
DA:215,0
DA:219,0
DA:222,0
DA:226,0
DA:227,0
DA:230,0
DA:232,0
DA:233,0
DA:234,0
DA:235,0
DA:236,0
DA:237,0
DA:240,0
DA:241,0
DA:245,0
DA:249,0
DA:251,0
DA:252,0
DA:255,0
DA:256,0
DA:259,0
DA:260,0
DA:263,0
DA:264,0
DA:268,0
DA:270,0
DA:271,0
DA:274,0
DA:278,0
DA:282,0
DA:284,0
DA:285,0
DA:288,0
DA:289,0
DA:292,0
DA:296,0
DA:313,0
DA:314,0
DA:315,0
DA:321,0
DA:328,0
DA:330,0
DA:331,0
DA:336,0
DA:341,0
DA:342,0
DA:344,0
DA:345,0
DA:348,0
DA:349,0
DA:352,0
DA:357,0
DA:358,0
DA:361,0
DA:363,0
DA:364,0
DA:365,0
DA:366,0
DA:369,0
DA:370,0
DA:371,0
DA:376,0
DA:380,0
DA:381,0
DA:384,0
DA:386,0
DA:387,0
DA:390,0
DA:398,0
DA:399,0
DA:400,0
DA:402,0
DA:403,0
DA:406,0
DA:407,0
DA:410,0
DA:413,0
DA:419,0
DA:421,0
DA:422,0
DA:423,0
DA:424,0
DA:425,0
DA:428,0
DA:429,0
DA:430,0
DA:431,0
DA:440,1
DA:441,1
DA:442,1
DA:443,1
DA:444,1
DA:445,0
DA:446,0
DA:453,1
LF:181
LH:44
BRDA:62,0,0,0
BRDA:62,0,1,1
BRDA:63,1,0,0
BRDA:63,1,1,1
BRDA:64,2,0,0
BRDA:64,2,1,1
BRDA:65,3,0,0
BRDA:65,3,1,1
BRDA:66,4,0,0
BRDA:66,4,1,1
BRDA:67,5,0,0
BRDA:67,5,1,1
BRDA:100,6,0,0
BRDA:100,6,1,0
BRDA:100,6,2,0
BRDA:121,7,0,0
BRDA:121,7,1,0
BRDA:125,8,0,0
BRDA:125,9,0,0
BRDA:125,9,1,0
BRDA:135,10,0,0
BRDA:145,11,0,0
BRDA:145,12,0,0
BRDA:145,12,1,0
BRDA:160,13,0,0
BRDA:160,14,0,0
BRDA:160,14,1,0
BRDA:172,15,0,0
BRDA:181,16,0,0
BRDA:189,17,0,0
BRDA:195,18,0,0
BRDA:201,19,0,0
BRDA:215,20,0,0
BRDA:215,21,0,0
BRDA:215,21,1,0
BRDA:215,21,2,0
BRDA:226,22,0,0
BRDA:232,23,0,0
BRDA:232,23,1,0
BRDA:234,24,0,0
BRDA:234,24,1,0
BRDA:236,25,0,0
BRDA:251,26,0,0
BRDA:255,27,0,0
BRDA:259,28,0,0
BRDA:263,29,0,0
BRDA:270,30,0,0
BRDA:271,31,0,0
BRDA:271,31,1,0
BRDA:274,32,0,0
BRDA:274,32,1,0
BRDA:284,33,0,0
BRDA:288,34,0,0
BRDA:313,35,0,0
BRDA:313,36,0,0
BRDA:313,36,1,0
BRDA:330,37,0,0
BRDA:344,38,0,0
BRDA:348,39,0,0
BRDA:357,40,0,0
BRDA:357,41,0,0
BRDA:357,41,1,0
BRDA:357,41,2,0
BRDA:365,42,0,0
BRDA:365,43,0,0
BRDA:365,43,1,0
BRDA:371,44,0,0
BRDA:372,45,0,0
BRDA:372,45,1,0
BRDA:372,45,2,0
BRDA:372,45,3,0
BRDA:372,45,4,0
BRDA:380,46,0,0
BRDA:380,47,0,0
BRDA:380,47,1,0
BRDA:380,47,2,0
BRDA:380,47,3,0
BRDA:386,48,0,0
BRDA:402,49,0,0
BRDA:402,50,0,0
BRDA:402,50,1,0
BRDA:406,51,0,0
BRDA:406,52,0,0
BRDA:406,52,1,0
BRDA:413,53,0,0
BRDA:413,53,1,0
BRDA:415,54,0,0
BRDA:415,54,1,0
BRDA:415,54,2,0
BRDA:421,55,0,0
BRDA:428,56,0,0
BRF:91
BRH:6
end_of_record
TN:
SF:js\src\modal.js
FN:65,(anonymous_251)
FN:79,(anonymous_252)
FN:83,(anonymous_253)
FN:87,(anonymous_254)
FN:92,(anonymous_255)
FN:96,(anonymous_256)
FN:118,(anonymous_257)
FN:121,(anonymous_258)
FN:138,(anonymous_259)
FN:141,(anonymous_260)
FN:151,(anonymous_261)
FN:156,(anonymous_262)
FN:163,(anonymous_263)
FN:169,(anonymous_264)
FN:190,(anonymous_265)
FN:204,(anonymous_266)
FN:205,(anonymous_267)
FN:218,(anonymous_268)
FN:224,(anonymous_269)
FN:226,(anonymous_270)
FN:243,(anonymous_271)
FN:250,(anonymous_272)
FN:258,(anonymous_273)
FN:262,(anonymous_274)
FN:280,(anonymous_275)
FN:282,(anonymous_276)
FN:294,(anonymous_277)
FN:310,(anonymous_278)
FN:316,(anonymous_279)
FN:317,(anonymous_280)
FN:337,(anonymous_281)
FN:344,(anonymous_282)
FN:350,(anonymous_283)
FNF:33
FNH:1
FNDA:0,(anonymous_251)
FNDA:0,(anonymous_252)
FNDA:0,(anonymous_253)
FNDA:2,(anonymous_254)
FNDA:0,(anonymous_255)
FNDA:0,(anonymous_256)
FNDA:0,(anonymous_257)
FNDA:0,(anonymous_258)
FNDA:0,(anonymous_259)
FNDA:0,(anonymous_260)
FNDA:0,(anonymous_261)
FNDA:0,(anonymous_262)
FNDA:0,(anonymous_263)
FNDA:0,(anonymous_264)
FNDA:0,(anonymous_265)
FNDA:0,(anonymous_266)
FNDA:0,(anonymous_267)
FNDA:0,(anonymous_268)
FNDA:0,(anonymous_269)
FNDA:0,(anonymous_270)
FNDA:0,(anonymous_271)
FNDA:0,(anonymous_272)
FNDA:0,(anonymous_273)
FNDA:0,(anonymous_274)
FNDA:0,(anonymous_275)
FNDA:0,(anonymous_276)
FNDA:0,(anonymous_277)
FNDA:0,(anonymous_278)
FNDA:0,(anonymous_279)
FNDA:0,(anonymous_280)
FNDA:0,(anonymous_281)
FNDA:0,(anonymous_282)
FNDA:0,(anonymous_283)
DA:21,1
DA:22,1
DA:23,1
DA:24,1
DA:25,1
DA:27,1
DA:28,1
DA:29,1
DA:30,1
DA:31,1
DA:32,1
DA:33,1
DA:34,1
DA:35,1
DA:36,1
DA:38,1
DA:39,1
DA:40,1
DA:41,1
DA:43,1
DA:44,1
DA:45,1
DA:46,1
DA:48,1
DA:54,1
DA:66,0
DA:68,0
DA:69,0
DA:70,0
DA:71,0
DA:72,0
DA:73,0
DA:75,0
DA:80,0
DA:84,0
DA:88,2
DA:93,0
DA:97,0
DA:98,0
DA:101,0
DA:105,0
DA:106,0
DA:109,0
DA:110,0
DA:112,0
DA:114,0
DA:116,0
DA:118,0
DA:122,0
DA:123,0
DA:126,0
DA:128,0
DA:129,0
DA:132,0
DA:133,0
DA:134,0
DA:136,0
DA:138,0
DA:142,0
DA:143,0
DA:145,0
DA:146,0
DA:148,0
DA:152,0
DA:157,0
DA:164,0
DA:171,0
DA:172,0
DA:175,0
DA:176,0
DA:177,0
DA:178,0
DA:179,0
DA:181,0
DA:182,0
DA:183,0
DA:186,0
DA:188,0
DA:190,0
DA:191,0
DA:192,0
DA:195,0
DA:196,0
DA:201,0
DA:205,0
DA:206,0
DA:207,0
DA:210,0
DA:211,0
DA:212,0
DA:215,0
DA:218,0
DA:219,0
DA:220,0
DA:224,0
DA:226,0
DA:227,0
DA:228,0
DA:231,0
DA:232,0
DA:233,0
DA:236,0
DA:237,0
DA:244,0
DA:245,0
DA:246,0
DA:247,0
DA:248,0
DA:250,0
DA:251,0
DA:252,0
DA:253,0
DA:254,0
DA:259,0
DA:263,0
DA:264,0
DA:265,0
DA:268,0
DA:269,0
DA:271,0
DA:272,0
DA:275,0
DA:276,0
DA:279,0
DA:280,0
DA:281,0
DA:282,0
DA:283,0
DA:287,0
DA:295,0
DA:296,0
DA:297,0
DA:299,0
DA:300,0
DA:301,0
DA:304,0
DA:305,0
DA:306,0
DA:311,0
DA:312,0
DA:317,0
DA:318,0
DA:320,0
DA:321,0
DA:324,0
DA:325,0
DA:328,0
DA:337,1
DA:338,0
DA:340,0
DA:341,0
DA:344,0
DA:345,0
DA:347,0
DA:350,0
DA:351,0
DA:352,0
DA:358,0
DA:359,0
DA:360,0
DA:363,0
DA:365,0
DA:368,1
DA:374,1
LF:164
LH:29
BRDA:93,0,0,0
BRDA:93,0,1,0
BRDA:97,1,0,0
BRDA:97,2,0,0
BRDA:97,2,1,0
BRDA:105,3,0,0
BRDA:122,4,0,0
BRDA:122,5,0,0
BRDA:122,5,1,0
BRDA:128,6,0,0
BRDA:171,7,0,0
BRDA:182,8,0,0
BRDA:191,9,0,0
BRDA:206,10,0,0
BRDA:210,11,0,0
BRDA:219,12,0,0
BRDA:219,13,0,0
BRDA:219,13,1,0
BRDA:227,14,0,0
BRDA:227,15,0,0
BRDA:227,15,1,0
BRDA:231,16,0,0
BRDA:236,17,0,0
BRDA:264,18,0,0
BRDA:271,19,0,0
BRDA:271,20,0,0
BRDA:271,20,1,0
BRDA:275,21,0,0
BRDA:299,22,0,0
BRDA:299,23,0,0
BRDA:299,23,1,0
BRDA:300,24,0,0
BRDA:300,24,1,0
BRDA:304,25,0,0
BRDA:304,26,0,0
BRDA:304,26,1,0
BRDA:305,27,0,0
BRDA:305,27,1,0
BRDA:320,28,0,0
BRDA:324,29,0,0
BRDA:340,30,0,0
BRDA:345,31,0,0
BRDA:351,32,0,0
BRDA:359,33,0,0
BRF:44
BRH:0
end_of_record
TN:
SF:js\src\offcanvas.js
FN:66,(anonymous_284)
FN:76,(anonymous_285)
FN:80,(anonymous_286)
FN:84,(anonymous_287)
FN:89,(anonymous_288)
FN:93,(anonymous_289)
FN:115,(anonymous_290)
FN:128,(anonymous_291)
FN:145,(anonymous_292)
FN:160,(anonymous_293)
FN:167,(anonymous_294)
FN:168,(anonymous_295)
FN:189,(anonymous_296)
FN:195,(anonymous_297)
FN:196,(anonymous_298)
FN:211,(anonymous_299)
FN:212,(anonymous_300)
FN:232,(anonymous_301)
FN:243,(anonymous_302)
FN:260,(anonymous_303)
FN:266,(anonymous_304)
FNF:21
FNH:1
FNDA:0,(anonymous_284)
FNDA:0,(anonymous_285)
FNDA:0,(anonymous_286)
FNDA:2,(anonymous_287)
FNDA:0,(anonymous_288)
FNDA:0,(anonymous_289)
FNDA:0,(anonymous_290)
FNDA:0,(anonymous_291)
FNDA:0,(anonymous_292)
FNDA:0,(anonymous_293)
FNDA:0,(anonymous_294)
FNDA:0,(anonymous_295)
FNDA:0,(anonymous_296)
FNDA:0,(anonymous_297)
FNDA:0,(anonymous_298)
FNDA:0,(anonymous_299)
FNDA:0,(anonymous_300)
FNDA:0,(anonymous_301)
FNDA:0,(anonymous_302)
FNDA:0,(anonymous_303)
FNDA:0,(anonymous_304)
DA:25,1
DA:26,1
DA:27,1
DA:28,1
DA:29,1
DA:30,1
DA:32,1
DA:33,1
DA:34,1
DA:35,1
DA:36,1
DA:38,1
DA:39,1
DA:40,1
DA:41,1
DA:42,1
DA:43,1
DA:44,1
DA:45,1
DA:47,1
DA:49,1
DA:55,1
DA:67,0
DA:69,0
DA:70,0
DA:71,0
DA:72,0
DA:77,0
DA:81,0
DA:85,2
DA:90,0
DA:94,0
DA:95,0
DA:98,0
DA:100,0
DA:101,0
DA:104,0
DA:105,0
DA:107,0
DA:108,0
DA:111,0
DA:112,0
DA:113,0
DA:115,0
DA:116,0
DA:117,0
DA:120,0
DA:121,0
DA:122,0
DA:125,0
DA:129,0
DA:130,0
DA:133,0
DA:135,0
DA:136,0
DA:139,0
DA:140,0
DA:141,0
DA:142,0
DA:143,0
DA:145,0
DA:146,0
DA:147,0
DA:148,0
DA:150,0
DA:151,0
DA:154,0
DA:157,0
DA:161,0
DA:162,0
DA:163,0
DA:168,0
DA:169,0
DA:170,0
DA:171,0
DA:174,0
DA:178,0
DA:180,0
DA:190,0
DA:196,0
DA:197,0
DA:198,0
DA:201,0
DA:202,0
DA:203,0
DA:206,0
DA:212,0
DA:213,0
DA:215,0
DA:216,0
DA:219,0
DA:220,0
DA:223,0
DA:232,1
DA:233,0
DA:235,0
DA:236,0
DA:239,0
DA:240,0
DA:243,0
DA:245,0
DA:246,0
DA:251,0
DA:252,0
DA:253,0
DA:256,0
DA:257,0
DA:260,1
DA:261,0
DA:262,0
DA:266,1
DA:267,0
DA:268,0
DA:269,0
DA:274,1
DA:280,1
LF:116
LH:28
BRDA:90,0,0,0
BRDA:90,0,1,0
BRDA:94,1,0,0
BRDA:100,2,0,0
BRDA:107,3,0,0
BRDA:116,4,0,0
BRDA:116,5,0,0
BRDA:116,5,1,0
BRDA:129,6,0,0
BRDA:135,7,0,0
BRDA:150,8,0,0
BRDA:169,9,0,0
BRDA:185,10,0,0
BRDA:185,10,1,0
BRDA:197,11,0,0
BRDA:201,12,0,0
BRDA:215,13,0,0
BRDA:219,14,0,0
BRDA:219,15,0,0
BRDA:219,15,1,0
BRDA:219,15,2,0
BRDA:235,16,0,0
BRDA:239,17,0,0
BRDA:245,18,0,0
BRDA:252,19,0,0
BRDA:252,20,0,0
BRDA:252,20,1,0
BRDA:268,21,0,0
BRF:28
BRH:0
end_of_record
TN:
SF:js\src\popover.js
FN:44,(anonymous_373)
FN:48,(anonymous_374)
FN:52,(anonymous_375)
FN:57,(anonymous_376)
FN:62,(anonymous_377)
FN:69,(anonymous_378)
FN:74,(anonymous_379)
FN:75,(anonymous_380)
FNF:8
FNH:0
FNDA:0,(anonymous_373)
FNDA:0,(anonymous_374)
FNDA:0,(anonymous_375)
FNDA:0,(anonymous_376)
FNDA:0,(anonymous_377)
FNDA:0,(anonymous_378)
FNDA:0,(anonymous_379)
FNDA:0,(anonymous_380)
DA:15,1
DA:17,1
DA:18,1
DA:20,1
DA:33,1
DA:45,0
DA:49,0
DA:53,0
DA:58,0
DA:63,0
DA:70,0
DA:75,0
DA:76,0
DA:78,0
DA:79,0
DA:82,0
DA:83,0
DA:86,0
DA:95,1
LF:19
LH:6
BRDA:58,0,0,0
BRDA:58,0,1,0
BRDA:78,1,0,0
BRDA:82,2,0,0
BRF:4
BRH:0
end_of_record
TN:
SF:js\src\scrollspy.js
FN:60,(anonymous_381)
FN:77,(anonymous_382)
FN:81,(anonymous_383)
FN:85,(anonymous_384)
FN:90,(anonymous_385)
FN:105,(anonymous_386)
FN:111,(anonymous_387)
FN:119,(anonymous_388)
FN:125,(anonymous_389)
FN:133,(anonymous_390)
FN:150,(anonymous_391)
FN:157,(anonymous_392)
FN:161,(anonymous_393)
FN:162,(anonymous_394)
FN:163,(anonymous_395)
FN:199,(anonymous_396)
FN:221,(anonymous_397)
FN:234,(anonymous_398)
FN:251,(anonymous_399)
FN:261,(anonymous_400)
FN:262,(anonymous_401)
FN:282,(anonymous_402)
FNF:22
FNH:0
FNDA:0,(anonymous_381)
FNDA:0,(anonymous_382)
FNDA:0,(anonymous_383)
FNDA:0,(anonymous_384)
FNDA:0,(anonymous_385)
FNDA:0,(anonymous_386)
FNDA:0,(anonymous_387)
FNDA:0,(anonymous_388)
FNDA:0,(anonymous_389)
FNDA:0,(anonymous_390)
FNDA:0,(anonymous_391)
FNDA:0,(anonymous_392)
FNDA:0,(anonymous_393)
FNDA:0,(anonymous_394)
FNDA:0,(anonymous_395)
FNDA:0,(anonymous_396)
FNDA:0,(anonymous_397)
FNDA:0,(anonymous_398)
FNDA:0,(anonymous_399)
FNDA:0,(anonymous_400)
FNDA:0,(anonymous_401)
FNDA:0,(anonymous_402)
DA:17,1
DA:18,1
DA:19,1
DA:20,1
DA:22,1
DA:23,1
DA:24,1
DA:26,1
DA:27,1
DA:29,1
DA:30,1
DA:31,1
DA:32,1
DA:33,1
DA:34,1
DA:35,1
DA:36,1
DA:37,1
DA:39,1
DA:47,1
DA:61,0
DA:64,0
DA:65,0
DA:66,0
DA:67,0
DA:68,0
DA:69,0
DA:73,0
DA:78,0
DA:82,0
DA:86,0
DA:91,0
DA:92,0
DA:94,0
DA:95,0
DA:97,0
DA:100,0
DA:101,0
DA:106,0
DA:107,0
DA:113,0
DA:116,0
DA:118,0
DA:119,0
DA:122,0
DA:126,0
DA:127,0
DA:131,0
DA:133,0
DA:134,0
DA:135,0
DA:136,0
DA:137,0
DA:138,0
DA:139,0
DA:140,0
DA:141,0
DA:145,0
DA:151,0
DA:157,0
DA:162,0
DA:163,0
DA:164,0
DA:165,0
DA:168,0
DA:169,0
DA:170,0
DA:172,0
DA:173,0
DA:174,0
DA:175,0
DA:177,0
DA:180,0
DA:182,0
DA:183,0
DA:185,0
DA:186,0
DA:189,0
DA:193,0
DA:194,0
DA:200,0
DA:201,0
DA:203,0
DA:205,0
DA:207,0
DA:208,0
DA:211,0
DA:214,0
DA:215,0
DA:216,0
DA:222,0
DA:223,0
DA:226,0
DA:227,0
DA:228,0
DA:229,0
DA:231,0
DA:236,0
DA:237,0
DA:239,0
DA:242,0
DA:245,0
DA:246,0
DA:252,0
DA:254,0
DA:255,0
DA:256,0
DA:262,0
DA:263,0
DA:265,0
DA:266,0
DA:269,0
DA:270,0
DA:273,0
DA:282,1
DA:283,0
DA:284,0
DA:292,1
LF:118
LH:22
BRDA:66,0,0,0
BRDA:66,0,1,0
BRDA:94,1,0,0
BRDA:94,1,1,0
BRDA:113,2,0,0
BRDA:113,2,1,0
BRDA:116,3,0,0
BRDA:116,3,1,0
BRDA:118,4,0,0
BRDA:126,5,0,0
BRDA:135,6,0,0
BRDA:137,7,0,0
BRDA:137,7,1,0
BRDA:139,8,0,0
BRDA:168,9,0,0
BRDA:168,9,1,0
BRDA:173,10,0,0
BRDA:182,11,0,0
BRDA:182,12,0,0
BRDA:182,12,1,0
BRDA:185,13,0,0
BRDA:193,14,0,0
BRDA:193,15,0,0
BRDA:193,15,1,0
BRDA:207,16,0,0
BRDA:207,17,0,0
BRDA:207,17,1,0
BRDA:214,18,0,0
BRDA:222,19,0,0
BRDA:236,20,0,0
BRDA:265,21,0,0
BRDA:269,22,0,0
BRDA:269,23,0,0
BRDA:269,23,1,0
BRDA:269,23,2,0
BRF:35
BRH:0
end_of_record
TN:
SF:js\src\tab.js
FN:56,(anonymous_403)
FN:69,(anonymous_404)
FN:73,(anonymous_405)
FN:78,(anonymous_406)
FN:102,(anonymous_407)
FN:111,(anonymous_408)
FN:128,(anonymous_409)
FN:138,(anonymous_410)
FN:153,(anonymous_411)
FN:161,(anonymous_412)
FN:169,(anonymous_413)
FN:173,(anonymous_414)
FN:174,(anonymous_415)
FN:177,(anonymous_416)
FN:185,(anonymous_417)
FN:205,(anonymous_418)
FN:219,(anonymous_419)
FN:225,(anonymous_420)
FN:237,(anonymous_421)
FN:243,(anonymous_422)
FN:248,(anonymous_423)
FN:253,(anonymous_424)
FN:258,(anonymous_425)
FN:259,(anonymous_426)
FN:279,(anonymous_427)
FN:294,(anonymous_428)
FNF:26
FNH:0
FNDA:0,(anonymous_403)
FNDA:0,(anonymous_404)
FNDA:0,(anonymous_405)
FNDA:0,(anonymous_406)
FNDA:0,(anonymous_407)
FNDA:0,(anonymous_408)
FNDA:0,(anonymous_409)
FNDA:0,(anonymous_410)
FNDA:0,(anonymous_411)
FNDA:0,(anonymous_412)
FNDA:0,(anonymous_413)
FNDA:0,(anonymous_414)
FNDA:0,(anonymous_415)
FNDA:0,(anonymous_416)
FNDA:0,(anonymous_417)
FNDA:0,(anonymous_418)
FNDA:0,(anonymous_419)
FNDA:0,(anonymous_420)
FNDA:0,(anonymous_421)
FNDA:0,(anonymous_422)
FNDA:0,(anonymous_423)
FNDA:0,(anonymous_424)
FNDA:0,(anonymous_425)
FNDA:0,(anonymous_426)
FNDA:0,(anonymous_427)
FNDA:0,(anonymous_428)
DA:17,1
DA:18,1
DA:19,1
DA:21,1
DA:22,1
DA:23,1
DA:24,1
DA:25,1
DA:26,1
DA:27,1
DA:29,1
DA:30,1
DA:31,1
DA:32,1
DA:34,1
DA:35,1
DA:36,1
DA:37,1
DA:39,1
DA:40,1
DA:41,1
DA:43,1
DA:44,1
DA:45,1
DA:46,1
DA:47,1
DA:49,1
DA:57,0
DA:58,0
DA:60,0
DA:61,0
DA:67,0
DA:69,0
DA:74,0
DA:79,0
DA:80,0
DA:81,0
DA:85,0
DA:87,0
DA:91,0
DA:93,0
DA:94,0
DA:97,0
DA:98,0
DA:103,0
DA:104,0
DA:107,0
DA:109,0
DA:111,0
DA:112,0
DA:113,0
DA:114,0
DA:117,0
DA:118,0
DA:119,0
DA:120,0
DA:125,0
DA:129,0
DA:130,0
DA:133,0
DA:134,0
DA:136,0
DA:138,0
DA:139,0
DA:140,0
DA:141,0
DA:144,0
DA:145,0
DA:146,0
DA:147,0
DA:150,0
DA:154,0
DA:155,0
DA:158,0
DA:159,0
DA:160,0
DA:161,0
DA:163,0
DA:164,0
DA:165,0
DA:170,0
DA:174,0
DA:178,0
DA:180,0
DA:181,0
DA:186,0
DA:187,0
DA:188,0
DA:189,0
DA:191,0
DA:192,0
DA:195,0
DA:196,0
DA:199,0
DA:202,0
DA:206,0
DA:208,0
DA:209,0
DA:212,0
DA:214,0
DA:215,0
DA:220,0
DA:221,0
DA:222,0
DA:225,0
DA:226,0
DA:227,0
DA:228,0
DA:232,0
DA:233,0
DA:234,0
DA:238,0
DA:239,0
DA:244,0
DA:249,0
DA:254,0
DA:259,0
DA:260,0
DA:262,0
DA:263,0
DA:266,0
DA:267,0
DA:270,0
DA:279,1
DA:280,0
DA:281,0
DA:284,0
DA:285,0
DA:288,0
DA:294,1
DA:295,0
DA:296,0
DA:303,1
LF:133
LH:30
BRDA:60,0,0,0
BRDA:80,1,0,0
BRDA:87,2,0,0
BRDA:87,2,1,0
BRDA:93,3,0,0
BRDA:93,4,0,0
BRDA:93,4,1,0
BRDA:93,4,2,0
BRDA:103,5,0,0
BRDA:112,6,0,0
BRDA:129,7,0,0
BRDA:139,8,0,0
BRDA:154,9,0,0
BRDA:163,10,0,0
BRDA:174,11,0,0
BRDA:174,11,1,0
BRDA:191,12,0,0
BRDA:195,13,0,0
BRDA:208,14,0,0
BRDA:214,15,0,0
BRDA:221,16,0,0
BRDA:227,17,0,0
BRDA:238,18,0,0
BRDA:249,19,0,0
BRDA:249,19,1,0
BRDA:254,20,0,0
BRDA:254,20,1,0
BRDA:262,21,0,0
BRDA:266,22,0,0
BRDA:266,23,0,0
BRDA:266,23,1,0
BRDA:266,23,2,0
BRDA:280,24,0,0
BRDA:284,25,0,0
BRF:34
BRH:0
end_of_record
TN:
SF:js\src\toast.js
FN:52,(anonymous_429)
FN:62,(anonymous_430)
FN:66,(anonymous_431)
FN:70,(anonymous_432)
FN:75,(anonymous_433)
FN:88,(anonymous_434)
FN:102,(anonymous_435)
FN:113,(anonymous_436)
FN:123,(anonymous_437)
FN:133,(anonymous_438)
FN:139,(anonymous_439)
FN:148,(anonymous_440)
FN:153,(anonymous_441)
FN:185,(anonymous_442)
FN:186,(anonymous_443)
FN:187,(anonymous_444)
FN:188,(anonymous_445)
FN:189,(anonymous_446)
FN:192,(anonymous_447)
FN:198,(anonymous_448)
FN:199,(anonymous_449)
FNF:21
FNH:1
FNDA:0,(anonymous_429)
FNDA:0,(anonymous_430)
FNDA:0,(anonymous_431)
FNDA:2,(anonymous_432)
FNDA:0,(anonymous_433)
FNDA:0,(anonymous_434)
FNDA:0,(anonymous_435)
FNDA:0,(anonymous_436)
FNDA:0,(anonymous_437)
FNDA:0,(anonymous_438)
FNDA:0,(anonymous_439)
FNDA:0,(anonymous_440)
FNDA:0,(anonymous_441)
FNDA:0,(anonymous_442)
FNDA:0,(anonymous_443)
FNDA:0,(anonymous_444)
FNDA:0,(anonymous_445)
FNDA:0,(anonymous_446)
FNDA:0,(anonymous_447)
FNDA:0,(anonymous_448)
FNDA:0,(anonymous_449)
DA:17,1
DA:18,1
DA:19,1
DA:21,1
DA:22,1
DA:23,1
DA:24,1
DA:25,1
DA:26,1
DA:27,1
DA:28,1
DA:30,1
DA:31,1
DA:32,1
DA:33,1
DA:35,1
DA:41,1
DA:53,0
DA:55,0
DA:56,0
DA:57,0
DA:58,0
DA:63,0
DA:67,0
DA:71,2
DA:76,0
DA:78,0
DA:79,0
DA:82,0
DA:84,0
DA:85,0
DA:88,0
DA:89,0
DA:90,0
DA:92,0
DA:95,0
DA:96,0
DA:97,0
DA:99,0
DA:103,0
DA:104,0
DA:107,0
DA:109,0
DA:110,0
DA:113,0
DA:114,0
DA:115,0
DA:116,0
DA:119,0
DA:120,0
DA:124,0
DA:126,0
DA:127,0
DA:130,0
DA:134,0
DA:140,0
DA:141,0
DA:144,0
DA:145,0
DA:148,0
DA:149,0
DA:154,0
DA:157,0
DA:158,0
DA:163,0
DA:164,0
DA:172,0
DA:173,0
DA:174,0
DA:177,0
DA:178,0
DA:179,0
DA:182,0
DA:186,0
DA:187,0
DA:188,0
DA:189,0
DA:193,0
DA:194,0
DA:199,0
DA:200,0
DA:202,0
DA:203,0
DA:204,0
DA:207,0
DA:217,1
DA:223,1
LF:87
LH:20
BRDA:78,0,0,0
BRDA:84,1,0,0
BRDA:103,2,0,0
BRDA:109,3,0,0
BRDA:126,4,0,0
BRDA:140,5,0,0
BRDA:144,6,0,0
BRDA:144,7,0,0
BRDA:144,7,1,0
BRDA:154,8,0,0
BRDA:154,8,1,0
BRDA:154,8,2,0
BRDA:154,8,3,0
BRDA:172,9,0,0
BRDA:178,10,0,0
BRDA:178,11,0,0
BRDA:178,11,1,0
BRDA:202,12,0,0
BRDA:203,13,0,0
BRF:19
BRH:0
end_of_record
TN:
SF:js\src\tooltip.js
FN:104,(anonymous_324)
FN:131,(anonymous_325)
FN:135,(anonymous_326)
FN:139,(anonymous_327)
FN:144,(anonymous_328)
FN:148,(anonymous_329)
FN:152,(anonymous_330)
FN:156,(anonymous_331)
FN:170,(anonymous_332)
FN:183,(anonymous_333)
FN:228,(anonymous_334)
FN:241,(anonymous_335)
FN:267,(anonymous_336)
FN:283,(anonymous_337)
FN:290,(anonymous_338)
FN:294,(anonymous_339)
FN:302,(anonymous_340)
FN:325,(anonymous_341)
FN:333,(anonymous_342)
FN:349,(anonymous_343)
FN:355,(anonymous_344)
FN:360,(anonymous_345)
FN:364,(anonymous_346)
FN:368,(anonymous_347)
FN:372,(anonymous_348)
FN:378,(anonymous_349)
FN:382,(anonymous_350)
FN:386,(anonymous_351)
FN:392,(anonymous_352)
FN:396,(anonymous_353)
FN:428,(anonymous_354)
FN:443,(anonymous_355)
FN:448,(anonymous_356)
FN:460,(anonymous_357)
FN:465,(anonymous_358)
FN:475,(anonymous_359)
FN:484,(anonymous_360)
FN:499,(anonymous_361)
FN:507,(anonymous_362)
FN:514,(anonymous_363)
FN:521,(anonymous_364)
FN:528,(anonymous_365)
FN:533,(anonymous_366)
FN:537,(anonymous_367)
FN:556,(anonymous_368)
FN:577,(anonymous_369)
FN:595,(anonymous_370)
FN:608,(anonymous_371)
FN:609,(anonymous_372)
FNF:49
FNH:2
FNDA:0,(anonymous_324)
FNDA:1,(anonymous_325)
FNDA:1,(anonymous_326)
FNDA:0,(anonymous_327)
FNDA:0,(anonymous_328)
FNDA:0,(anonymous_329)
FNDA:0,(anonymous_330)
FNDA:0,(anonymous_331)
FNDA:0,(anonymous_332)
FNDA:0,(anonymous_333)
FNDA:0,(anonymous_334)
FNDA:0,(anonymous_335)
FNDA:0,(anonymous_336)
FNDA:0,(anonymous_337)
FNDA:0,(anonymous_338)
FNDA:0,(anonymous_339)
FNDA:0,(anonymous_340)
FNDA:0,(anonymous_341)
FNDA:0,(anonymous_342)
FNDA:0,(anonymous_343)
FNDA:0,(anonymous_344)
FNDA:0,(anonymous_345)
FNDA:0,(anonymous_346)
FNDA:0,(anonymous_347)
FNDA:0,(anonymous_348)
FNDA:0,(anonymous_349)
FNDA:0,(anonymous_350)
FNDA:0,(anonymous_351)
FNDA:0,(anonymous_352)
FNDA:0,(anonymous_353)
FNDA:0,(anonymous_354)
FNDA:0,(anonymous_355)
FNDA:0,(anonymous_356)
FNDA:0,(anonymous_357)
FNDA:0,(anonymous_358)
FNDA:0,(anonymous_359)
FNDA:0,(anonymous_360)
FNDA:0,(anonymous_361)
FNDA:0,(anonymous_362)
FNDA:0,(anonymous_363)
FNDA:0,(anonymous_364)
FNDA:0,(anonymous_365)
FNDA:0,(anonymous_366)
FNDA:0,(anonymous_367)
FNDA:0,(anonymous_368)
FNDA:0,(anonymous_369)
FNDA:0,(anonymous_370)
FNDA:0,(anonymous_371)
FNDA:0,(anonymous_372)
DA:20,1
DA:21,1
DA:23,1
DA:24,1
DA:25,1
DA:27,1
DA:28,1
DA:30,1
DA:32,1
DA:33,1
DA:34,1
DA:35,1
DA:37,1
DA:38,1
DA:39,1
DA:40,1
DA:41,1
DA:42,1
DA:43,1
DA:44,1
DA:45,1
DA:46,1
DA:48,1
DA:56,1
DA:79,1
DA:105,0
DA:106,0
DA:109,0
DA:112,0
DA:113,0
DA:114,0
DA:115,0
DA:116,0
DA:117,0
DA:118,0
DA:121,0
DA:123,0
DA:125,0
DA:126,0
DA:132,1
DA:136,1
DA:140,0
DA:145,0
DA:149,0
DA:153,0
DA:157,0
DA:158,0
DA:161,0
DA:162,0
DA:163,0
DA:164,0
DA:167,0
DA:171,0
DA:173,0
DA:175,0
DA:176,0
DA:179,0
DA:180,0
DA:184,0
DA:185,0
DA:188,0
DA:189,0
DA:192,0
DA:193,0
DA:194,0
DA:196,0
DA:197,0
DA:201,0
DA:203,0
DA:205,0
DA:207,0
DA:209,0
DA:210,0
DA:211,0
DA:214,0
DA:216,0
DA:222,0
DA:223,0
DA:224,0
DA:228,0
DA:229,0
DA:231,0
DA:232,0
DA:235,0
DA:238,0
DA:242,0
DA:243,0
DA:246,0
DA:247,0
DA:248,0
DA:251,0
DA:252,0
DA:256,0
DA:257,0
DA:258,0
DA:262,0
DA:263,0
DA:264,0
DA:265,0
DA:267,0
DA:268,0
DA:269,0
DA:272,0
DA:273,0
DA:276,0
DA:277,0
DA:280,0
DA:284,0
DA:285,0
DA:291,0
DA:295,0
DA:296,0
DA:299,0
DA:303,0
DA:306,0
DA:307,0
DA:310,0
DA:312,0
DA:314,0
DA:316,0
DA:318,0
DA:319,0
DA:322,0
DA:326,0
DA:327,0
DA:328,0
DA:329,0
DA:334,0
DA:335,0
DA:337,0
DA:346,0
DA:350,0
DA:356,0
DA:361,0
DA:365,0
DA:369,0
DA:373,0
DA:374,0
DA:375,0
DA:379,0
DA:381,0
DA:382,0
DA:385,0
DA:386,0
DA:389,0
DA:393,0
DA:397,0
DA:431,0
DA:437,0
DA:444,0
DA:446,0
DA:447,0
DA:448,0
DA:449,0
DA:450,0
DA:452,0
DA:453,0
DA:456,0
DA:460,0
DA:461,0
DA:462,0
DA:463,0
DA:465,0
DA:466,0
DA:467,0
DA:470,0
DA:475,0
DA:476,0
DA:477,0
DA:481,0
DA:485,0
DA:487,0
DA:488,0
DA:491,0
DA:492,0
DA:495,0
DA:496,0
DA:500,0
DA:501,0
DA:502,0
DA:505,0
DA:507,0
DA:508,0
DA:509,0
DA:515,0
DA:516,0
DA:519,0
DA:521,0
DA:522,0
DA:523,0
DA:529,0
DA:530,0
DA:534,0
DA:538,0
DA:540,0
DA:541,0
DA:542,0
DA:546,0
DA:550,0
DA:551,0
DA:552,0
DA:553,0
DA:557,0
DA:559,0
DA:560,0
DA:566,0
DA:567,0
DA:570,0
DA:571,0
DA:574,0
DA:578,0
DA:580,0
DA:581,0
DA:582,0
DA:586,0
DA:587,0
DA:592,0
DA:596,0
DA:597,0
DA:598,0
DA:601,0
DA:602,0
DA:603,0
DA:609,0
DA:610,0
DA:612,0
DA:613,0
DA:616,0
DA:617,0
DA:620,0
DA:629,1
LF:231
LH:28
BRDA:51,0,0,0
BRDA:51,0,1,1
BRDA:53,1,0,0
BRDA:53,1,1,1
BRDA:105,2,0,0
BRDA:125,3,0,0
BRDA:157,4,0,0
BRDA:162,5,0,0
BRDA:175,6,0,0
BRDA:184,7,0,0
BRDA:188,8,0,0
BRDA:188,9,0,0
BRDA:188,9,1,0
BRDA:194,10,0,0
BRDA:194,10,1,0
BRDA:196,11,0,0
BRDA:196,12,0,0
BRDA:196,12,1,0
BRDA:209,13,0,0
BRDA:222,14,0,0
BRDA:231,15,0,0
BRDA:242,16,0,0
BRDA:247,17,0,0
BRDA:256,18,0,0
BRDA:268,19,0,0
BRDA:272,20,0,0
BRDA:284,21,0,0
BRDA:295,22,0,0
BRDA:296,23,0,0
BRDA:296,23,1,0
BRDA:306,24,0,0
BRDA:318,25,0,0
BRDA:327,26,0,0
BRDA:334,27,0,0
BRDA:334,27,1,0
BRDA:356,28,0,0
BRDA:356,28,1,0
BRDA:365,29,0,0
BRDA:365,29,1,0
BRDA:365,29,2,0
BRDA:369,30,0,0
BRDA:369,30,1,0
BRDA:381,31,0,0
BRDA:385,32,0,0
BRDA:447,33,0,0
BRDA:447,33,1,0
BRDA:452,34,0,0
BRDA:453,35,0,0
BRDA:453,35,1,0
BRDA:456,36,0,0
BRDA:456,36,1,0
BRDA:462,37,0,0
BRDA:462,37,1,0
BRDA:467,38,0,0
BRDA:467,38,1,0
BRDA:476,39,0,0
BRDA:487,40,0,0
BRDA:491,41,0,0
BRDA:491,42,0,0
BRDA:491,42,1,0
BRDA:500,43,0,0
BRDA:500,44,0,0
BRDA:500,44,1,0
BRDA:508,45,0,0
BRDA:515,46,0,0
BRDA:522,47,0,0
BRDA:541,48,0,0
BRDA:548,49,0,0
BRDA:548,49,1,0
BRDA:548,50,0,0
BRDA:548,50,1,0
BRDA:557,51,0,0
BRDA:557,51,1,0
BRDA:559,52,0,0
BRDA:566,53,0,0
BRDA:570,54,0,0
BRDA:581,55,0,0
BRDA:596,56,0,0
BRDA:601,57,0,0
BRDA:612,58,0,0
BRDA:616,59,0,0
BRF:81
BRH:2
end_of_record
TN:
SF:js\src\dom\data.js
FN:15,(anonymous_4)
FN:33,(anonymous_5)
FN:41,(anonymous_6)
FNF:3
FNH:0
FNDA:0,(anonymous_4)
FNDA:0,(anonymous_5)
FNDA:0,(anonymous_6)
DA:12,1
DA:14,1
DA:16,0
DA:17,0
DA:20,0
DA:24,0
DA:26,0
DA:27,0
DA:30,0
DA:34,0
DA:35,0
DA:38,0
DA:42,0
DA:43,0
DA:46,0
DA:48,0
DA:51,0
DA:52,0
LF:18
LH:2
BRDA:16,0,0,0
BRDA:24,1,0,0
BRDA:24,2,0,0
BRDA:24,2,1,0
BRDA:34,3,0,0
BRDA:35,4,0,0
BRDA:35,4,1,0
BRDA:42,5,0,0
BRDA:51,6,0,0
BRF:9
BRH:0
end_of_record
TN:
SF:js\src\dom\event-handler.js
FN:77,makeEventUid
FN:81,getElementEvents
FN:90,bootstrapHandler
FN:91,handler
FN:102,bootstrapDelegationHandler
FN:103,handler
FN:124,findHandler
FN:126,(anonymous_38)
FN:129,normalizeParameters
FN:142,addHandler
FN:152,(anonymous_41)
FN:153,(anonymous_42)
FN:187,removeHandler
FN:198,removeNamespacedHandlers
FN:208,getTypeEvent
FN:215,(anonymous_46)
FN:219,(anonymous_47)
FN:223,(anonymous_48)
FN:259,(anonymous_49)
FN:300,hydrateObj
FN:307,(anonymous_51)
FNF:21
FNH:10
FNDA:40,makeEventUid
FNDA:20,getElementEvents
FNDA:7,bootstrapHandler
FNDA:0,handler
FNDA:13,bootstrapDelegationHandler
FNDA:0,handler
FNDA:20,findHandler
FNDA:73,(anonymous_38)
FNDA:20,normalizeParameters
FNDA:20,addHandler
FNDA:0,(anonymous_41)
FNDA:0,(anonymous_42)
FNDA:0,removeHandler
FNDA:0,removeNamespacedHandlers
FNDA:20,getTypeEvent
FNDA:20,(anonymous_46)
FNDA:0,(anonymous_47)
FNDA:0,(anonymous_48)
FNDA:0,(anonymous_49)
FNDA:0,hydrateObj
FNDA:0,(anonymous_51)
DA:14,1
DA:15,1
DA:16,1
DA:17,1
DA:18,1
DA:19,1
DA:24,1
DA:78,40
DA:82,20
DA:84,20
DA:85,20
DA:87,20
DA:91,7
DA:92,0
DA:94,0
DA:95,0
DA:98,0
DA:103,13
DA:104,0
DA:106,0
DA:107,0
DA:108,0
DA:109,0
DA:112,0
DA:114,0
DA:115,0
DA:118,0
DA:125,20
DA:126,73
DA:130,20
DA:132,20
DA:133,20
DA:135,20
DA:136,0
DA:139,20
DA:143,20
DA:144,0
DA:147,20
DA:151,20
DA:152,0
DA:153,0
DA:154,0
DA:155,0
DA:160,0
DA:163,20
DA:164,20
DA:165,20
DA:167,20
DA:168,0
DA:170,0
DA:173,20
DA:174,20
DA:178,20
DA:179,20
DA:180,20
DA:181,20
DA:182,20
DA:184,20
DA:188,0
DA:190,0
DA:191,0
DA:194,0
DA:195,0
DA:199,0
DA:201,0
DA:202,0
DA:203,0
DA:210,20
DA:211,20
DA:214,1
DA:216,20
DA:220,0
DA:224,0
DA:225,0
DA:228,0
DA:229,0
DA:230,0
DA:231,0
DA:232,0
DA:234,0
DA:236,0
DA:237,0
DA:240,0
DA:241,0
DA:244,0
DA:245,0
DA:246,0
DA:250,0
DA:251,0
DA:253,0
DA:254,0
DA:260,0
DA:261,0
DA:264,0
DA:265,0
DA:266,0
DA:268,0
DA:269,0
DA:270,0
DA:271,0
DA:273,0
DA:274,0
DA:276,0
DA:277,0
DA:278,0
DA:279,0
DA:282,0
DA:284,0
DA:285,0
DA:288,0
DA:289,0
DA:292,0
DA:293,0
DA:296,0
DA:301,0
DA:302,0
DA:303,0
DA:305,0
DA:308,0
DA:314,0
LF:120
LH:40
BRDA:78,0,0,40
BRDA:78,0,1,20
BRDA:78,0,2,20
BRDA:78,0,3,2
BRDA:85,1,0,20
BRDA:85,1,1,2
BRDA:94,2,0,0
BRDA:106,3,0,0
BRDA:106,3,1,0
BRDA:108,4,0,0
BRDA:114,5,0,0
BRDA:124,6,0,0
BRDA:126,7,0,73
BRDA:126,7,1,1
BRDA:132,8,0,13
BRDA:132,8,1,7
BRDA:132,9,0,7
BRDA:132,9,1,0
BRDA:135,10,0,0
BRDA:143,11,0,0
BRDA:143,12,0,20
BRDA:143,12,1,20
BRDA:151,13,0,0
BRDA:154,14,0,0
BRDA:154,15,0,0
BRDA:154,15,1,0
BRDA:154,15,2,0
BRDA:164,16,0,20
BRDA:164,16,1,5
BRDA:165,17,0,13
BRDA:165,17,1,7
BRDA:167,18,0,0
BRDA:168,19,0,0
BRDA:168,19,1,0
BRDA:174,20,0,13
BRDA:174,20,1,7
BRDA:178,21,0,13
BRDA:178,21,1,7
BRDA:190,22,0,0
BRDA:199,23,0,0
BRDA:199,23,1,0
BRDA:202,24,0,0
BRDA:211,25,0,20
BRDA:211,25,1,20
BRDA:224,26,0,0
BRDA:224,27,0,0
BRDA:224,27,1,0
BRDA:231,28,0,0
BRDA:231,28,1,0
BRDA:234,29,0,0
BRDA:236,30,0,0
BRDA:240,31,0,0
BRDA:240,31,1,0
BRDA:244,32,0,0
BRDA:253,33,0,0
BRDA:253,34,0,0
BRDA:253,34,1,0
BRDA:260,35,0,0
BRDA:260,36,0,0
BRDA:260,36,1,0
BRDA:273,37,0,0
BRDA:273,38,0,0
BRDA:273,38,1,0
BRDA:284,39,0,0
BRDA:288,40,0,0
BRDA:292,41,0,0
BRDA:292,42,0,0
BRDA:292,42,1,0
BRDA:300,43,0,0
BRF:69
BRH:23
end_of_record
TN:
SF:js\src\dom\manipulator.js
FN:8,normalizeData
FN:36,normalizeDataKey
FN:37,(anonymous_54)
FN:41,(anonymous_55)
FN:45,(anonymous_56)
FN:49,(anonymous_57)
FN:55,(anonymous_58)
FN:66,(anonymous_59)
FNF:8
FNH:0
FNDA:0,normalizeData
FNDA:0,normalizeDataKey
FNDA:0,(anonymous_54)
FNDA:0,(anonymous_55)
FNDA:0,(anonymous_56)
FNDA:0,(anonymous_57)
FNDA:0,(anonymous_58)
FNDA:0,(anonymous_59)
DA:9,0
DA:10,0
DA:13,0
DA:14,0
DA:17,0
DA:18,0
DA:21,0
DA:22,0
DA:25,0
DA:26,0
DA:29,0
DA:30,0
DA:32,0
DA:37,0
DA:40,1
DA:42,0
DA:46,0
DA:50,0
DA:51,0
DA:54,0
DA:55,0
DA:57,0
DA:58,0
DA:59,0
DA:60,0
DA:63,0
DA:67,0
LF:27
LH:1
BRDA:9,0,0,0
BRDA:13,1,0,0
BRDA:17,2,0,0
BRDA:21,3,0,0
BRDA:21,4,0,0
BRDA:21,4,1,0
BRDA:25,5,0,0
BRDA:50,6,0,0
BRDA:55,7,0,0
BRDA:55,7,1,0
BRF:10
BRH:0
end_of_record
TN:
SF:js\src\dom\selector-engine.js
FN:10,(anonymous_77)
FN:36,(anonymous_78)
FN:40,(anonymous_79)
FN:44,(anonymous_80)
FN:45,(anonymous_81)
FN:48,(anonymous_82)
FN:60,(anonymous_83)
FN:74,(anonymous_84)
FN:88,(anonymous_85)
FN:98,(anonymous_86)
FN:100,(anonymous_87)
FN:103,(anonymous_88)
FN:113,(anonymous_89)
FN:119,(anonymous_90)
FNF:14
FNH:0
FNDA:0,(anonymous_77)
FNDA:0,(anonymous_78)
FNDA:0,(anonymous_79)
FNDA:0,(anonymous_80)
FNDA:0,(anonymous_81)
FNDA:0,(anonymous_82)
FNDA:0,(anonymous_83)
FNDA:0,(anonymous_84)
FNDA:0,(anonymous_85)
FNDA:0,(anonymous_86)
FNDA:0,(anonymous_87)
FNDA:0,(anonymous_88)
FNDA:0,(anonymous_89)
FNDA:0,(anonymous_90)
DA:10,1
DA:11,0
DA:13,0
DA:14,0
DA:20,0
DA:21,0
DA:25,0
DA:26,0
DA:29,0
DA:32,0
DA:35,1
DA:37,0
DA:41,0
DA:45,0
DA:49,0
DA:50,0
DA:52,0
DA:53,0
DA:54,0
DA:57,0
DA:61,0
DA:63,0
DA:64,0
DA:65,0
DA:68,0
DA:71,0
DA:75,0
DA:77,0
DA:78,0
DA:79,0
DA:82,0
DA:85,0
DA:89,0
DA:98,0
DA:100,0
DA:104,0
DA:106,0
DA:107,0
DA:110,0
DA:114,0
DA:116,0
DA:120,0
DA:122,0
LF:43
LH:2
BRDA:13,0,0,0
BRDA:13,1,0,0
BRDA:13,1,1,0
BRDA:20,2,0,0
BRDA:20,3,0,0
BRDA:20,3,1,0
BRDA:20,3,2,0
BRDA:25,4,0,0
BRDA:25,5,0,0
BRDA:25,5,1,0
BRDA:29,6,0,0
BRDA:29,6,1,0
BRDA:29,7,0,0
BRDA:29,7,1,0
BRDA:36,8,0,0
BRDA:40,9,0,0
BRDA:64,10,0,0
BRDA:78,11,0,0
BRDA:100,12,0,0
BRDA:100,12,1,0
BRDA:106,13,0,0
BRDA:107,14,0,0
BRDA:107,14,1,0
BRDA:116,15,0,0
BRDA:116,15,1,0
BRDA:122,16,0,0
BRDA:122,16,1,0
BRF:27
BRH:0
end_of_record
TN:
SF:js\src\util\backdrop.js
FN:42,(anonymous_212)
FN:50,(anonymous_213)
FN:54,(anonymous_214)
FN:58,(anonymous_215)
FN:63,(anonymous_216)
FN:78,(anonymous_217)
FN:83,(anonymous_218)
FN:91,(anonymous_219)
FN:97,(anonymous_220)
FN:109,(anonymous_221)
FN:123,(anonymous_222)
FN:129,(anonymous_223)
FN:137,(anonymous_224)
FN:144,(anonymous_225)
FNF:14
FNH:0
FNDA:0,(anonymous_212)
FNDA:0,(anonymous_213)
FNDA:0,(anonymous_214)
FNDA:0,(anonymous_215)
FNDA:0,(anonymous_216)
FNDA:0,(anonymous_217)
FNDA:0,(anonymous_218)
FNDA:0,(anonymous_219)
FNDA:0,(anonymous_220)
FNDA:0,(anonymous_221)
FNDA:0,(anonymous_222)
FNDA:0,(anonymous_223)
FNDA:0,(anonymous_224)
FNDA:0,(anonymous_225)
DA:16,1
DA:17,1
DA:18,1
DA:19,1
DA:21,1
DA:29,1
DA:43,0
DA:44,0
DA:45,0
DA:46,0
DA:51,0
DA:55,0
DA:59,0
DA:64,0
DA:65,0
DA:66,0
DA:69,0
DA:71,0
DA:72,0
DA:73,0
DA:76,0
DA:78,0
DA:79,0
DA:84,0
DA:85,0
DA:86,0
DA:89,0
DA:91,0
DA:92,0
DA:93,0
DA:98,0
DA:99,0
DA:102,0
DA:104,0
DA:105,0
DA:110,0
DA:111,0
DA:112,0
DA:113,0
DA:114,0
DA:117,0
DA:120,0
DA:125,0
DA:126,0
DA:130,0
DA:131,0
DA:134,0
DA:135,0
DA:137,0
DA:138,0
DA:141,0
DA:145,0
LF:52
LH:6
BRDA:64,0,0,0
BRDA:72,1,0,0
BRDA:84,2,0,0
BRDA:98,3,0,0
BRDA:110,4,0,0
BRDA:113,5,0,0
BRDA:130,6,0,0
BRF:7
BRH:0
end_of_record
TN:
SF:js\src\util\component-functions.js
FN:12,(anonymous_91)
FN:16,(anonymous_92)
FNF:2
FNH:1
FNDA:4,(anonymous_91)
FNDA:0,(anonymous_92)
DA:12,1
DA:13,4
DA:14,4
DA:16,4
DA:17,0
DA:18,0
DA:21,0
DA:22,0
DA:25,0
DA:26,0
DA:29,0
LF:11
LH:4
BRDA:12,0,0,3
BRDA:17,1,0,0
BRDA:21,2,0,0
BRDA:25,3,0,0
BRDA:25,3,1,0
BRF:5
BRH:1
end_of_record
TN:
SF:js\src\util\config.js
FN:17,(anonymous_60)
FN:21,(anonymous_61)
FN:25,(anonymous_62)
FN:29,(anonymous_63)
FN:36,(anonymous_64)
FN:40,(anonymous_65)
FN:51,(anonymous_66)
FNF:7
FNH:0
FNDA:0,(anonymous_60)
FNDA:0,(anonymous_61)
FNDA:0,(anonymous_62)
FNDA:0,(anonymous_63)
FNDA:0,(anonymous_64)
FNDA:0,(anonymous_65)
FNDA:0,(anonymous_66)
DA:18,0
DA:22,0
DA:26,0
DA:30,0
DA:31,0
DA:32,0
DA:33,0
DA:37,0
DA:41,0
DA:43,0
DA:52,0
DA:53,0
DA:54,0
DA:56,0
DA:57,0
LF:15
LH:0
BRDA:41,0,0,0
BRDA:41,0,1,0
BRDA:45,1,0,0
BRDA:45,1,1,0
BRDA:46,2,0,0
BRDA:46,2,1,0
BRDA:47,3,0,0
BRDA:47,3,1,0
BRDA:51,4,0,0
BRDA:54,5,0,0
BRDA:54,5,1,0
BRDA:56,6,0,0
BRF:12
BRH:0
end_of_record
TN:
SF:js\src\util\focustrap.js
FN:41,(anonymous_226)
FN:49,(anonymous_227)
FN:53,(anonymous_228)
FN:57,(anonymous_229)
FN:62,(anonymous_230)
FN:72,(anonymous_231)
FN:73,(anonymous_232)
FN:78,(anonymous_233)
FN:88,(anonymous_234)
FN:106,(anonymous_235)
FNF:10
FNH:0
FNDA:0,(anonymous_226)
FNDA:0,(anonymous_227)
FNDA:0,(anonymous_228)
FNDA:0,(anonymous_229)
FNDA:0,(anonymous_230)
FNDA:0,(anonymous_231)
FNDA:0,(anonymous_232)
FNDA:0,(anonymous_233)
FNDA:0,(anonymous_234)
FNDA:0,(anonymous_235)
DA:16,1
DA:17,1
DA:18,1
DA:19,1
DA:20,1
DA:22,1
DA:23,1
DA:24,1
DA:26,1
DA:31,1
DA:42,0
DA:43,0
DA:44,0
DA:45,0
DA:50,0
DA:54,0
DA:58,0
DA:63,0
DA:64,0
DA:67,0
DA:68,0
DA:71,0
DA:72,0
DA:73,0
DA:75,0
DA:79,0
DA:80,0
DA:83,0
DA:84,0
DA:89,0
DA:91,0
DA:92,0
DA:95,0
DA:97,0
DA:98,0
DA:99,0
DA:100,0
DA:102,0
DA:107,0
DA:108,0
DA:111,0
LF:41
LH:10
BRDA:63,0,0,0
BRDA:67,1,0,0
BRDA:79,2,0,0
BRDA:91,3,0,0
BRDA:91,4,0,0
BRDA:91,4,1,0
BRDA:91,4,2,0
BRDA:97,5,0,0
BRDA:97,5,1,0
BRDA:99,6,0,0
BRDA:99,6,1,0
BRDA:107,7,0,0
BRDA:111,8,0,0
BRDA:111,8,1,0
BRF:14
BRH:0
end_of_record
TN:
SF:js\src\util\index.js
FN:17,(anonymous_7)
FN:20,(anonymous_8)
FN:27,(anonymous_9)
FN:39,(anonymous_10)
FN:47,(anonymous_11)
FN:70,(anonymous_12)
FN:74,(anonymous_13)
FN:86,(anonymous_14)
FN:99,(anonymous_15)
FN:126,(anonymous_16)
FN:142,(anonymous_17)
FN:165,(anonymous_18)
FN:175,(anonymous_19)
FN:179,(anonymous_20)
FN:189,(anonymous_21)
FN:193,(anonymous_22)
FN:206,(anonymous_23)
FN:208,(anonymous_24)
FN:209,(anonymous_25)
FN:225,(anonymous_26)
FN:229,(anonymous_27)
FN:240,(anonymous_28)
FN:251,(anonymous_29)
FN:267,(anonymous_30)
FNF:24
FNH:5
FNDA:0,(anonymous_7)
FNDA:0,(anonymous_8)
FNDA:0,(anonymous_9)
FNDA:0,(anonymous_10)
FNDA:0,(anonymous_11)
FNDA:0,(anonymous_12)
FNDA:0,(anonymous_13)
FNDA:0,(anonymous_14)
FNDA:0,(anonymous_15)
FNDA:0,(anonymous_16)
FNDA:0,(anonymous_17)
FNDA:0,(anonymous_18)
FNDA:0,(anonymous_19)
FNDA:12,(anonymous_20)
FNDA:12,(anonymous_21)
FNDA:0,(anonymous_22)
FNDA:8,(anonymous_23)
FNDA:12,(anonymous_24)
FNDA:12,(anonymous_25)
FNDA:0,(anonymous_26)
FNDA:0,(anonymous_27)
FNDA:0,(anonymous_28)
FNDA:0,(anonymous_29)
FNDA:0,(anonymous_30)
DA:8,1
DA:9,1
DA:10,1
DA:17,1
DA:18,0
DA:20,0
DA:23,0
DA:27,1
DA:28,0
DA:29,0
DA:32,0
DA:39,1
DA:40,0
DA:41,0
DA:44,0
DA:47,1
DA:48,0
DA:49,0
DA:53,0
DA:55,0
DA:56,0
DA:59,0
DA:60,0
DA:64,0
DA:65,0
DA:67,0
DA:70,1
DA:71,0
DA:74,1
DA:75,0
DA:76,0
DA:79,0
DA:80,0
DA:83,0
DA:86,1
DA:88,0
DA:89,0
DA:92,0
DA:93,0
DA:96,0
DA:99,1
DA:100,0
DA:101,0
DA:104,0
DA:106,0
DA:108,0
DA:109,0
DA:112,0
DA:113,0
DA:114,0
DA:115,0
DA:118,0
DA:119,0
DA:123,0
DA:126,1
DA:127,0
DA:128,0
DA:131,0
DA:132,0
DA:135,0
DA:136,0
DA:139,0
DA:142,1
DA:143,0
DA:144,0
DA:148,0
DA:149,0
DA:150,0
DA:153,0
DA:154,0
DA:158,0
DA:159,0
DA:162,0
DA:165,1
DA:175,1
DA:176,0
DA:179,1
DA:180,12
DA:181,0
DA:184,12
DA:187,1
DA:189,1
DA:190,12
DA:192,0
DA:193,0
DA:194,0
DA:195,0
DA:200,0
DA:202,12
DA:206,8
DA:208,1
DA:209,12
DA:210,12
DA:212,12
DA:225,1
DA:226,0
DA:229,1
DA:230,0
DA:231,0
DA:232,0
DA:235,0
DA:236,0
DA:238,0
DA:240,0
DA:241,0
DA:242,0
DA:245,0
DA:246,0
DA:247,0
DA:250,0
DA:251,0
DA:252,0
DA:253,0
DA:267,1
DA:268,0
DA:269,0
DA:273,0
DA:274,0
DA:277,0
DA:279,0
DA:280,0
DA:283,0
LF:122
LH:30
BRDA:18,0,0,0
BRDA:18,1,0,0
BRDA:18,1,1,0
BRDA:18,1,2,0
BRDA:28,2,0,0
BRDA:28,3,0,0
BRDA:28,3,1,0
BRDA:48,4,0,0
BRDA:59,5,0,0
BRDA:59,6,0,0
BRDA:59,6,1,0
BRDA:75,7,0,0
BRDA:75,8,0,0
BRDA:75,8,1,0
BRDA:79,9,0,0
BRDA:88,10,0,0
BRDA:89,11,0,0
BRDA:89,11,1,0
BRDA:92,12,0,0
BRDA:92,13,0,0
BRDA:92,13,1,0
BRDA:100,14,0,0
BRDA:100,15,0,0
BRDA:100,15,1,0
BRDA:108,16,0,0
BRDA:112,17,0,0
BRDA:114,18,0,0
BRDA:114,19,0,0
BRDA:114,19,1,0
BRDA:118,20,0,0
BRDA:127,21,0,0
BRDA:127,22,0,0
BRDA:127,22,1,0
BRDA:131,23,0,0
BRDA:135,24,0,0
BRDA:139,25,0,0
BRDA:139,25,1,0
BRDA:143,26,0,0
BRDA:148,27,0,0
BRDA:150,28,0,0
BRDA:150,28,1,0
BRDA:153,29,0,0
BRDA:158,30,0,0
BRDA:180,31,0,0
BRDA:180,32,0,12
BRDA:180,32,1,0
BRDA:190,33,0,0
BRDA:190,33,1,12
BRDA:192,34,0,0
BRDA:225,35,0,0
BRDA:225,36,0,0
BRDA:226,37,0,0
BRDA:226,37,1,0
BRDA:229,38,0,0
BRDA:230,39,0,0
BRDA:241,40,0,0
BRDA:252,41,0,0
BRDA:273,42,0,0
BRDA:274,43,0,0
BRDA:274,43,1,0
BRDA:274,44,0,0
BRDA:274,44,1,0
BRDA:277,45,0,0
BRDA:277,45,1,0
BRDA:279,46,0,0
BRF:65
BRH:2
end_of_record
TN:
SF:js\src\util\sanitizer.js
FN:33,(anonymous_305)
FN:45,(anonymous_306)
FN:46,(anonymous_307)
FN:87,sanitizeHtml
FNF:4
FNH:0
FNDA:0,(anonymous_305)
FNDA:0,(anonymous_306)
FNDA:0,(anonymous_307)
FNDA:0,sanitizeHtml
DA:8,1
DA:24,1
DA:31,1
DA:33,1
DA:34,0
DA:36,0
DA:37,0
DA:38,0
DA:41,0
DA:45,0
DA:46,0
DA:50,1
DA:52,1
DA:88,0
DA:89,0
DA:92,0
DA:93,0
DA:96,0
DA:97,0
DA:98,0
DA:100,0
DA:101,0
DA:103,0
DA:104,0
DA:106,0
DA:109,0
DA:110,0
DA:112,0
DA:113,0
DA:114,0
DA:119,0
LF:31
LH:6
BRDA:36,0,0,0
BRDA:37,1,0,0
BRDA:38,2,0,0
BRDA:38,2,1,0
BRDA:88,3,0,0
BRDA:92,4,0,0
BRDA:92,5,0,0
BRDA:92,5,1,0
BRDA:103,6,0,0
BRDA:110,7,0,0
BRDA:110,7,1,0
BRDA:110,8,0,0
BRDA:110,8,1,0
BRDA:113,9,0,0
BRF:14
BRH:0
end_of_record
TN:
SF:js\src\util\scrollbar.js
FN:26,(anonymous_236)
FN:31,(anonymous_237)
FN:37,(anonymous_238)
FN:41,(anonymous_239)
FN:43,(anonymous_240)
FN:44,(anonymous_241)
FN:47,(anonymous_242)
FN:54,(anonymous_243)
FN:59,(anonymous_244)
FN:64,(anonymous_245)
FN:66,(anonymous_246)
FN:79,(anonymous_247)
FN:86,(anonymous_248)
FN:87,(anonymous_249)
FN:102,(anonymous_250)
FNF:15
FNH:0
FNDA:0,(anonymous_236)
FNDA:0,(anonymous_237)
FNDA:0,(anonymous_238)
FNDA:0,(anonymous_239)
FNDA:0,(anonymous_240)
FNDA:0,(anonymous_241)
FNDA:0,(anonymous_242)
FNDA:0,(anonymous_243)
FNDA:0,(anonymous_244)
FNDA:0,(anonymous_245)
FNDA:0,(anonymous_246)
FNDA:0,(anonymous_247)
FNDA:0,(anonymous_248)
FNDA:0,(anonymous_249)
FNDA:0,(anonymous_250)
DA:16,1
DA:17,1
DA:18,1
DA:19,1
DA:27,0
DA:33,0
DA:34,0
DA:38,0
DA:39,0
DA:41,0
DA:43,0
DA:44,0
DA:48,0
DA:49,0
DA:50,0
DA:51,0
DA:55,0
DA:60,0
DA:61,0
DA:65,0
DA:66,0
DA:67,0
DA:68,0
DA:71,0
DA:72,0
DA:73,0
DA:76,0
DA:80,0
DA:81,0
DA:82,0
DA:87,0
DA:88,0
DA:90,0
DA:91,0
DA:92,0
DA:95,0
DA:96,0
DA:99,0
DA:103,0
DA:104,0
DA:105,0
DA:108,0
DA:109,0
LF:43
LH:4
BRDA:67,0,0,0
BRDA:67,1,0,0
BRDA:67,1,1,0
BRDA:81,2,0,0
BRDA:90,3,0,0
BRDA:103,4,0,0
BRF:6
BRH:0
end_of_record
TN:
SF:js\src\util\swipe.js
FN:45,(anonymous_104)
FN:60,(anonymous_105)
FN:64,(anonymous_106)
FN:68,(anonymous_107)
FN:73,(anonymous_108)
FN:78,(anonymous_109)
FN:90,(anonymous_110)
FN:99,(anonymous_111)
FN:105,(anonymous_112)
FN:123,(anonymous_113)
FN:125,(anonymous_114)
FN:126,(anonymous_115)
FN:130,(anonymous_116)
FN:131,(anonymous_117)
FN:132,(anonymous_118)
FN:136,(anonymous_119)
FN:141,(anonymous_120)
FNF:17
FNH:0
FNDA:0,(anonymous_104)
FNDA:0,(anonymous_105)
FNDA:0,(anonymous_106)
FNDA:0,(anonymous_107)
FNDA:0,(anonymous_108)
FNDA:0,(anonymous_109)
FNDA:0,(anonymous_110)
FNDA:0,(anonymous_111)
FNDA:0,(anonymous_112)
FNDA:0,(anonymous_113)
FNDA:0,(anonymous_114)
FNDA:0,(anonymous_115)
FNDA:0,(anonymous_116)
FNDA:0,(anonymous_117)
FNDA:0,(anonymous_118)
FNDA:0,(anonymous_119)
FNDA:0,(anonymous_120)
DA:16,1
DA:17,1
DA:18,1
DA:19,1
DA:20,1
DA:21,1
DA:22,1
DA:23,1
DA:24,1
DA:25,1
DA:26,1
DA:28,1
DA:34,1
DA:46,0
DA:47,0
DA:49,0
DA:50,0
DA:53,0
DA:54,0
DA:55,0
DA:56,0
DA:61,0
DA:65,0
DA:69,0
DA:74,0
DA:79,0
DA:80,0
DA:82,0
DA:85,0
DA:86,0
DA:91,0
DA:92,0
DA:95,0
DA:96,0
DA:100,0
DA:106,0
DA:108,0
DA:109,0
DA:112,0
DA:114,0
DA:116,0
DA:117,0
DA:120,0
DA:124,0
DA:125,0
DA:126,0
DA:128,0
DA:130,0
DA:131,0
DA:132,0
DA:137,0
DA:142,0
LF:52
LH:13
BRDA:49,0,0,0
BRDA:49,1,0,0
BRDA:49,1,1,0
BRDA:79,2,0,0
BRDA:85,3,0,0
BRDA:91,4,0,0
BRDA:100,5,0,0
BRDA:100,5,1,0
BRDA:100,6,0,0
BRDA:100,6,1,0
BRDA:108,7,0,0
BRDA:116,8,0,0
BRDA:120,9,0,0
BRDA:120,9,1,0
BRDA:124,10,0,0
BRDA:124,10,1,0
BRDA:137,11,0,0
BRDA:137,11,1,0
BRDA:137,11,2,0
BRDA:142,12,0,0
BRDA:142,12,1,0
BRF:21
BRH:0
end_of_record
TN:
SF:js\src\util\template-factory.js
FN:49,(anonymous_309)
FN:55,(anonymous_310)
FN:59,(anonymous_311)
FN:63,(anonymous_312)
FN:68,(anonymous_313)
FN:70,(anonymous_314)
FN:74,(anonymous_315)
FN:78,(anonymous_316)
FN:84,(anonymous_317)
FN:103,(anonymous_318)
FN:108,(anonymous_319)
FN:114,(anonymous_320)
FN:141,(anonymous_321)
FN:145,(anonymous_322)
FN:149,(anonymous_323)
FNF:15
FNH:0
FNDA:0,(anonymous_309)
FNDA:0,(anonymous_310)
FNDA:0,(anonymous_311)
FNDA:0,(anonymous_312)
FNDA:0,(anonymous_313)
FNDA:0,(anonymous_314)
FNDA:0,(anonymous_315)
FNDA:0,(anonymous_316)
FNDA:0,(anonymous_317)
FNDA:0,(anonymous_318)
FNDA:0,(anonymous_319)
FNDA:0,(anonymous_320)
FNDA:0,(anonymous_321)
FNDA:0,(anonymous_322)
FNDA:0,(anonymous_323)
DA:17,1
DA:19,1
DA:29,1
DA:39,1
DA:50,0
DA:51,0
DA:56,0
DA:60,0
DA:64,0
DA:69,0
DA:70,0
DA:75,0
DA:79,0
DA:80,0
DA:81,0
DA:85,0
DA:86,0
DA:88,0
DA:89,0
DA:92,0
DA:93,0
DA:95,0
DA:96,0
DA:99,0
DA:104,0
DA:105,0
DA:109,0
DA:110,0
DA:115,0
DA:117,0
DA:118,0
DA:121,0
DA:123,0
DA:124,0
DA:125,0
DA:128,0
DA:129,0
DA:130,0
DA:133,0
DA:134,0
DA:135,0
DA:138,0
DA:142,0
DA:146,0
DA:150,0
DA:151,0
DA:152,0
DA:153,0
DA:156,0
LF:49
LH:4
BRDA:95,0,0,0
BRDA:117,1,0,0
BRDA:123,2,0,0
BRDA:128,3,0,0
BRDA:133,4,0,0
BRDA:142,5,0,0
BRDA:142,5,1,0
BRDA:150,6,0,0
BRF:8
BRH:0
end_of_record
